Using pre-set license
Built from '2023.2/staging' branch; Version is '2023.2.20f1 (0e25a174756c) revision 927137'; Using compiler version '193431935'; Build Type 'Release'
OS: 'Windows 11  (10.0.22631) 64bit CoreSingleLanguage' Language: 'pt' Physical Memory: 23916 MB
BatchMode: 1, IsHumanControllingUs: 0, StartBugReporterOnCrash: 0, Is64bit: 1, IsPro: 1

COMMAND LINE ARGUMENTS:
C:\Program Files\Unity\Hub\Editor\2023.2.20f1\Editor\Unity.exe
-adb2
-batchMode
-noUpm
-name
AssetImportWorker24
-projectPath
C:/Users/amsar/Sobrevivencia
-logFile
Logs/AssetImportWorker24.log
-srvPort
53907
-job-worker-count
7
-background-job-worker-count
8
-asset-garbage-collectors
1
Successfully changed project path to: C:/Users/amsar/Sobrevivencia
C:/Users/amsar/Sobrevivencia
[UnityMemory] Configuration Parameters - Can be set up in boot.config
    "memorysetup-bucket-allocator-granularity=16"
    "memorysetup-bucket-allocator-bucket-count=8"
    "memorysetup-bucket-allocator-block-size=33554432"
    "memorysetup-bucket-allocator-block-count=8"
    "memorysetup-main-allocator-block-size=16777216"
    "memorysetup-thread-allocator-block-size=16777216"
    "memorysetup-gfx-main-allocator-block-size=16777216"
    "memorysetup-gfx-thread-allocator-block-size=16777216"
    "memorysetup-cache-allocator-block-size=4194304"
    "memorysetup-typetree-allocator-block-size=2097152"
    "memorysetup-profiler-bucket-allocator-granularity=16"
    "memorysetup-profiler-bucket-allocator-bucket-count=8"
    "memorysetup-profiler-bucket-allocator-block-size=33554432"
    "memorysetup-profiler-bucket-allocator-block-count=8"
    "memorysetup-profiler-allocator-block-size=16777216"
    "memorysetup-profiler-editor-allocator-block-size=1048576"
    "memorysetup-temp-allocator-size-main=16777216"
    "memorysetup-job-temp-allocator-block-size=2097152"
    "memorysetup-job-temp-allocator-block-size-background=1048576"
    "memorysetup-job-temp-allocator-reduction-small-platforms=262144"
    "memorysetup-allocator-temp-initial-block-size-main=262144"
    "memorysetup-allocator-temp-initial-block-size-worker=262144"
    "memorysetup-temp-allocator-size-background-worker=32768"
    "memorysetup-temp-allocator-size-job-worker=262144"
    "memorysetup-temp-allocator-size-preload-manager=33554432"
    "memorysetup-temp-allocator-size-nav-mesh-worker=65536"
    "memorysetup-temp-allocator-size-audio-worker=65536"
    "memorysetup-temp-allocator-size-cloud-worker=32768"
    "memorysetup-temp-allocator-size-gi-baking-worker=262144"
    "memorysetup-temp-allocator-size-gi-baking-worker=262144"
    "memorysetup-temp-allocator-size-gi-baking-worker=262144"
    "memorysetup-temp-allocator-size-gi-baking-worker=262144"
    "memorysetup-temp-allocator-size-gfx=262144"
Player connection [12752] Host "[IP] 192.168.56.1 [Port] 0 [Flags] 2 [Guid] 776342567 [EditorId] 776342567 [Version] 1048832 [Id] WindowsEditor(7,Marcos) [Debug] 1 [PackageName] WindowsEditor [ProjectName] Editor" joined multi-casting on [225.0.0.222:54997]...
Player connection [12752] Host "[IP] 192.168.56.1 [Port] 0 [Flags] 2 [Guid] 776342567 [EditorId] 776342567 [Version] 1048832 [Id] WindowsEditor(7,Marcos) [Debug] 1 [PackageName] WindowsEditor [ProjectName] Editor" joined alternative multi-casting on [225.0.0.222:34997]...
JobSystem: Creating JobQueue using job-worker-count value 7
[Physics::Module] Initialized MultithreadedJobDispatcher with 7 workers.
Library Redirect Path: Library/
Refreshing native plugins compatible for Editor in 3.61 ms, found 3 plugins.
Preloading 0 native plugins for Editor in 0.00 ms.
Initialize engine version: 2023.2.20f1 (0e25a174756c)
[Subsystems] Discovering subsystems at path C:/Program Files/Unity/Hub/Editor/2023.2.20f1/Editor/Data/Resources/UnitySubsystems
[Subsystems] Discovering subsystems at path C:/Users/amsar/Sobrevivencia/Assets
GfxDevice: creating device client; kGfxThreadingModeNonThreaded
Direct3D:
    Version:  Direct3D 11.0 [level 11.1]
    Renderer: NVIDIA GeForce GTX 1650 (ID=0x1f9d)
    Vendor:   NVIDIA
    VRAM:     3950 MB
    Driver:   31.0.15.3734
Initialize mono
Mono path[0] = 'C:/Program Files/Unity/Hub/Editor/2023.2.20f1/Editor/Data/Managed'
Mono path[1] = 'C:/Program Files/Unity/Hub/Editor/2023.2.20f1/Editor/Data/MonoBleedingEdge/lib/mono/unityjit-win32'
Mono config path = 'C:/Program Files/Unity/Hub/Editor/2023.2.20f1/Editor/Data/MonoBleedingEdge/etc'
Using monoOptions --debugger-agent=transport=dt_socket,embedding=1,server=y,suspend=n,address=127.0.0.1:56020
Begin MonoManager ReloadAssembly
Registering precompiled unity dll's ...
Register platform support module: C:/Program Files/Unity/Hub/Editor/2023.2.20f1/Editor/Data/PlaybackEngines/WebGLSupport/UnityEditor.WebGL.Extensions.dll
Register platform support module: C:/Program Files/Unity/Hub/Editor/2023.2.20f1/Editor/Data/PlaybackEngines/WindowsStandaloneSupport/UnityEditor.WindowsStandalone.Extensions.dll
Registered in 0.016882 seconds.
- Loaded All Assemblies, in  1.257 seconds
Native extension for WindowsStandalone target not found
Native extension for WebGL target not found
Mono: successfully reloaded assembly
- Finished resetting the current domain, in  0.811 seconds
Domain Reload Profiling: 2060ms
	BeginReloadAssembly (563ms)
		ExecutionOrderSort (0ms)
		DisableScriptedObjects (0ms)
		BackupInstance (0ms)
		ReleaseScriptingObjects (0ms)
		CreateAndSetChildDomain (2ms)
	RebuildCommonClasses (103ms)
	RebuildNativeTypeToScriptingClass (26ms)
	initialDomainReloadingComplete (147ms)
	LoadAllAssembliesAndSetupDomain (409ms)
		LoadAssemblies (550ms)
		RebuildTransferFunctionScriptingTraits (0ms)
		AnalyzeDomain (403ms)
			TypeCache.Refresh (400ms)
				TypeCache.ScanAssembly (372ms)
			BuildScriptInfoCaches (0ms)
			ResolveRequiredComponents (1ms)
	FinalizeReload (812ms)
		ReleaseScriptCaches (0ms)
		RebuildScriptCaches (0ms)
		SetupLoadedEditorAssemblies (676ms)
			LogAssemblyErrors (0ms)
			InitializePlatformSupportModulesInManaged (31ms)
			SetLoadedEditorAssemblies (14ms)
			BeforeProcessingInitializeOnLoad (15ms)
			ProcessInitializeOnLoadAttributes (491ms)
			ProcessInitializeOnLoadMethodAttributes (124ms)
			AfterProcessingInitializeOnLoad (0ms)
			EditorAssembliesLoaded (0ms)
		ExecutionOrderSort2 (0ms)
		AwakeInstancesAfterBackupRestoration (0ms)
========================================================================
Worker process is ready to serve import requests
Import Worker Mode flag is 0x00
Begin MonoManager ReloadAssembly
Symbol file LoadedFromMemory doesn't match image C:\Users\amsar\Sobrevivencia\Library\PackageCache\com.unity.visualscripting@1.8.0\Editor\VisualScripting.Core\Dependencies\YamlDotNet\Unity.VisualScripting.YamlDotNet.dll
Symbol file LoadedFromMemory doesn't match image C:\Users\amsar\Sobrevivencia\Library\PackageCache\com.unity.visualscripting@1.8.0\Editor\VisualScripting.Core\Dependencies\DotNetZip\Unity.VisualScripting.IonicZip.dll
Asset path could not be found for script compilation file '/Assets/Forst/Conifers [BOTD]/Installer/Editor/ConifersInstaller.cs'
Asset path could not be found for script compilation file '/Assets/Forst/Conifers [BOTD]/Installer/Editor/LaunchConifersInstaller.cs'
Asset path could not be found for script compilation file '/Assets/Forst/CTI Runtime Components/CTI Runtime Components BIRP/Scripts/Editor/CTI_AdvancedEdgeFluttering.cs'
Asset path could not be found for script compilation file '/Assets/Forst/CTI Runtime Components/CTI Runtime Components BIRP/Scripts/Editor/CTI_DetailsEnum.cs'
Asset path could not be found for script compilation file '/Assets/Forst/CTI Runtime Components/CTI Runtime Components BIRP/Scripts/Editor/CTI_ShaderGUI.cs'
- Loaded All Assemblies, in  2.206 seconds
Refreshing native plugins compatible for Editor in 2.18 ms, found 3 plugins.
Native extension for WindowsStandalone target not found
Native extension for WebGL target not found
Mono: successfully reloaded assembly
- Finished resetting the current domain, in  1.715 seconds
Domain Reload Profiling: 3905ms
	BeginReloadAssembly (1007ms)
		ExecutionOrderSort (0ms)
		DisableScriptedObjects (16ms)
		BackupInstance (0ms)
		ReleaseScriptingObjects (0ms)
		CreateAndSetChildDomain (70ms)
	RebuildCommonClasses (87ms)
	RebuildNativeTypeToScriptingClass (26ms)
	initialDomainReloadingComplete (107ms)
	LoadAllAssembliesAndSetupDomain (961ms)
		LoadAssemblies (752ms)
		RebuildTransferFunctionScriptingTraits (0ms)
		AnalyzeDomain (403ms)
			TypeCache.Refresh (344ms)
				TypeCache.ScanAssembly (318ms)
			BuildScriptInfoCaches (41ms)
			ResolveRequiredComponents (14ms)
	FinalizeReload (1717ms)
		ReleaseScriptCaches (0ms)
		RebuildScriptCaches (0ms)
		SetupLoadedEditorAssemblies (1227ms)
			LogAssemblyErrors (0ms)
			InitializePlatformSupportModulesInManaged (8ms)
			SetLoadedEditorAssemblies (7ms)
			BeforeProcessingInitializeOnLoad (117ms)
			ProcessInitializeOnLoadAttributes (1010ms)
			ProcessInitializeOnLoadMethodAttributes (60ms)
			AfterProcessingInitializeOnLoad (24ms)
			EditorAssembliesLoaded (0ms)
		ExecutionOrderSort2 (0ms)
		AwakeInstancesAfterBackupRestoration (37ms)
Launched and connected shader compiler UnityShaderCompiler.exe after 0.05 seconds
Refreshing native plugins compatible for Editor in 2.78 ms, found 3 plugins.
Preloading 0 native plugins for Editor in 0.00 ms.
Unloading 97 Unused Serialized files (Serialized files now loaded: 0)
Unloading 3222 unused Assets / (1.5 MB). Loaded Objects now: 3921.
Memory consumption went from 173.0 MB to 171.5 MB.
Total: 10.736600 ms (FindLiveObjects: 0.712700 ms CreateObjectMapping: 0.382200 ms MarkObjects: 7.600100 ms  DeleteObjects: 2.039500 ms)

========================================================================
Received Import Request.
  Time since last request: 758085.046502 seconds.
  path: Assets/Pacotes/Sci Fi Modular Pack/Prefabs/Door.prefab
  artifactKey: Guid(ed1bebb042e3147168587ddcb4481d92) Importer(815301076,1909f56bfc062723c751e8b465ee728b)
Start importing Assets/Pacotes/Sci Fi Modular Pack/Prefabs/Door.prefab using Guid(ed1bebb042e3147168587ddcb4481d92) Importer(815301076,1909f56bfc062723c751e8b465ee728b) (PreviewImporter) -> (artifact id: '3affd1f45fb30f93fc84e23ee642b5e3') in 0.5922867 seconds
Number of updated asset objects reloaded before import = 0Number of asset objects unloaded after import = 18

========================================================================
Received Import Request.
  Time since last request: 4.826783 seconds.
  path: Assets/Pacotes/Sci Fi Modular Pack/Models/Door.fbx
  artifactKey: Guid(52ffe8b9376da4ad7a8bde419cebdb1c) Importer(815301076,1909f56bfc062723c751e8b465ee728b)
Start importing Assets/Pacotes/Sci Fi Modular Pack/Models/Door.fbx using Guid(52ffe8b9376da4ad7a8bde419cebdb1c) Importer(815301076,1909f56bfc062723c751e8b465ee728b) (PreviewImporter) -> (artifact id: '0c06ecb6369a1be43c8da578c960659e') in 0.1305264 seconds
Number of updated asset objects reloaded before import = 0Number of asset objects unloaded after import = 9

========================================================================
Received Import Request.
  Time since last request: 0.000037 seconds.
  path: Assets/Pacotes/Sci Fi Modular Pack/Models/ProfileEnd.fbx
  artifactKey: Guid(781366a0680514386a12dbbfb39240fe) Importer(815301076,1909f56bfc062723c751e8b465ee728b)
Start importing Assets/Pacotes/Sci Fi Modular Pack/Models/ProfileEnd.fbx using Guid(781366a0680514386a12dbbfb39240fe) Importer(815301076,1909f56bfc062723c751e8b465ee728b) (PreviewImporter) -> (artifact id: '44dae7c6a04ba22780d8ced417f5bdcd') in 0.0332004 seconds
Number of updated asset objects reloaded before import = 0Number of asset objects unloaded after import = 8

========================================================================
Received Import Request.
  Time since last request: 0.000039 seconds.
  path: Assets/Pacotes/Sci Fi Modular Pack/Models/Light2.fbx
  artifactKey: Guid(a0f3b42cacb5346a4a0f4d6764ef9e0f) Importer(815301076,1909f56bfc062723c751e8b465ee728b)
Start importing Assets/Pacotes/Sci Fi Modular Pack/Models/Light2.fbx using Guid(a0f3b42cacb5346a4a0f4d6764ef9e0f) Importer(815301076,1909f56bfc062723c751e8b465ee728b) (PreviewImporter) -> (artifact id: '081bb99566c2ba6e6c5945fd93164147') in 0.0347428 seconds
Number of updated asset objects reloaded before import = 0Number of asset objects unloaded after import = 8

========================================================================
Received Import Request.
  Time since last request: 0.000034 seconds.
  path: Assets/Pacotes/Sci Fi Modular Pack/Models/WallDoor.fbx
  artifactKey: Guid(2397a4829f3474e8e915261f01fda47d) Importer(815301076,1909f56bfc062723c751e8b465ee728b)
Start importing Assets/Pacotes/Sci Fi Modular Pack/Models/WallDoor.fbx using Guid(2397a4829f3474e8e915261f01fda47d) Importer(815301076,1909f56bfc062723c751e8b465ee728b) (PreviewImporter) -> (artifact id: 'd44b8eb5bf78dc7c0c4fe92643d9491a') in 0.0326885 seconds
Number of updated asset objects reloaded before import = 0Number of asset objects unloaded after import = 8

========================================================================
Received Import Request.
  Time since last request: 0.000029 seconds.
  path: Assets/Pacotes/Sci Fi Modular Pack/Models/SideFloor1.fbx
  artifactKey: Guid(04e34a43446e24fc684e1f817bc72f43) Importer(815301076,1909f56bfc062723c751e8b465ee728b)
Start importing Assets/Pacotes/Sci Fi Modular Pack/Models/SideFloor1.fbx using Guid(04e34a43446e24fc684e1f817bc72f43) Importer(815301076,1909f56bfc062723c751e8b465ee728b) (PreviewImporter) -> (artifact id: 'fca349c36acba286cb067ce636577b98') in 0.0305431 seconds
Number of updated asset objects reloaded before import = 0Number of asset objects unloaded after import = 8

========================================================================
Received Import Request.
  Time since last request: 0.000025 seconds.
  path: Assets/Pacotes/Sci Fi Modular Pack/Models/ProfileWindow.fbx
  artifactKey: Guid(234c5d0c3948549bd9657592e4d58471) Importer(815301076,1909f56bfc062723c751e8b465ee728b)
Start importing Assets/Pacotes/Sci Fi Modular Pack/Models/ProfileWindow.fbx using Guid(234c5d0c3948549bd9657592e4d58471) Importer(815301076,1909f56bfc062723c751e8b465ee728b) (PreviewImporter) -> (artifact id: '0b848bb67d8db4aa05edec5a2953ad5a') in 0.1159703 seconds
Number of updated asset objects reloaded before import = 0Number of asset objects unloaded after import = 29

========================================================================
Received Import Request.
  Time since last request: 12303.622787 seconds.
  path: Assets/Pacotes/Mars Landscape 3D/Resources/Geometry/ML3D_Rocks_01.fbx
  artifactKey: Guid(3ddc61472d3f447bfb36a22d4488debd) Importer(815301076,1909f56bfc062723c751e8b465ee728b)
Start importing Assets/Pacotes/Mars Landscape 3D/Resources/Geometry/ML3D_Rocks_01.fbx using Guid(3ddc61472d3f447bfb36a22d4488debd) Importer(815301076,1909f56bfc062723c751e8b465ee728b) (PreviewImporter) -> (artifact id: '760a87b122fc90ec16f259046775d07e') in 0.0824177 seconds
Number of updated asset objects reloaded before import = 0Number of asset objects unloaded after import = 24

========================================================================
Received Import Request.
  Time since last request: 0.000038 seconds.
  path: Assets/Pacotes/Mars Landscape 3D/Resources/Geometry/TerrainData_3770eb72-1882-48ac-b2db-992f2e09ad22.asset
  artifactKey: Guid(60f43e6737b1725478f60dd8251d2391) Importer(815301076,1909f56bfc062723c751e8b465ee728b)
Start importing Assets/Pacotes/Mars Landscape 3D/Resources/Geometry/TerrainData_3770eb72-1882-48ac-b2db-992f2e09ad22.asset using Guid(60f43e6737b1725478f60dd8251d2391) Importer(815301076,1909f56bfc062723c751e8b465ee728b) (PreviewImporter) -> (artifact id: 'bdae87e78e68682e5f6f175a85d6ec4e') in 0.0407121 seconds
Number of updated asset objects reloaded before import = 0Number of asset objects unloaded after import = 3

========================================================================
Received Import Request.
  Time since last request: 0.000032 seconds.
  path: Assets/Pacotes/Mars Landscape 3D/Resources/Geometry/TerrainData_c827a6d8-9a9f-4d1b-a6b0-e1f72f5b997d.asset
  artifactKey: Guid(16ac1cea6f48e644e89aba06832dc292) Importer(815301076,1909f56bfc062723c751e8b465ee728b)
Start importing Assets/Pacotes/Mars Landscape 3D/Resources/Geometry/TerrainData_c827a6d8-9a9f-4d1b-a6b0-e1f72f5b997d.asset using Guid(16ac1cea6f48e644e89aba06832dc292) Importer(815301076,1909f56bfc062723c751e8b465ee728b) (PreviewImporter) -> (artifact id: 'c44e74c624b591dde223f9adf579566b') in 0.0234448 seconds
Number of updated asset objects reloaded before import = 0Number of asset objects unloaded after import = 3

========================================================================
Received Import Request.
  Time since last request: 0.000074 seconds.
  path: Assets/Pacotes/Mars Landscape 3D/Resources/Geometry/TerrainData_95b1b453-bbf7-4e60-9885-876a8aeb1a7a.asset
  artifactKey: Guid(bfb57303bf5ea664f8bbbbd7d0832f64) Importer(815301076,1909f56bfc062723c751e8b465ee728b)
Start importing Assets/Pacotes/Mars Landscape 3D/Resources/Geometry/TerrainData_95b1b453-bbf7-4e60-9885-876a8aeb1a7a.asset using Guid(bfb57303bf5ea664f8bbbbd7d0832f64) Importer(815301076,1909f56bfc062723c751e8b465ee728b) (PreviewImporter) -> (artifact id: '3aea941bf4686ba537d4b03c3e2854f7') in 0.0227923 seconds
Number of updated asset objects reloaded before import = 0Number of asset objects unloaded after import = 3

========================================================================
Received Import Request.
  Time since last request: 0.000042 seconds.
  path: Assets/Pacotes/Mars Landscape 3D/Resources/Geometry/Terrain.asset
  artifactKey: Guid(bcc00276e3c6f482bb6d47fd04ead463) Importer(815301076,1909f56bfc062723c751e8b465ee728b)
Start importing Assets/Pacotes/Mars Landscape 3D/Resources/Geometry/Terrain.asset using Guid(bcc00276e3c6f482bb6d47fd04ead463) Importer(815301076,1909f56bfc062723c751e8b465ee728b) (PreviewImporter)The tree ML3D_Rocks_02_04 must use the Nature/Soft Occlusion shader. Otherwise billboarding/lighting will not work correctly.
The tree ML3D_Rocks_02_03 must use the Nature/Soft Occlusion shader. Otherwise billboarding/lighting will not work correctly.
The tree ML3D_Rocks_02_02 must use the Nature/Soft Occlusion shader. Otherwise billboarding/lighting will not work correctly.
The tree ML3D_Rocks_02_01 must use the Nature/Soft Occlusion shader. Otherwise billboarding/lighting will not work correctly.
The tree ML3D_Rocks_02_00 must use the Nature/Soft Occlusion shader. Otherwise billboarding/lighting will not work correctly.
The tree ML3D_Rocks_00_02 must use the Nature/Soft Occlusion shader. Otherwise billboarding/lighting will not work correctly.
The tree ML3D_Rocks_00_01 must use the Nature/Soft Occlusion shader. Otherwise billboarding/lighting will not work correctly.
The tree ML3D_Rocks_01_02 must use the Nature/Soft Occlusion shader. Otherwise billboarding/lighting will not work correctly.
The tree ML3D_Rocks_01_03 must use the Nature/Soft Occlusion shader. Otherwise billboarding/lighting will not work correctly.
The tree ML3D_Rocks_01_01 must use the Nature/Soft Occlusion shader. Otherwise billboarding/lighting will not work correctly.
 -> (artifact id: 'a2714037abb93c966c911c6958c9c5c6') in 0.1570568 seconds
Number of updated asset objects reloaded before import = 0Number of asset objects unloaded after import = 87

========================================================================
Received Import Request.
  Time since last request: 20.734240 seconds.
  path: Assets/Pacotes/Mars Landscape 3D/Prefabs/ML3D_Rocks_00_03.prefab
  artifactKey: Guid(47020d386b9454617bc9f694b04dc18d) Importer(815301076,1909f56bfc062723c751e8b465ee728b)
Start importing Assets/Pacotes/Mars Landscape 3D/Prefabs/ML3D_Rocks_00_03.prefab using Guid(47020d386b9454617bc9f694b04dc18d) Importer(815301076,1909f56bfc062723c751e8b465ee728b) (PreviewImporter) -> (artifact id: '1abafbd27b82f3ebcc36b9a0be37dbb2') in 0.0611404 seconds
Number of updated asset objects reloaded before import = 0Number of asset objects unloaded after import = 14

========================================================================
Received Import Request.
  Time since last request: 57.884933 seconds.
  path: Assets/Pacotes/Mars Landscape 3D/Resources/Geometry/TerrainData_056400c8-eed0-49e5-8fe8-12bb6cbb7643.asset
  artifactKey: Guid(e591a62a54162dc4186f6b1ff023e6ee) Importer(815301076,1909f56bfc062723c751e8b465ee728b)
Start importing Assets/Pacotes/Mars Landscape 3D/Resources/Geometry/TerrainData_056400c8-eed0-49e5-8fe8-12bb6cbb7643.asset using Guid(e591a62a54162dc4186f6b1ff023e6ee) Importer(815301076,1909f56bfc062723c751e8b465ee728b) (PreviewImporter) -> (artifact id: '744d7ab74a195de41108169fb63a9d50') in 0.0227608 seconds
Number of updated asset objects reloaded before import = 0Number of asset objects unloaded after import = 3

========================================================================
Received Import Request.
  Time since last request: 0.000030 seconds.
  path: Assets/Pacotes/Mars Landscape 3D/Resources/Geometry/TerrainData_b90394ad-6ea8-4b6e-b219-59ba840378f6.asset
  artifactKey: Guid(bb7833eebe0560a40a1906bcdf53bb2c) Importer(815301076,1909f56bfc062723c751e8b465ee728b)
Start importing Assets/Pacotes/Mars Landscape 3D/Resources/Geometry/TerrainData_b90394ad-6ea8-4b6e-b219-59ba840378f6.asset using Guid(bb7833eebe0560a40a1906bcdf53bb2c) Importer(815301076,1909f56bfc062723c751e8b465ee728b) (PreviewImporter) -> (artifact id: '08afc71f3b48a43df6172befac73417c') in 0.0234363 seconds
Number of updated asset objects reloaded before import = 0Number of asset objects unloaded after import = 3

========================================================================
Received Import Request.
  Time since last request: 1.769950 seconds.
  path: Assets/Pacotes/Mars Landscape 3D/Resources/Materials/Dust.mat
  artifactKey: Guid(f35383bc9e18b4381af109e7608ac5d9) Importer(815301076,1909f56bfc062723c751e8b465ee728b)
Start importing Assets/Pacotes/Mars Landscape 3D/Resources/Materials/Dust.mat using Guid(f35383bc9e18b4381af109e7608ac5d9) Importer(815301076,1909f56bfc062723c751e8b465ee728b) (PreviewImporter) -> (artifact id: '0a222dcf4a03c3a05cea88e531521cc5') in 0.0987553 seconds
Number of updated asset objects reloaded before import = 0Number of asset objects unloaded after import = 2

========================================================================
Received Import Request.
  Time since last request: 0.000038 seconds.
  path: Assets/Pacotes/Mars Landscape 3D/Resources/Materials/ML3D_Rocks_02.mat
  artifactKey: Guid(ddbf0e092d7944606a2c5d9bfb10044c) Importer(815301076,1909f56bfc062723c751e8b465ee728b)
Start importing Assets/Pacotes/Mars Landscape 3D/Resources/Materials/ML3D_Rocks_02.mat using Guid(ddbf0e092d7944606a2c5d9bfb10044c) Importer(815301076,1909f56bfc062723c751e8b465ee728b) (PreviewImporter) -> (artifact id: '9f586e3a7a65ac63f09157927961fbf4') in 0.0415465 seconds
Number of updated asset objects reloaded before import = 0Number of asset objects unloaded after import = 6

========================================================================
Received Import Request.
  Time since last request: 0.000050 seconds.
  path: Assets/Pacotes/Mars Landscape 3D/Resources/Materials/ML3D_Rocks_01.mat
  artifactKey: Guid(f48e1f81b0dd94a4db3205ed848ae5bb) Importer(815301076,1909f56bfc062723c751e8b465ee728b)
Start importing Assets/Pacotes/Mars Landscape 3D/Resources/Materials/ML3D_Rocks_01.mat using Guid(f48e1f81b0dd94a4db3205ed848ae5bb) Importer(815301076,1909f56bfc062723c751e8b465ee728b) (PreviewImporter) -> (artifact id: '24a6fc0644fa6313cb6c6351d403a413') in 0.0399199 seconds
Number of updated asset objects reloaded before import = 0Number of asset objects unloaded after import = 6

========================================================================
Received Import Request.
  Time since last request: 0.000034 seconds.
  path: Assets/Pacotes/Mars Landscape 3D/Resources/Materials/Sand_Brush.brush
  artifactKey: Guid(2d1331f2b55c943b7b1458348ea6b097) Importer(815301076,1909f56bfc062723c751e8b465ee728b)
Start importing Assets/Pacotes/Mars Landscape 3D/Resources/Materials/Sand_Brush.brush using Guid(2d1331f2b55c943b7b1458348ea6b097) Importer(815301076,1909f56bfc062723c751e8b465ee728b) (PreviewImporter) -> (artifact id: '35f18c52990f76e34ee716cf7ecc3dc5') in 0.033947 seconds
Number of updated asset objects reloaded before import = 0Number of asset objects unloaded after import = 2

========================================================================
Received Import Request.
  Time since last request: 4.380955 seconds.
  path: Assets/Pacotes/Mars Landscape 3D/Resources/Textures/Ground_00_N.png
  artifactKey: Guid(ff2cbe651cfbc44a4ba4eec496a17c20) Importer(815301076,1909f56bfc062723c751e8b465ee728b)
Start importing Assets/Pacotes/Mars Landscape 3D/Resources/Textures/Ground_00_N.png using Guid(ff2cbe651cfbc44a4ba4eec496a17c20) Importer(815301076,1909f56bfc062723c751e8b465ee728b) (PreviewImporter) -> (artifact id: '5ee4e81f11c96b7fd9952555ed2f1df2') in 0.0321959 seconds
Number of updated asset objects reloaded before import = 0Number of asset objects unloaded after import = 2

========================================================================
Received Import Request.
  Time since last request: 4.668452 seconds.
  path: Assets/Pacotes/Mars Landscape 3D/Resources/Textures/Ground_01_N.png
  artifactKey: Guid(444663d1ef57f4eebb13d56810d5f3d0) Importer(815301076,1909f56bfc062723c751e8b465ee728b)
Start importing Assets/Pacotes/Mars Landscape 3D/Resources/Textures/Ground_01_N.png using Guid(444663d1ef57f4eebb13d56810d5f3d0) Importer(815301076,1909f56bfc062723c751e8b465ee728b) (PreviewImporter) -> (artifact id: 'ee4e353ec79ec6ff6ae5ef39444ddc37') in 0.0183887 seconds
Number of updated asset objects reloaded before import = 0Number of asset objects unloaded after import = 2

========================================================================
Received Import Request.
  Time since last request: 1.347605 seconds.
  path: Assets/Pacotes/Mars Landscape 3D/Resources/Textures/Ground_02_N.png
  artifactKey: Guid(860ff13a2dd4c4bd382161ad6bdd4180) Importer(815301076,1909f56bfc062723c751e8b465ee728b)
Start importing Assets/Pacotes/Mars Landscape 3D/Resources/Textures/Ground_02_N.png using Guid(860ff13a2dd4c4bd382161ad6bdd4180) Importer(815301076,1909f56bfc062723c751e8b465ee728b) (PreviewImporter) -> (artifact id: '14cf34aae5c2e8a50d8c3160342bef44') in 0.0255321 seconds
Number of updated asset objects reloaded before import = 0Number of asset objects unloaded after import = 2

========================================================================
Received Import Request.
  Time since last request: 1.807805 seconds.
  path: Assets/Pacotes/Mars Landscape 3D/Resources/Textures/Ground_03_N.png
  artifactKey: Guid(bbd8957f6bd7747ec91bb7da878e0e5a) Importer(815301076,1909f56bfc062723c751e8b465ee728b)
Start importing Assets/Pacotes/Mars Landscape 3D/Resources/Textures/Ground_03_N.png using Guid(bbd8957f6bd7747ec91bb7da878e0e5a) Importer(815301076,1909f56bfc062723c751e8b465ee728b) (PreviewImporter) -> (artifact id: '5cb5cd681286004deee0d906202de3f9') in 0.0306338 seconds
Number of updated asset objects reloaded before import = 0Number of asset objects unloaded after import = 2

========================================================================
Received Import Request.
  Time since last request: 9.338717 seconds.
  path: Assets/Pacotes/Mars Landscape 3D/Resources/Textures/ML3D_Rocks_00_AlbedoTransparency.png
  artifactKey: Guid(c32a40268d33d4d7f98b1fd1fd3eb2b5) Importer(815301076,1909f56bfc062723c751e8b465ee728b)
Start importing Assets/Pacotes/Mars Landscape 3D/Resources/Textures/ML3D_Rocks_00_AlbedoTransparency.png using Guid(c32a40268d33d4d7f98b1fd1fd3eb2b5) Importer(815301076,1909f56bfc062723c751e8b465ee728b) (PreviewImporter) -> (artifact id: '21d8cafea8edbc8f8f2a3b0436c719ea') in 0.0212964 seconds
Number of updated asset objects reloaded before import = 0Number of asset objects unloaded after import = 2

========================================================================
Received Import Request.
  Time since last request: 0.000060 seconds.
  path: Assets/Pacotes/Mars Landscape 3D/Resources/Textures/ML3D_Rocks_01_MetallicSmoothness.png
  artifactKey: Guid(39f957b525e964fbebd7624e2c297f8f) Importer(815301076,1909f56bfc062723c751e8b465ee728b)
Start importing Assets/Pacotes/Mars Landscape 3D/Resources/Textures/ML3D_Rocks_01_MetallicSmoothness.png using Guid(39f957b525e964fbebd7624e2c297f8f) Importer(815301076,1909f56bfc062723c751e8b465ee728b) (PreviewImporter) -> (artifact id: '12e92b19249af62598ba443fc156ce6b') in 0.021628 seconds
Number of updated asset objects reloaded before import = 0Number of asset objects unloaded after import = 2

========================================================================
Received Import Request.
  Time since last request: 0.000094 seconds.
  path: Assets/Pacotes/Mars Landscape 3D/Resources/Textures/ML3D_Rocks_01_AlbedoTransparency.png
  artifactKey: Guid(b49e9936f6ed542a0a7dadcc34d9cac7) Importer(815301076,1909f56bfc062723c751e8b465ee728b)
Start importing Assets/Pacotes/Mars Landscape 3D/Resources/Textures/ML3D_Rocks_01_AlbedoTransparency.png using Guid(b49e9936f6ed542a0a7dadcc34d9cac7) Importer(815301076,1909f56bfc062723c751e8b465ee728b) (PreviewImporter) -> (artifact id: 'edcbb07c56849c7a7d927bba82d23722') in 0.0305953 seconds
Number of updated asset objects reloaded before import = 0Number of asset objects unloaded after import = 2

========================================================================
Received Import Request.
  Time since last request: 0.000030 seconds.
  path: Assets/Pacotes/Mars Landscape 3D/Resources/Textures/ML3D_Rocks_01_Normal.png
  artifactKey: Guid(26fa470ebd9114fec929d301808630ab) Importer(815301076,1909f56bfc062723c751e8b465ee728b)
Start importing Assets/Pacotes/Mars Landscape 3D/Resources/Textures/ML3D_Rocks_01_Normal.png using Guid(26fa470ebd9114fec929d301808630ab) Importer(815301076,1909f56bfc062723c751e8b465ee728b) (PreviewImporter) -> (artifact id: 'dba85daa464867ae824df5f111a7abe0') in 0.0203783 seconds
Number of updated asset objects reloaded before import = 0Number of asset objects unloaded after import = 2

Editor requested this worker to shutdown with reason: Scaling down because of idle timeout
AssetImportWorker is now disconnected from the server
Process exiting
Exiting without the bug reporter. Application will terminate with return code 0