Using pre-set license
Built from '2023.2/staging' branch; Version is '2023.2.20f1 (0e25a174756c) revision 927137'; Using compiler version '193431935'; Build Type 'Release'
OS: 'Windows 10  (10.0.19045) 64bit CoreSingleLanguage' Language: 'pt' Physical Memory: 8081 MB
BatchMode: 1, IsHumanControllingUs: 0, StartBugReporterOnCrash: 0, Is64bit: 1, IsPro: 1

COMMAND LINE ARGUMENTS:
C:\Program Files\Unity\Hub\Editor\2023.2.20f1\Editor\Unity.exe
-adb2
-batchMode
-noUpm
-name
AssetImportWorker0
-projectPath
C:/Users/ACER/Documents/GitHub/Sobrevivencia
-logFile
Logs/AssetImportWorker0.log
-srvPort
54293
-job-worker-count
1
-background-job-worker-count
8
-asset-garbage-collectors
1
Successfully changed project path to: C:/Users/ACER/Documents/GitHub/Sobrevivencia
C:/Users/ACER/Documents/GitHub/Sobrevivencia
[UnityMemory] Configuration Parameters - Can be set up in boot.config
    "memorysetup-bucket-allocator-granularity=16"
    "memorysetup-bucket-allocator-bucket-count=8"
    "memorysetup-bucket-allocator-block-size=33554432"
    "memorysetup-bucket-allocator-block-count=8"
    "memorysetup-main-allocator-block-size=16777216"
    "memorysetup-thread-allocator-block-size=16777216"
    "memorysetup-gfx-main-allocator-block-size=16777216"
    "memorysetup-gfx-thread-allocator-block-size=16777216"
    "memorysetup-cache-allocator-block-size=4194304"
    "memorysetup-typetree-allocator-block-size=2097152"
    "memorysetup-profiler-bucket-allocator-granularity=16"
    "memorysetup-profiler-bucket-allocator-bucket-count=8"
    "memorysetup-profiler-bucket-allocator-block-size=33554432"
    "memorysetup-profiler-bucket-allocator-block-count=8"
    "memorysetup-profiler-allocator-block-size=16777216"
    "memorysetup-profiler-editor-allocator-block-size=1048576"
    "memorysetup-temp-allocator-size-main=16777216"
    "memorysetup-job-temp-allocator-block-size=2097152"
    "memorysetup-job-temp-allocator-block-size-background=1048576"
    "memorysetup-job-temp-allocator-reduction-small-platforms=262144"
    "memorysetup-allocator-temp-initial-block-size-main=262144"
    "memorysetup-allocator-temp-initial-block-size-worker=262144"
    "memorysetup-temp-allocator-size-background-worker=32768"
    "memorysetup-temp-allocator-size-job-worker=262144"
    "memorysetup-temp-allocator-size-preload-manager=33554432"
    "memorysetup-temp-allocator-size-nav-mesh-worker=65536"
    "memorysetup-temp-allocator-size-audio-worker=65536"
    "memorysetup-temp-allocator-size-cloud-worker=32768"
    "memorysetup-temp-allocator-size-gi-baking-worker=262144"
    "memorysetup-temp-allocator-size-gi-baking-worker=262144"
    "memorysetup-temp-allocator-size-gi-baking-worker=262144"
    "memorysetup-temp-allocator-size-gi-baking-worker=262144"
    "memorysetup-temp-allocator-size-gfx=262144"
Player connection [3444] Host "[IP] 192.168.15.41 [Port] 0 [Flags] 2 [Guid] 123334510 [EditorId] 123334510 [Version] 1048832 [Id] WindowsEditor(7,DESKTOP-V1ES00B) [Debug] 1 [PackageName] WindowsEditor [ProjectName] Editor" joined multi-casting on [225.0.0.222:54997]...
Player connection [3444] Host "[IP] 192.168.15.41 [Port] 0 [Flags] 2 [Guid] 123334510 [EditorId] 123334510 [Version] 1048832 [Id] WindowsEditor(7,DESKTOP-V1ES00B) [Debug] 1 [PackageName] WindowsEditor [ProjectName] Editor" joined alternative multi-casting on [225.0.0.222:34997]...
JobSystem: Creating JobQueue using job-worker-count value 1
[Physics::Module] Initialized MultithreadedJobDispatcher with 1 workers.
Library Redirect Path: Library/
Refreshing native plugins compatible for Editor in 256.46 ms, found 3 plugins.
Preloading 0 native plugins for Editor in 0.00 ms.
Initialize engine version: 2023.2.20f1 (0e25a174756c)
[Subsystems] Discovering subsystems at path C:/Program Files/Unity/Hub/Editor/2023.2.20f1/Editor/Data/Resources/UnitySubsystems
[Subsystems] Discovering subsystems at path C:/Users/ACER/Documents/GitHub/Sobrevivencia/Assets
GfxDevice: creating device client; kGfxThreadingModeNonThreaded
Direct3D:
    Version:  Direct3D 11.0 [level 11.0]
    Renderer: Intel(R) HD Graphics (ID=0x156)
    Vendor:   Intel
    VRAM:     128 MB
    Driver:   10.18.10.5161
Initialize mono
Mono path[0] = 'C:/Program Files/Unity/Hub/Editor/2023.2.20f1/Editor/Data/Managed'
Mono path[1] = 'C:/Program Files/Unity/Hub/Editor/2023.2.20f1/Editor/Data/MonoBleedingEdge/lib/mono/unityjit-win32'
Mono config path = 'C:/Program Files/Unity/Hub/Editor/2023.2.20f1/Editor/Data/MonoBleedingEdge/etc'
Using monoOptions --debugger-agent=transport=dt_socket,embedding=1,server=y,suspend=n,address=127.0.0.1:56472
Begin MonoManager ReloadAssembly
Registering precompiled unity dll's ...
Register platform support module: C:/Program Files/Unity/Hub/Editor/2023.2.20f1/Editor/Data/PlaybackEngines/WindowsStandaloneSupport/UnityEditor.WindowsStandalone.Extensions.dll
Registered in 0.116250 seconds.
- Loaded All Assemblies, in 37.777 seconds
Native extension for WindowsStandalone target not found
Mono: successfully reloaded assembly
- Finished resetting the current domain, in 43.803 seconds
Domain Reload Profiling: 81565ms
	BeginReloadAssembly (11866ms)
		ExecutionOrderSort (0ms)
		DisableScriptedObjects (0ms)
		BackupInstance (0ms)
		ReleaseScriptingObjects (0ms)
		CreateAndSetChildDomain (13ms)
	RebuildCommonClasses (1089ms)
	RebuildNativeTypeToScriptingClass (438ms)
	initialDomainReloadingComplete (1926ms)
	LoadAllAssembliesAndSetupDomain (22442ms)
		LoadAssemblies (11709ms)
		RebuildTransferFunctionScriptingTraits (0ms)
		AnalyzeDomain (22427ms)
			TypeCache.Refresh (22042ms)
				TypeCache.ScanAssembly (20855ms)
			BuildScriptInfoCaches (0ms)
			ResolveRequiredComponents (371ms)
	FinalizeReload (43804ms)
		ReleaseScriptCaches (0ms)
		RebuildScriptCaches (0ms)
		SetupLoadedEditorAssemblies (36962ms)
			LogAssemblyErrors (0ms)
			InitializePlatformSupportModulesInManaged (805ms)
			SetLoadedEditorAssemblies (834ms)
			BeforeProcessingInitializeOnLoad (399ms)
			ProcessInitializeOnLoadAttributes (30311ms)
			ProcessInitializeOnLoadMethodAttributes (4613ms)
			AfterProcessingInitializeOnLoad (0ms)
			EditorAssembliesLoaded (0ms)
		ExecutionOrderSort2 (0ms)
		AwakeInstancesAfterBackupRestoration (0ms)
========================================================================
Worker process is ready to serve import requests
Import Worker Mode flag is 0x00
Begin MonoManager ReloadAssembly
Symbol file LoadedFromMemory doesn't match image C:\Users\ACER\Documents\GitHub\Sobrevivencia\Library\PackageCache\com.unity.visualscripting@1.8.0\Editor\VisualScripting.Core\Dependencies\YamlDotNet\Unity.VisualScripting.YamlDotNet.dll
Symbol file LoadedFromMemory doesn't match image C:\Users\ACER\Documents\GitHub\Sobrevivencia\Library\PackageCache\com.unity.visualscripting@1.8.0\Editor\VisualScripting.Core\Dependencies\DotNetZip\Unity.VisualScripting.IonicZip.dll
- Loaded All Assemblies, in 28.432 seconds
Refreshing native plugins compatible for Editor in 7.31 ms, found 3 plugins.
Native extension for WindowsStandalone target not found
Mono: successfully reloaded assembly
- Finished resetting the current domain, in 18.089 seconds
Domain Reload Profiling: 46505ms
	BeginReloadAssembly (15863ms)
		ExecutionOrderSort (0ms)
		DisableScriptedObjects (238ms)
		BackupInstance (0ms)
		ReleaseScriptingObjects (0ms)
		CreateAndSetChildDomain (563ms)
	RebuildCommonClasses (637ms)
	RebuildNativeTypeToScriptingClass (376ms)
	initialDomainReloadingComplete (731ms)
	LoadAllAssembliesAndSetupDomain (10808ms)
		LoadAssemblies (9734ms)
		RebuildTransferFunctionScriptingTraits (0ms)
		AnalyzeDomain (3382ms)
			TypeCache.Refresh (2807ms)
				TypeCache.ScanAssembly (2622ms)
			BuildScriptInfoCaches (338ms)
			ResolveRequiredComponents (177ms)
	FinalizeReload (18091ms)
		ReleaseScriptCaches (0ms)
		RebuildScriptCaches (0ms)
		SetupLoadedEditorAssemblies (13673ms)
			LogAssemblyErrors (0ms)
			InitializePlatformSupportModulesInManaged (82ms)
			SetLoadedEditorAssemblies (86ms)
			BeforeProcessingInitializeOnLoad (2001ms)
			ProcessInitializeOnLoadAttributes (10961ms)
			ProcessInitializeOnLoadMethodAttributes (518ms)
			AfterProcessingInitializeOnLoad (24ms)
			EditorAssembliesLoaded (0ms)
		ExecutionOrderSort2 (0ms)
		AwakeInstancesAfterBackupRestoration (160ms)
Launched and connected shader compiler UnityShaderCompiler.exe after 0.18 seconds
Refreshing native plugins compatible for Editor in 562.64 ms, found 3 plugins.
Preloading 0 native plugins for Editor in 0.00 ms.
Unloading 85 Unused Serialized files (Serialized files now loaded: 0)
Unloading 3195 unused Assets / (3.5 MB). Loaded Objects now: 3882.
Memory consumption went from 140.1 MB to 136.6 MB.
Total: 48.688900 ms (FindLiveObjects: 1.445600 ms CreateObjectMapping: 1.161200 ms MarkObjects: 29.791700 ms  DeleteObjects: 16.286500 ms)

========================================================================
Received Import Request.
  Time since last request: 1964643.335837 seconds.
  path: Assets/New Terrain.asset
  artifactKey: Guid(129d1c380fd02ac468aa97dba2267a96) Importer(815301076,1909f56bfc062723c751e8b465ee728b)
Start importing Assets/New Terrain.asset using Guid(129d1c380fd02ac468aa97dba2267a96) Importer(815301076,1909f56bfc062723c751e8b465ee728b) (PreviewImporter) -> (artifact id: '6a8a7ade9e4642194ce43a18fadaf100') in 5.1005769 seconds
Number of updated asset objects reloaded before import = 0Number of asset objects unloaded after import = 1

========================================================================
Received Prepare
Begin MonoManager ReloadAssembly
Symbol file LoadedFromMemory doesn't match image C:\Users\ACER\Documents\GitHub\Sobrevivencia\Library\PackageCache\com.unity.visualscripting@1.8.0\Editor\VisualScripting.Core\Dependencies\YamlDotNet\Unity.VisualScripting.YamlDotNet.dll
Symbol file LoadedFromMemory doesn't match image C:\Users\ACER\Documents\GitHub\Sobrevivencia\Library\PackageCache\com.unity.visualscripting@1.8.0\Editor\VisualScripting.Core\Dependencies\DotNetZip\Unity.VisualScripting.IonicZip.dll
- Loaded All Assemblies, in  8.970 seconds
Refreshing native plugins compatible for Editor in 192.69 ms, found 3 plugins.
Native extension for WindowsStandalone target not found
Mono: successfully reloaded assembly
- Finished resetting the current domain, in 12.519 seconds
Domain Reload Profiling: 21442ms
	BeginReloadAssembly (2016ms)
		ExecutionOrderSort (0ms)
		DisableScriptedObjects (26ms)
		BackupInstance (0ms)
		ReleaseScriptingObjects (0ms)
		CreateAndSetChildDomain (547ms)
	RebuildCommonClasses (378ms)
	RebuildNativeTypeToScriptingClass (254ms)
	initialDomainReloadingComplete (315ms)
	LoadAllAssembliesAndSetupDomain (5955ms)
		LoadAssemblies (4481ms)
		RebuildTransferFunctionScriptingTraits (0ms)
		AnalyzeDomain (2602ms)
			TypeCache.Refresh (57ms)
				TypeCache.ScanAssembly (0ms)
			BuildScriptInfoCaches (2476ms)
			ResolveRequiredComponents (19ms)
	FinalizeReload (12524ms)
		ReleaseScriptCaches (0ms)
		RebuildScriptCaches (0ms)
		SetupLoadedEditorAssemblies (9015ms)
			LogAssemblyErrors (0ms)
			InitializePlatformSupportModulesInManaged (9ms)
			SetLoadedEditorAssemblies (44ms)
			BeforeProcessingInitializeOnLoad (1077ms)
			ProcessInitializeOnLoadAttributes (7503ms)
			ProcessInitializeOnLoadMethodAttributes (356ms)
			AfterProcessingInitializeOnLoad (24ms)
			EditorAssembliesLoaded (2ms)
		ExecutionOrderSort2 (0ms)
		AwakeInstancesAfterBackupRestoration (215ms)
Refreshing native plugins compatible for Editor in 5.17 ms, found 3 plugins.
Preloading 0 native plugins for Editor in 0.00 ms.
Unloading 2 Unused Serialized files (Serialized files now loaded: 0)
Unloading 3193 unused Assets / (3.5 MB). Loaded Objects now: 3885.
Memory consumption went from 123.4 MB to 119.9 MB.
Total: 25.673900 ms (FindLiveObjects: 0.816900 ms CreateObjectMapping: 0.985600 ms MarkObjects: 13.684000 ms  DeleteObjects: 10.183800 ms)

Prepare: number of updated asset objects reloaded= 0
========================================================================
Received Prepare
Begin MonoManager ReloadAssembly
Symbol file LoadedFromMemory doesn't match image C:\Users\ACER\Documents\GitHub\Sobrevivencia\Library\PackageCache\com.unity.visualscripting@1.8.0\Editor\VisualScripting.Core\Dependencies\YamlDotNet\Unity.VisualScripting.YamlDotNet.dll
Symbol file LoadedFromMemory doesn't match image C:\Users\ACER\Documents\GitHub\Sobrevivencia\Library\PackageCache\com.unity.visualscripting@1.8.0\Editor\VisualScripting.Core\Dependencies\DotNetZip\Unity.VisualScripting.IonicZip.dll
- Loaded All Assemblies, in  7.898 seconds
Refreshing native plugins compatible for Editor in 3.42 ms, found 3 plugins.
Native extension for WindowsStandalone target not found
Mono: successfully reloaded assembly
- Finished resetting the current domain, in 12.774 seconds
Domain Reload Profiling: 20860ms
	BeginReloadAssembly (2219ms)
		ExecutionOrderSort (0ms)
		DisableScriptedObjects (28ms)
		BackupInstance (0ms)
		ReleaseScriptingObjects (0ms)
		CreateAndSetChildDomain (241ms)
	RebuildCommonClasses (324ms)
	RebuildNativeTypeToScriptingClass (225ms)
	initialDomainReloadingComplete (510ms)
	LoadAllAssembliesAndSetupDomain (4807ms)
		LoadAssemblies (3859ms)
		RebuildTransferFunctionScriptingTraits (0ms)
		AnalyzeDomain (2066ms)
			TypeCache.Refresh (15ms)
				TypeCache.ScanAssembly (0ms)
			BuildScriptInfoCaches (2015ms)
			ResolveRequiredComponents (27ms)
	FinalizeReload (12775ms)
		ReleaseScriptCaches (0ms)
		RebuildScriptCaches (0ms)
		SetupLoadedEditorAssemblies (9604ms)
			LogAssemblyErrors (0ms)
			InitializePlatformSupportModulesInManaged (11ms)
			SetLoadedEditorAssemblies (249ms)
			BeforeProcessingInitializeOnLoad (1101ms)
			ProcessInitializeOnLoadAttributes (7735ms)
			ProcessInitializeOnLoadMethodAttributes (481ms)
			AfterProcessingInitializeOnLoad (26ms)
			EditorAssembliesLoaded (0ms)
		ExecutionOrderSort2 (0ms)
		AwakeInstancesAfterBackupRestoration (273ms)
Refreshing native plugins compatible for Editor in 3.02 ms, found 3 plugins.
Preloading 0 native plugins for Editor in 0.00 ms.
Unloading 2 Unused Serialized files (Serialized files now loaded: 0)
Unloading 3193 unused Assets / (3.4 MB). Loaded Objects now: 3885.
Memory consumption went from 125.3 MB to 121.8 MB.
Total: 58.385700 ms (FindLiveObjects: 0.805400 ms CreateObjectMapping: 30.825800 ms MarkObjects: 12.225700 ms  DeleteObjects: 14.525200 ms)

Prepare: number of updated asset objects reloaded= 0
========================================================================
Received Prepare
Begin MonoManager ReloadAssembly
Symbol file LoadedFromMemory doesn't match image C:\Users\ACER\Documents\GitHub\Sobrevivencia\Library\PackageCache\com.unity.visualscripting@1.8.0\Editor\VisualScripting.Core\Dependencies\YamlDotNet\Unity.VisualScripting.YamlDotNet.dll
Symbol file LoadedFromMemory doesn't match image C:\Users\ACER\Documents\GitHub\Sobrevivencia\Library\PackageCache\com.unity.visualscripting@1.8.0\Editor\VisualScripting.Core\Dependencies\DotNetZip\Unity.VisualScripting.IonicZip.dll
- Loaded All Assemblies, in 10.368 seconds
Refreshing native plugins compatible for Editor in 3.20 ms, found 3 plugins.
Native extension for WindowsStandalone target not found
Mono: successfully reloaded assembly
- Finished resetting the current domain, in 13.211 seconds
Domain Reload Profiling: 23541ms
	BeginReloadAssembly (1830ms)
		ExecutionOrderSort (0ms)
		DisableScriptedObjects (45ms)
		BackupInstance (0ms)
		ReleaseScriptingObjects (2ms)
		CreateAndSetChildDomain (268ms)
	RebuildCommonClasses (423ms)
	RebuildNativeTypeToScriptingClass (345ms)
	initialDomainReloadingComplete (195ms)
	LoadAllAssembliesAndSetupDomain (7531ms)
		LoadAssemblies (7031ms)
		RebuildTransferFunctionScriptingTraits (0ms)
		AnalyzeDomain (1548ms)
			TypeCache.Refresh (29ms)
				TypeCache.ScanAssembly (0ms)
			BuildScriptInfoCaches (1453ms)
			ResolveRequiredComponents (21ms)
	FinalizeReload (13216ms)
		ReleaseScriptCaches (0ms)
		RebuildScriptCaches (0ms)
		SetupLoadedEditorAssemblies (9294ms)
			LogAssemblyErrors (0ms)
			InitializePlatformSupportModulesInManaged (9ms)
			SetLoadedEditorAssemblies (17ms)
			BeforeProcessingInitializeOnLoad (1783ms)
			ProcessInitializeOnLoadAttributes (7094ms)
			ProcessInitializeOnLoadMethodAttributes (364ms)
			AfterProcessingInitializeOnLoad (26ms)
			EditorAssembliesLoaded (0ms)
		ExecutionOrderSort2 (0ms)
		AwakeInstancesAfterBackupRestoration (107ms)
Refreshing native plugins compatible for Editor in 3.18 ms, found 3 plugins.
Preloading 0 native plugins for Editor in 0.00 ms.
Unloading 2 Unused Serialized files (Serialized files now loaded: 0)
Unloading 3193 unused Assets / (3.4 MB). Loaded Objects now: 3885.
Memory consumption went from 127.2 MB to 123.8 MB.
Total: 30.804200 ms (FindLiveObjects: 0.689700 ms CreateObjectMapping: 0.949400 ms MarkObjects: 18.192000 ms  DeleteObjects: 10.968800 ms)

Prepare: number of updated asset objects reloaded= 0
========================================================================
Received Import Request.
  Time since last request: 1301.991698 seconds.
  path: Assets/Pacotes/Spiders/Prefabs/Black Widow.prefab
  artifactKey: Guid(fd02805ee801de64a828e8190cac7784) Importer(815301076,1909f56bfc062723c751e8b465ee728b)
Start importing Assets/Pacotes/Spiders/Prefabs/Black Widow.prefab using Guid(fd02805ee801de64a828e8190cac7784) Importer(815301076,1909f56bfc062723c751e8b465ee728b) (PreviewImporter) -> (artifact id: 'bbf4437fcc8c7d85ac871b6ca1bdae56') in 2.4946654 seconds
Number of updated asset objects reloaded before import = 0Number of asset objects unloaded after import = 194

========================================================================
Received Import Request.
  Time since last request: 1.531205 seconds.
  path: Assets/Pacotes/Spiders/Prefabs/Sand Spider.prefab
  artifactKey: Guid(3af956640595c6e4cb9436f0f4545ffd) Importer(815301076,1909f56bfc062723c751e8b465ee728b)
Start importing Assets/Pacotes/Spiders/Prefabs/Sand Spider.prefab using Guid(3af956640595c6e4cb9436f0f4545ffd) Importer(815301076,1909f56bfc062723c751e8b465ee728b) (PreviewImporter) -> (artifact id: '7b14867d437a95fb3f4709a1b4faa0ca') in 0.3520071 seconds
Number of updated asset objects reloaded before import = 0Number of asset objects unloaded after import = 377

========================================================================
Received Import Request.
  Time since last request: 89.568151 seconds.
  path: Assets/Pacotes/Spiders/Prefabs/Sand Spider 1.prefab
  artifactKey: Guid(3893361fcc1ad584e86e0baba3d00373) Importer(815301076,1909f56bfc062723c751e8b465ee728b)
Start importing Assets/Pacotes/Spiders/Prefabs/Sand Spider 1.prefab using Guid(3893361fcc1ad584e86e0baba3d00373) Importer(815301076,1909f56bfc062723c751e8b465ee728b) (PreviewImporter) -> (artifact id: 'e90eb90687ae28eddcb3440aa2c7fd86') in 0.1691956 seconds
Number of updated asset objects reloaded before import = 0Number of asset objects unloaded after import = 196

========================================================================
Received Prepare
Begin MonoManager ReloadAssembly
Symbol file LoadedFromMemory doesn't match image C:\Users\ACER\Documents\GitHub\Sobrevivencia\Library\PackageCache\com.unity.visualscripting@1.8.0\Editor\VisualScripting.Core\Dependencies\YamlDotNet\Unity.VisualScripting.YamlDotNet.dll
Symbol file LoadedFromMemory doesn't match image C:\Users\ACER\Documents\GitHub\Sobrevivencia\Library\PackageCache\com.unity.visualscripting@1.8.0\Editor\VisualScripting.Core\Dependencies\DotNetZip\Unity.VisualScripting.IonicZip.dll
- Loaded All Assemblies, in  7.664 seconds
Refreshing native plugins compatible for Editor in 3.14 ms, found 3 plugins.
Native extension for WindowsStandalone target not found
Mono: successfully reloaded assembly
- Finished resetting the current domain, in 11.232 seconds
Domain Reload Profiling: 18705ms
	BeginReloadAssembly (1908ms)
		ExecutionOrderSort (0ms)
		DisableScriptedObjects (411ms)
		BackupInstance (0ms)
		ReleaseScriptingObjects (0ms)
		CreateAndSetChildDomain (222ms)
	RebuildCommonClasses (317ms)
	RebuildNativeTypeToScriptingClass (261ms)
	initialDomainReloadingComplete (284ms)
	LoadAllAssembliesAndSetupDomain (4699ms)
		LoadAssemblies (3771ms)
		RebuildTransferFunctionScriptingTraits (0ms)
		AnalyzeDomain (1974ms)
			TypeCache.Refresh (16ms)
				TypeCache.ScanAssembly (0ms)
			BuildScriptInfoCaches (1726ms)
			ResolveRequiredComponents (217ms)
	FinalizeReload (11236ms)
		ReleaseScriptCaches (0ms)
		RebuildScriptCaches (0ms)
		SetupLoadedEditorAssemblies (8224ms)
			LogAssemblyErrors (0ms)
			InitializePlatformSupportModulesInManaged (11ms)
			SetLoadedEditorAssemblies (172ms)
			BeforeProcessingInitializeOnLoad (1332ms)
			ProcessInitializeOnLoadAttributes (6333ms)
			ProcessInitializeOnLoadMethodAttributes (314ms)
			AfterProcessingInitializeOnLoad (60ms)
			EditorAssembliesLoaded (1ms)
		ExecutionOrderSort2 (0ms)
		AwakeInstancesAfterBackupRestoration (131ms)
Refreshing native plugins compatible for Editor in 7.75 ms, found 3 plugins.
Preloading 0 native plugins for Editor in 0.00 ms.
Unloading 2 Unused Serialized files (Serialized files now loaded: 0)
Unloading 3193 unused Assets / (3.5 MB). Loaded Objects now: 3892.
Memory consumption went from 139.6 MB to 136.2 MB.
Total: 64.322900 ms (FindLiveObjects: 0.744100 ms CreateObjectMapping: 0.977400 ms MarkObjects: 52.193300 ms  DeleteObjects: 10.405700 ms)

Prepare: number of updated asset objects reloaded= 0
