Using pre-set license
Built from '2023.2/staging' branch; Version is '2023.2.20f1 (0e25a174756c) revision 927137'; Using compiler version '193431935'; Build Type 'Release'
OS: 'Windows 11  (10.0.22631) 64bit CoreSingleLanguage' Language: 'pt' Physical Memory: 23916 MB
BatchMode: 1, IsHumanControllingUs: 0, StartBugReporterOnCrash: 0, Is64bit: 1, IsPro: 1

COMMAND LINE ARGUMENTS:
C:\Program Files\Unity\Hub\Editor\2023.2.20f1\Editor\Unity.exe
-adb2
-batchMode
-noUpm
-name
AssetImportWorker12
-projectPath
C:/Users/amsar/Sobrevivencia
-logFile
Logs/AssetImportWorker12.log
-srvPort
50464
-job-worker-count
7
-background-job-worker-count
8
-asset-garbage-collectors
1
Successfully changed project path to: C:/Users/amsar/Sobrevivencia
C:/Users/amsar/Sobrevivencia
[UnityMemory] Configuration Parameters - Can be set up in boot.config
    "memorysetup-bucket-allocator-granularity=16"
    "memorysetup-bucket-allocator-bucket-count=8"
    "memorysetup-bucket-allocator-block-size=33554432"
    "memorysetup-bucket-allocator-block-count=8"
    "memorysetup-main-allocator-block-size=16777216"
    "memorysetup-thread-allocator-block-size=16777216"
    "memorysetup-gfx-main-allocator-block-size=16777216"
    "memorysetup-gfx-thread-allocator-block-size=16777216"
    "memorysetup-cache-allocator-block-size=4194304"
    "memorysetup-typetree-allocator-block-size=2097152"
    "memorysetup-profiler-bucket-allocator-granularity=16"
    "memorysetup-profiler-bucket-allocator-bucket-count=8"
    "memorysetup-profiler-bucket-allocator-block-size=33554432"
    "memorysetup-profiler-bucket-allocator-block-count=8"
    "memorysetup-profiler-allocator-block-size=16777216"
    "memorysetup-profiler-editor-allocator-block-size=1048576"
    "memorysetup-temp-allocator-size-main=16777216"
    "memorysetup-job-temp-allocator-block-size=2097152"
    "memorysetup-job-temp-allocator-block-size-background=1048576"
    "memorysetup-job-temp-allocator-reduction-small-platforms=262144"
    "memorysetup-allocator-temp-initial-block-size-main=262144"
    "memorysetup-allocator-temp-initial-block-size-worker=262144"
    "memorysetup-temp-allocator-size-background-worker=32768"
    "memorysetup-temp-allocator-size-job-worker=262144"
    "memorysetup-temp-allocator-size-preload-manager=33554432"
    "memorysetup-temp-allocator-size-nav-mesh-worker=65536"
    "memorysetup-temp-allocator-size-audio-worker=65536"
    "memorysetup-temp-allocator-size-cloud-worker=32768"
    "memorysetup-temp-allocator-size-gi-baking-worker=262144"
    "memorysetup-temp-allocator-size-gi-baking-worker=262144"
    "memorysetup-temp-allocator-size-gi-baking-worker=262144"
    "memorysetup-temp-allocator-size-gi-baking-worker=262144"
    "memorysetup-temp-allocator-size-gfx=262144"
Player connection [22196] Host "[IP] 192.168.56.1 [Port] 0 [Flags] 2 [Guid] 2680905013 [EditorId] 2680905013 [Version] 1048832 [Id] WindowsEditor(7,Marcos) [Debug] 1 [PackageName] WindowsEditor [ProjectName] Editor" joined multi-casting on [225.0.0.222:54997]...
Player connection [22196] Host "[IP] 192.168.56.1 [Port] 0 [Flags] 2 [Guid] 2680905013 [EditorId] 2680905013 [Version] 1048832 [Id] WindowsEditor(7,Marcos) [Debug] 1 [PackageName] WindowsEditor [ProjectName] Editor" joined alternative multi-casting on [225.0.0.222:34997]...
JobSystem: Creating JobQueue using job-worker-count value 7
[Physics::Module] Initialized MultithreadedJobDispatcher with 7 workers.
Library Redirect Path: Library/
Refreshing native plugins compatible for Editor in 2.13 ms, found 3 plugins.
Preloading 0 native plugins for Editor in 0.00 ms.
Initialize engine version: 2023.2.20f1 (0e25a174756c)
[Subsystems] Discovering subsystems at path C:/Program Files/Unity/Hub/Editor/2023.2.20f1/Editor/Data/Resources/UnitySubsystems
[Subsystems] Discovering subsystems at path C:/Users/amsar/Sobrevivencia/Assets
GfxDevice: creating device client; kGfxThreadingModeNonThreaded
Direct3D:
    Version:  Direct3D 11.0 [level 11.1]
    Renderer: NVIDIA GeForce GTX 1650 (ID=0x1f9d)
    Vendor:   NVIDIA
    VRAM:     3950 MB
    Driver:   31.0.15.3734
Initialize mono
Mono path[0] = 'C:/Program Files/Unity/Hub/Editor/2023.2.20f1/Editor/Data/Managed'
Mono path[1] = 'C:/Program Files/Unity/Hub/Editor/2023.2.20f1/Editor/Data/MonoBleedingEdge/lib/mono/unityjit-win32'
Mono config path = 'C:/Program Files/Unity/Hub/Editor/2023.2.20f1/Editor/Data/MonoBleedingEdge/etc'
Using monoOptions --debugger-agent=transport=dt_socket,embedding=1,server=y,suspend=n,address=127.0.0.1:56716
Begin MonoManager ReloadAssembly
Registering precompiled unity dll's ...
Register platform support module: C:/Program Files/Unity/Hub/Editor/2023.2.20f1/Editor/Data/PlaybackEngines/WebGLSupport/UnityEditor.WebGL.Extensions.dll
Register platform support module: C:/Program Files/Unity/Hub/Editor/2023.2.20f1/Editor/Data/PlaybackEngines/WindowsStandaloneSupport/UnityEditor.WindowsStandalone.Extensions.dll
Registered in 0.006663 seconds.
- Loaded All Assemblies, in  0.406 seconds
Native extension for WindowsStandalone target not found
Native extension for WebGL target not found
Mono: successfully reloaded assembly
- Finished resetting the current domain, in  0.321 seconds
Domain Reload Profiling: 724ms
	BeginReloadAssembly (119ms)
		ExecutionOrderSort (0ms)
		DisableScriptedObjects (0ms)
		BackupInstance (0ms)
		ReleaseScriptingObjects (0ms)
		CreateAndSetChildDomain (1ms)
	RebuildCommonClasses (40ms)
	RebuildNativeTypeToScriptingClass (14ms)
	initialDomainReloadingComplete (66ms)
	LoadAllAssembliesAndSetupDomain (163ms)
		LoadAssemblies (114ms)
		RebuildTransferFunctionScriptingTraits (0ms)
		AnalyzeDomain (160ms)
			TypeCache.Refresh (159ms)
				TypeCache.ScanAssembly (145ms)
			BuildScriptInfoCaches (0ms)
			ResolveRequiredComponents (0ms)
	FinalizeReload (322ms)
		ReleaseScriptCaches (0ms)
		RebuildScriptCaches (0ms)
		SetupLoadedEditorAssemblies (267ms)
			LogAssemblyErrors (0ms)
			InitializePlatformSupportModulesInManaged (11ms)
			SetLoadedEditorAssemblies (5ms)
			BeforeProcessingInitializeOnLoad (5ms)
			ProcessInitializeOnLoadAttributes (188ms)
			ProcessInitializeOnLoadMethodAttributes (58ms)
			AfterProcessingInitializeOnLoad (0ms)
			EditorAssembliesLoaded (0ms)
		ExecutionOrderSort2 (0ms)
		AwakeInstancesAfterBackupRestoration (0ms)
========================================================================
Worker process is ready to serve import requests
Import Worker Mode flag is 0x00
Begin MonoManager ReloadAssembly
Symbol file LoadedFromMemory doesn't match image C:\Users\amsar\Sobrevivencia\Library\PackageCache\com.unity.visualscripting@1.8.0\Editor\VisualScripting.Core\Dependencies\YamlDotNet\Unity.VisualScripting.YamlDotNet.dll
Symbol file LoadedFromMemory doesn't match image C:\Users\amsar\Sobrevivencia\Library\PackageCache\com.unity.visualscripting@1.8.0\Editor\VisualScripting.Core\Dependencies\DotNetZip\Unity.VisualScripting.IonicZip.dll
- Loaded All Assemblies, in  0.861 seconds
Refreshing native plugins compatible for Editor in 0.88 ms, found 3 plugins.
Native extension for WindowsStandalone target not found
Native extension for WebGL target not found
Mono: successfully reloaded assembly
- Finished resetting the current domain, in  0.722 seconds
Domain Reload Profiling: 1578ms
	BeginReloadAssembly (386ms)
		ExecutionOrderSort (0ms)
		DisableScriptedObjects (6ms)
		BackupInstance (0ms)
		ReleaseScriptingObjects (0ms)
		CreateAndSetChildDomain (32ms)
	RebuildCommonClasses (34ms)
	RebuildNativeTypeToScriptingClass (11ms)
	initialDomainReloadingComplete (46ms)
	LoadAllAssembliesAndSetupDomain (379ms)
		LoadAssemblies (282ms)
		RebuildTransferFunctionScriptingTraits (0ms)
		AnalyzeDomain (168ms)
			TypeCache.Refresh (144ms)
				TypeCache.ScanAssembly (130ms)
			BuildScriptInfoCaches (18ms)
			ResolveRequiredComponents (4ms)
	FinalizeReload (722ms)
		ReleaseScriptCaches (0ms)
		RebuildScriptCaches (0ms)
		SetupLoadedEditorAssemblies (526ms)
			LogAssemblyErrors (0ms)
			InitializePlatformSupportModulesInManaged (3ms)
			SetLoadedEditorAssemblies (4ms)
			BeforeProcessingInitializeOnLoad (40ms)
			ProcessInitializeOnLoadAttributes (449ms)
			ProcessInitializeOnLoadMethodAttributes (23ms)
			AfterProcessingInitializeOnLoad (8ms)
			EditorAssembliesLoaded (0ms)
		ExecutionOrderSort2 (0ms)
		AwakeInstancesAfterBackupRestoration (14ms)
Launched and connected shader compiler UnityShaderCompiler.exe after 0.02 seconds
Refreshing native plugins compatible for Editor in 1.05 ms, found 3 plugins.
Preloading 0 native plugins for Editor in 0.00 ms.
Unloading 85 Unused Serialized files (Serialized files now loaded: 0)
Unloading 3195 unused Assets / (1.5 MB). Loaded Objects now: 3882.
Memory consumption went from 143.6 MB to 142.2 MB.
Total: 7.058100 ms (FindLiveObjects: 0.422500 ms CreateObjectMapping: 0.401300 ms MarkObjects: 4.966600 ms  DeleteObjects: 1.266400 ms)

========================================================================
Received Import Request.
  Time since last request: 16104.003793 seconds.
  path: Assets/Pacotes/_Creepy_Cat/_3D Scifi Kit Starter Kit_HD/_Prefabs/Props/Airing_01.prefab
  artifactKey: Guid(d8b78681a0006415a824f4e6273244dd) Importer(815301076,1909f56bfc062723c751e8b465ee728b)
Start importing Assets/Pacotes/_Creepy_Cat/_3D Scifi Kit Starter Kit_HD/_Prefabs/Props/Airing_01.prefab using Guid(d8b78681a0006415a824f4e6273244dd) Importer(815301076,1909f56bfc062723c751e8b465ee728b) (PreviewImporter) -> (artifact id: '9bffdaed3d987dc0375ef8e145781dfa') in 0.2281272 seconds
Number of updated asset objects reloaded before import = 0Number of asset objects unloaded after import = 36

========================================================================
Received Import Request.
  Time since last request: 3.013962 seconds.
  path: Assets/Pacotes/_Creepy_Cat/_3D Scifi Kit Starter Kit_HD/_Prefabs/Symbols/Num_0.prefab
  artifactKey: Guid(3cb7cbe74f36649b2a01b51a54feabba) Importer(815301076,1909f56bfc062723c751e8b465ee728b)
Start importing Assets/Pacotes/_Creepy_Cat/_3D Scifi Kit Starter Kit_HD/_Prefabs/Symbols/Num_0.prefab using Guid(3cb7cbe74f36649b2a01b51a54feabba) Importer(815301076,1909f56bfc062723c751e8b465ee728b) (PreviewImporter) -> (artifact id: '6f5d528899c04372e2d0aa12cd42b538') in 0.0262941 seconds
Number of updated asset objects reloaded before import = 0Number of asset objects unloaded after import = 12

========================================================================
Received Import Request.
  Time since last request: 0.000017 seconds.
  path: Assets/Pacotes/_Creepy_Cat/_3D Scifi Kit Starter Kit_HD/_Prefabs/Symbols/Sign_Caution_02.prefab
  artifactKey: Guid(f934feb22fdce4763bd4158da7dd43ed) Importer(815301076,1909f56bfc062723c751e8b465ee728b)
Start importing Assets/Pacotes/_Creepy_Cat/_3D Scifi Kit Starter Kit_HD/_Prefabs/Symbols/Sign_Caution_02.prefab using Guid(f934feb22fdce4763bd4158da7dd43ed) Importer(815301076,1909f56bfc062723c751e8b465ee728b) (PreviewImporter) -> (artifact id: '6e777cbdd11d0ca4de8fcd64fb57f55a') in 0.020596 seconds
Number of updated asset objects reloaded before import = 0Number of asset objects unloaded after import = 12

========================================================================
Received Import Request.
  Time since last request: 0.000021 seconds.
  path: Assets/Pacotes/_Creepy_Cat/_3D Scifi Kit Starter Kit_HD/_Prefabs/Symbols/Word_Deck.prefab
  artifactKey: Guid(8572a30ed49eb4c80af2ed797458815b) Importer(815301076,1909f56bfc062723c751e8b465ee728b)
Start importing Assets/Pacotes/_Creepy_Cat/_3D Scifi Kit Starter Kit_HD/_Prefabs/Symbols/Word_Deck.prefab using Guid(8572a30ed49eb4c80af2ed797458815b) Importer(815301076,1909f56bfc062723c751e8b465ee728b) (PreviewImporter) -> (artifact id: 'e33fcc1f28bd61a9902b57f019f65aea') in 0.022893 seconds
Number of updated asset objects reloaded before import = 0Number of asset objects unloaded after import = 12

========================================================================
Received Import Request.
  Time since last request: 0.000029 seconds.
  path: Assets/Pacotes/_Creepy_Cat/_3D Scifi Kit Starter Kit_HD/_Prefabs/Symbols/Word_Zone.prefab
  artifactKey: Guid(01cc9322b0a464f5580c775f02bbaaab) Importer(815301076,1909f56bfc062723c751e8b465ee728b)
Start importing Assets/Pacotes/_Creepy_Cat/_3D Scifi Kit Starter Kit_HD/_Prefabs/Symbols/Word_Zone.prefab using Guid(01cc9322b0a464f5580c775f02bbaaab) Importer(815301076,1909f56bfc062723c751e8b465ee728b) (PreviewImporter) -> (artifact id: '36c6b066bce3b5801c9dbb63e2453069') in 0.0215525 seconds
Number of updated asset objects reloaded before import = 0Number of asset objects unloaded after import = 12

========================================================================
Received Import Request.
  Time since last request: 0.000017 seconds.
  path: Assets/Pacotes/_Creepy_Cat/_3D Scifi Kit Starter Kit_HD/_Prefabs/Symbols/Num_5.prefab
  artifactKey: Guid(b20c11b870d8e4cb781fce27ac788924) Importer(815301076,1909f56bfc062723c751e8b465ee728b)
Start importing Assets/Pacotes/_Creepy_Cat/_3D Scifi Kit Starter Kit_HD/_Prefabs/Symbols/Num_5.prefab using Guid(b20c11b870d8e4cb781fce27ac788924) Importer(815301076,1909f56bfc062723c751e8b465ee728b) (PreviewImporter) -> (artifact id: '49098415fd4740233e6e3228d93f0f2c') in 0.0199392 seconds
Number of updated asset objects reloaded before import = 0Number of asset objects unloaded after import = 12

========================================================================
Received Import Request.
  Time since last request: 0.000019 seconds.
  path: Assets/Pacotes/_Creepy_Cat/_3D Scifi Kit Starter Kit_HD/_Prefabs/Symbols/Word_Level.prefab
  artifactKey: Guid(e54a4f2d0e2874f848a4b13ae4e748f0) Importer(815301076,1909f56bfc062723c751e8b465ee728b)
Start importing Assets/Pacotes/_Creepy_Cat/_3D Scifi Kit Starter Kit_HD/_Prefabs/Symbols/Word_Level.prefab using Guid(e54a4f2d0e2874f848a4b13ae4e748f0) Importer(815301076,1909f56bfc062723c751e8b465ee728b) (PreviewImporter) -> (artifact id: '2f64a10fd04087b9c1dda7e32ffd7cab') in 0.0227835 seconds
Number of updated asset objects reloaded before import = 0Number of asset objects unloaded after import = 12

========================================================================
Received Import Request.
  Time since last request: 0.000016 seconds.
  path: Assets/Pacotes/_Creepy_Cat/_3D Scifi Kit Starter Kit_HD/_Prefabs/Symbols/Word_Area.prefab
  artifactKey: Guid(efc9f3d32f51342d9ac8665afc174897) Importer(815301076,1909f56bfc062723c751e8b465ee728b)
Start importing Assets/Pacotes/_Creepy_Cat/_3D Scifi Kit Starter Kit_HD/_Prefabs/Symbols/Word_Area.prefab using Guid(efc9f3d32f51342d9ac8665afc174897) Importer(815301076,1909f56bfc062723c751e8b465ee728b) (PreviewImporter) -> (artifact id: '3f183744d6295cf94034148f715cae9d') in 0.0275949 seconds
Number of updated asset objects reloaded before import = 0Number of asset objects unloaded after import = 12

========================================================================
Received Import Request.
  Time since last request: 0.656279 seconds.
  path: Assets/Pacotes/_Creepy_Cat/_3D Scifi Kit Starter Kit_HD/_Prefabs/Walls/Column_01_Big.prefab
  artifactKey: Guid(c046375e7bf1c42cdac74810855eae68) Importer(815301076,1909f56bfc062723c751e8b465ee728b)
Start importing Assets/Pacotes/_Creepy_Cat/_3D Scifi Kit Starter Kit_HD/_Prefabs/Walls/Column_01_Big.prefab using Guid(c046375e7bf1c42cdac74810855eae68) Importer(815301076,1909f56bfc062723c751e8b465ee728b) (PreviewImporter) -> (artifact id: 'd2cbb6ee37db8504319f40208d43c35b') in 0.0720536 seconds
Number of updated asset objects reloaded before import = 0Number of asset objects unloaded after import = 21

========================================================================
Received Import Request.
  Time since last request: 0.000020 seconds.
  path: Assets/Pacotes/_Creepy_Cat/_3D Scifi Kit Starter Kit_HD/_Prefabs/Walls/Wall_Pipes_01_Large.prefab
  artifactKey: Guid(0156d82925fa4477e95bd73f098c846b) Importer(815301076,1909f56bfc062723c751e8b465ee728b)
Start importing Assets/Pacotes/_Creepy_Cat/_3D Scifi Kit Starter Kit_HD/_Prefabs/Walls/Wall_Pipes_01_Large.prefab using Guid(0156d82925fa4477e95bd73f098c846b) Importer(815301076,1909f56bfc062723c751e8b465ee728b) (PreviewImporter) -> (artifact id: 'fc3a996db4c00c945d1f019bce699b9f') in 0.0603578 seconds
Number of updated asset objects reloaded before import = 0Number of asset objects unloaded after import = 35

========================================================================
Received Import Request.
  Time since last request: 0.000075 seconds.
  path: Assets/Pacotes/_Creepy_Cat/_3D Scifi Kit Starter Kit_HD/_Prefabs/Walls/Wall_Simple_05_Long.prefab
  artifactKey: Guid(a3a28df7da6da4deea03a2a2f34a54ac) Importer(815301076,1909f56bfc062723c751e8b465ee728b)
Start importing Assets/Pacotes/_Creepy_Cat/_3D Scifi Kit Starter Kit_HD/_Prefabs/Walls/Wall_Simple_05_Long.prefab using Guid(a3a28df7da6da4deea03a2a2f34a54ac) Importer(815301076,1909f56bfc062723c751e8b465ee728b) (PreviewImporter) -> (artifact id: 'd943b1124c1f80fe36488ec2416305c7') in 0.1218708 seconds
Number of updated asset objects reloaded before import = 0Number of asset objects unloaded after import = 54

========================================================================
Received Import Request.
  Time since last request: 0.000034 seconds.
  path: Assets/Pacotes/_Creepy_Cat/_3D Scifi Kit Starter Kit_HD/_Prefabs/Walls/Wall_Simple_04_Long.prefab
  artifactKey: Guid(70875bfee8728450189136f0533aabe0) Importer(815301076,1909f56bfc062723c751e8b465ee728b)
Start importing Assets/Pacotes/_Creepy_Cat/_3D Scifi Kit Starter Kit_HD/_Prefabs/Walls/Wall_Simple_04_Long.prefab using Guid(70875bfee8728450189136f0533aabe0) Importer(815301076,1909f56bfc062723c751e8b465ee728b) (PreviewImporter) -> (artifact id: '0c1145d67ac0ecc2b0e05a87f74400e5') in 0.1658809 seconds
Number of updated asset objects reloaded before import = 0Number of asset objects unloaded after import = 64

========================================================================
Received Import Request.
  Time since last request: 0.000049 seconds.
  path: Assets/Pacotes/_Creepy_Cat/_3D Scifi Kit Starter Kit_HD/_Prefabs/Walls/Wall_Pipes_02_Large.prefab
  artifactKey: Guid(49c6cada7ed484c158ec10a1e2745a64) Importer(815301076,1909f56bfc062723c751e8b465ee728b)
Start importing Assets/Pacotes/_Creepy_Cat/_3D Scifi Kit Starter Kit_HD/_Prefabs/Walls/Wall_Pipes_02_Large.prefab using Guid(49c6cada7ed484c158ec10a1e2745a64) Importer(815301076,1909f56bfc062723c751e8b465ee728b) (PreviewImporter) -> (artifact id: '8ee75de6e4225790912eaeabfb2304bd') in 0.0532916 seconds
Number of updated asset objects reloaded before import = 0Number of asset objects unloaded after import = 35

========================================================================
Received Import Request.
  Time since last request: 0.000048 seconds.
  path: Assets/Pacotes/_Creepy_Cat/_3D Scifi Kit Starter Kit_HD/_Prefabs/Walls/Wall_Inclined_02_CoinRight.prefab
  artifactKey: Guid(33403cd954ab747f9989f98b1e34c139) Importer(815301076,1909f56bfc062723c751e8b465ee728b)
Start importing Assets/Pacotes/_Creepy_Cat/_3D Scifi Kit Starter Kit_HD/_Prefabs/Walls/Wall_Inclined_02_CoinRight.prefab using Guid(33403cd954ab747f9989f98b1e34c139) Importer(815301076,1909f56bfc062723c751e8b465ee728b) (PreviewImporter) -> (artifact id: '8ac8a33406d3395dc32579d8d83fac31') in 0.2163304 seconds
Number of updated asset objects reloaded before import = 0Number of asset objects unloaded after import = 62

========================================================================
Received Import Request.
  Time since last request: 0.000067 seconds.
  path: Assets/Pacotes/_Creepy_Cat/_3D Scifi Kit Starter Kit_HD/_Prefabs/Walls/Wall_Simple_01_InvertCoin.prefab
  artifactKey: Guid(d9496913daf444c5c9205545c44d78c4) Importer(815301076,1909f56bfc062723c751e8b465ee728b)
Start importing Assets/Pacotes/_Creepy_Cat/_3D Scifi Kit Starter Kit_HD/_Prefabs/Walls/Wall_Simple_01_InvertCoin.prefab using Guid(d9496913daf444c5c9205545c44d78c4) Importer(815301076,1909f56bfc062723c751e8b465ee728b) (PreviewImporter) -> (artifact id: 'b1315f96635704e71885da0275925f08') in 0.1326846 seconds
Number of updated asset objects reloaded before import = 0Number of asset objects unloaded after import = 39

========================================================================
Received Import Request.
  Time since last request: 0.000096 seconds.
  path: Assets/Pacotes/_Creepy_Cat/_3D Scifi Kit Starter Kit_HD/_Prefabs/Walls/Wall_Inclined_01_CoinRight.prefab
  artifactKey: Guid(8ddec44bef7c945959c9f2ed57e86299) Importer(815301076,1909f56bfc062723c751e8b465ee728b)
Start importing Assets/Pacotes/_Creepy_Cat/_3D Scifi Kit Starter Kit_HD/_Prefabs/Walls/Wall_Inclined_01_CoinRight.prefab using Guid(8ddec44bef7c945959c9f2ed57e86299) Importer(815301076,1909f56bfc062723c751e8b465ee728b) (PreviewImporter) -> (artifact id: '46ea9aebf6f596fe90f7ac5b63903d01') in 0.1556274 seconds
Number of updated asset objects reloaded before import = 0Number of asset objects unloaded after import = 60

========================================================================
Received Import Request.
  Time since last request: 0.000051 seconds.
  path: Assets/Pacotes/_Creepy_Cat/_3D Scifi Kit Starter Kit_HD/_Prefabs/Walls/Wall_Inclined_02_CoinLeft.prefab
  artifactKey: Guid(3c2481cf5d79f4b829f77b002e8e5b9d) Importer(815301076,1909f56bfc062723c751e8b465ee728b)
Start importing Assets/Pacotes/_Creepy_Cat/_3D Scifi Kit Starter Kit_HD/_Prefabs/Walls/Wall_Inclined_02_CoinLeft.prefab using Guid(3c2481cf5d79f4b829f77b002e8e5b9d) Importer(815301076,1909f56bfc062723c751e8b465ee728b) (PreviewImporter) -> (artifact id: '68db4ba6759a92839c85fabe78199163') in 0.1816288 seconds
Number of updated asset objects reloaded before import = 0Number of asset objects unloaded after import = 64

========================================================================
Received Import Request.
  Time since last request: 7.404550 seconds.
  path: Assets/Pacotes/_Creepy_Cat/_3D Scifi Kit Starter Kit_HD/Materials/_Others
  artifactKey: Guid(c251e0519f95441ccbb222ed8764116f) Importer(815301076,1909f56bfc062723c751e8b465ee728b)
Start importing Assets/Pacotes/_Creepy_Cat/_3D Scifi Kit Starter Kit_HD/Materials/_Others using Guid(c251e0519f95441ccbb222ed8764116f) Importer(815301076,1909f56bfc062723c751e8b465ee728b) (PreviewImporter) -> (artifact id: '5bf440ebc64d73bce0ca92e69d75dc42') in 0.0008963 seconds
Number of updated asset objects reloaded before import = 0Number of asset objects unloaded after import = 0

========================================================================
Received Import Request.
  Time since last request: 0.050791 seconds.
  path: Assets/Pacotes/_Creepy_Cat/_3D Scifi Kit Starter Kit_HD/Materials/_Others/Anim_01_8x2.mat
  artifactKey: Guid(88aa664b6951e4fc1b5fa68d7afa9021) Importer(815301076,1909f56bfc062723c751e8b465ee728b)
Start importing Assets/Pacotes/_Creepy_Cat/_3D Scifi Kit Starter Kit_HD/Materials/_Others/Anim_01_8x2.mat using Guid(88aa664b6951e4fc1b5fa68d7afa9021) Importer(815301076,1909f56bfc062723c751e8b465ee728b) (PreviewImporter) -> (artifact id: '04599e3956995f48c97ad363ffab0984') in 0.0410732 seconds
Number of updated asset objects reloaded before import = 0Number of asset objects unloaded after import = 1

========================================================================
Received Import Request.
  Time since last request: 0.000019 seconds.
  path: Assets/Pacotes/_Creepy_Cat/_3D Scifi Kit Starter Kit_HD/Materials/_Others/Glow_Strong.mat
  artifactKey: Guid(02802d43834c649e88e7bdc90aa248a9) Importer(815301076,1909f56bfc062723c751e8b465ee728b)
Start importing Assets/Pacotes/_Creepy_Cat/_3D Scifi Kit Starter Kit_HD/Materials/_Others/Glow_Strong.mat using Guid(02802d43834c649e88e7bdc90aa248a9) Importer(815301076,1909f56bfc062723c751e8b465ee728b) (PreviewImporter) -> (artifact id: 'c82fb3f84afad2b5e5704695eff7c745') in 0.0282895 seconds
Number of updated asset objects reloaded before import = 0Number of asset objects unloaded after import = 2

========================================================================
Received Import Request.
  Time since last request: 0.000017 seconds.
  path: Assets/Pacotes/_Creepy_Cat/_3D Scifi Kit Starter Kit_HD/Materials/_Others/Glass.mat
  artifactKey: Guid(3b73c95214dfc4876a164f473ce71277) Importer(815301076,1909f56bfc062723c751e8b465ee728b)
Start importing Assets/Pacotes/_Creepy_Cat/_3D Scifi Kit Starter Kit_HD/Materials/_Others/Glass.mat using Guid(3b73c95214dfc4876a164f473ce71277) Importer(815301076,1909f56bfc062723c751e8b465ee728b) (PreviewImporter) -> (artifact id: '4fcd2082119cfb29e4d082e368cc1406') in 0.0738069 seconds
Number of updated asset objects reloaded before import = 0Number of asset objects unloaded after import = 3

========================================================================
Received Import Request.
  Time since last request: 12.365956 seconds.
  path: Assets/Pacotes/_Creepy_Cat/_3D Scifi Kit Starter Kit_HD/Example_01.unity
  artifactKey: Guid(8f1a01e4b1a374aa6bfe472517a8a56e) Importer(815301076,1909f56bfc062723c751e8b465ee728b)
Start importing Assets/Pacotes/_Creepy_Cat/_3D Scifi Kit Starter Kit_HD/Example_01.unity using Guid(8f1a01e4b1a374aa6bfe472517a8a56e) Importer(815301076,1909f56bfc062723c751e8b465ee728b) (PreviewImporter) -> (artifact id: 'dc137983cddacbbd3947d8bee4dcba30') in 0.011579 seconds
Number of updated asset objects reloaded before import = 0Number of asset objects unloaded after import = 0

========================================================================
Received Import Request.
  Time since last request: 50.616720 seconds.
  path: Assets/Pacotes/Decrepit Dungeon LITE/Textures
  artifactKey: Guid(a959991a936f5e6438ca4bd7a9ecebdf) Importer(815301076,1909f56bfc062723c751e8b465ee728b)
Start importing Assets/Pacotes/Decrepit Dungeon LITE/Textures using Guid(a959991a936f5e6438ca4bd7a9ecebdf) Importer(815301076,1909f56bfc062723c751e8b465ee728b) (PreviewImporter) -> (artifact id: '36ca56ae4209e947dc03a2250f92e174') in 0.0110107 seconds
Number of updated asset objects reloaded before import = 0Number of asset objects unloaded after import = 0

========================================================================
Received Import Request.
  Time since last request: 4.131550 seconds.
  path: Assets/Pacotes/Decrepit Dungeon LITE/Prefabs/Floors
  artifactKey: Guid(cd2ff047c257ae248a94c7a9d70928ca) Importer(815301076,1909f56bfc062723c751e8b465ee728b)
Start importing Assets/Pacotes/Decrepit Dungeon LITE/Prefabs/Floors using Guid(cd2ff047c257ae248a94c7a9d70928ca) Importer(815301076,1909f56bfc062723c751e8b465ee728b) (PreviewImporter) -> (artifact id: '154ec1abee7acdce813b837dc2089a81') in 0.0112823 seconds
Number of updated asset objects reloaded before import = 0Number of asset objects unloaded after import = 0

========================================================================
Received Import Request.
  Time since last request: 0.070331 seconds.
  path: Assets/Pacotes/Decrepit Dungeon LITE/Prefabs/Floors/Floor_A.prefab
  artifactKey: Guid(b2f96746c6005c64888263f64272a556) Importer(815301076,1909f56bfc062723c751e8b465ee728b)
Start importing Assets/Pacotes/Decrepit Dungeon LITE/Prefabs/Floors/Floor_A.prefab using Guid(b2f96746c6005c64888263f64272a556) Importer(815301076,1909f56bfc062723c751e8b465ee728b) (PreviewImporter) -> (artifact id: '29291d03fefb5c1c7eb0797b8ec7afc5') in 0.0170222 seconds
Number of updated asset objects reloaded before import = 0Number of asset objects unloaded after import = 13

========================================================================
Received Import Request.
  Time since last request: 4.805045 seconds.
  path: Assets/Pacotes/Decrepit Dungeon LITE/Prefabs/Doorways/Doorway_A.prefab
  artifactKey: Guid(10f6c197dbc5b3d4bb207a1bd7921eba) Importer(815301076,1909f56bfc062723c751e8b465ee728b)
Start importing Assets/Pacotes/Decrepit Dungeon LITE/Prefabs/Doorways/Doorway_A.prefab using Guid(10f6c197dbc5b3d4bb207a1bd7921eba) Importer(815301076,1909f56bfc062723c751e8b465ee728b) (PreviewImporter) -> (artifact id: '506092990e70ba8064e8c146f91a7ce3') in 0.0189769 seconds
Number of updated asset objects reloaded before import = 0Number of asset objects unloaded after import = 17

========================================================================
Received Import Request.
  Time since last request: 0.000015 seconds.
  path: Assets/Pacotes/Decrepit Dungeon LITE/Prefabs/Doorways/Doorway_C.prefab
  artifactKey: Guid(3faf544bbf9cefb4da44238798338db2) Importer(815301076,1909f56bfc062723c751e8b465ee728b)
Start importing Assets/Pacotes/Decrepit Dungeon LITE/Prefabs/Doorways/Doorway_C.prefab using Guid(3faf544bbf9cefb4da44238798338db2) Importer(815301076,1909f56bfc062723c751e8b465ee728b) (PreviewImporter) -> (artifact id: '0f3b3c75ec5d005159c1149a1c51e298') in 0.0166766 seconds
Number of updated asset objects reloaded before import = 0Number of asset objects unloaded after import = 20

========================================================================
Received Import Request.
  Time since last request: 1.223804 seconds.
  path: Assets/Pacotes/Decrepit Dungeon LITE/Prefabs/Doors/Door_A.prefab
  artifactKey: Guid(4aa5a7ef56dd26f4d8cdad18e6dd51d2) Importer(815301076,1909f56bfc062723c751e8b465ee728b)
Start importing Assets/Pacotes/Decrepit Dungeon LITE/Prefabs/Doors/Door_A.prefab using Guid(4aa5a7ef56dd26f4d8cdad18e6dd51d2) Importer(815301076,1909f56bfc062723c751e8b465ee728b) (PreviewImporter) -> (artifact id: '135a88178e51319e540151706968935d') in 0.0178193 seconds
Number of updated asset objects reloaded before import = 0Number of asset objects unloaded after import = 14

========================================================================
Received Import Request.
  Time since last request: 0.000016 seconds.
  path: Assets/Pacotes/Decrepit Dungeon LITE/Prefabs/Doors/Door_D.prefab
  artifactKey: Guid(6a07feca79d15f84d83a75c6432bd05c) Importer(815301076,1909f56bfc062723c751e8b465ee728b)
Start importing Assets/Pacotes/Decrepit Dungeon LITE/Prefabs/Doors/Door_D.prefab using Guid(6a07feca79d15f84d83a75c6432bd05c) Importer(815301076,1909f56bfc062723c751e8b465ee728b) (PreviewImporter) -> (artifact id: 'c187bd6e126e52aaced67788b93a40c5') in 0.0178602 seconds
Number of updated asset objects reloaded before import = 0Number of asset objects unloaded after import = 26

========================================================================
Received Import Request.
  Time since last request: 1.994618 seconds.
  path: Assets/Pacotes/Decrepit Dungeon LITE/Prefabs/Decals/Grunge_A.prefab
  artifactKey: Guid(fcbd3be90bc4c7f4080b171503d710dd) Importer(815301076,1909f56bfc062723c751e8b465ee728b)
Start importing Assets/Pacotes/Decrepit Dungeon LITE/Prefabs/Decals/Grunge_A.prefab using Guid(fcbd3be90bc4c7f4080b171503d710dd) Importer(815301076,1909f56bfc062723c751e8b465ee728b) (PreviewImporter) -> (artifact id: '94bdc03c5c00dbcc9ed85f8006a3ff76') in 0.0319636 seconds
Number of updated asset objects reloaded before import = 0Number of asset objects unloaded after import = 12

========================================================================
Received Import Request.
  Time since last request: 0.001862 seconds.
  path: Assets/Pacotes/Decrepit Dungeon LITE/Prefabs/Decals/Hay_A.prefab
  artifactKey: Guid(db376d84db5f60748b98e9a47b6770ab) Importer(815301076,1909f56bfc062723c751e8b465ee728b)
Start importing Assets/Pacotes/Decrepit Dungeon LITE/Prefabs/Decals/Hay_A.prefab using Guid(db376d84db5f60748b98e9a47b6770ab) Importer(815301076,1909f56bfc062723c751e8b465ee728b) (PreviewImporter) -> (artifact id: '4d4e940ca3a96d4663e18c1083e32bcf') in 0.0163663 seconds
Number of updated asset objects reloaded before import = 0Number of asset objects unloaded after import = 13

========================================================================
Received Import Request.
  Time since last request: 0.000021 seconds.
  path: Assets/Pacotes/Decrepit Dungeon LITE/Prefabs/Decals/Grunge_D.prefab
  artifactKey: Guid(463ff9a36ad3b9048ad14b062ffedd2b) Importer(815301076,1909f56bfc062723c751e8b465ee728b)
Start importing Assets/Pacotes/Decrepit Dungeon LITE/Prefabs/Decals/Grunge_D.prefab using Guid(463ff9a36ad3b9048ad14b062ffedd2b) Importer(815301076,1909f56bfc062723c751e8b465ee728b) (PreviewImporter) -> (artifact id: 'ed292eef3e28aec8f9313953c9866998') in 0.0147569 seconds
Number of updated asset objects reloaded before import = 0Number of asset objects unloaded after import = 12

========================================================================
Received Import Request.
  Time since last request: 0.000022 seconds.
  path: Assets/Pacotes/Decrepit Dungeon LITE/Prefabs/Decals/Hay_C.prefab
  artifactKey: Guid(277581e3138a61f46878277a7d68a675) Importer(815301076,1909f56bfc062723c751e8b465ee728b)
Start importing Assets/Pacotes/Decrepit Dungeon LITE/Prefabs/Decals/Hay_C.prefab using Guid(277581e3138a61f46878277a7d68a675) Importer(815301076,1909f56bfc062723c751e8b465ee728b) (PreviewImporter) -> (artifact id: '8922084cc0a45964e567890fdb8cbc02') in 0.0164049 seconds
Number of updated asset objects reloaded before import = 0Number of asset objects unloaded after import = 13

========================================================================
Received Import Request.
  Time since last request: 0.000029 seconds.
  path: Assets/Pacotes/Decrepit Dungeon LITE/Prefabs/Decals/Grunge_F.prefab
  artifactKey: Guid(cd2bddb9961304741bb667a4a663f581) Importer(815301076,1909f56bfc062723c751e8b465ee728b)
Start importing Assets/Pacotes/Decrepit Dungeon LITE/Prefabs/Decals/Grunge_F.prefab using Guid(cd2bddb9961304741bb667a4a663f581) Importer(815301076,1909f56bfc062723c751e8b465ee728b) (PreviewImporter) -> (artifact id: 'f637bc3d96bfc04c4051f92359278920') in 0.0187929 seconds
Number of updated asset objects reloaded before import = 0Number of asset objects unloaded after import = 12

========================================================================
Received Import Request.
  Time since last request: 0.000044 seconds.
  path: Assets/Pacotes/Decrepit Dungeon LITE/Prefabs/Decals/Wax.prefab
  artifactKey: Guid(7de209ee5e8595e41887a1dedd915a11) Importer(815301076,1909f56bfc062723c751e8b465ee728b)
Start importing Assets/Pacotes/Decrepit Dungeon LITE/Prefabs/Decals/Wax.prefab using Guid(7de209ee5e8595e41887a1dedd915a11) Importer(815301076,1909f56bfc062723c751e8b465ee728b) (PreviewImporter) -> (artifact id: '29de9fbb51ff3e79c38fbd8f5a05570a') in 0.013416 seconds
Number of updated asset objects reloaded before import = 0Number of asset objects unloaded after import = 12

========================================================================
Received Import Request.
  Time since last request: 1.257075 seconds.
  path: Assets/Pacotes/Decrepit Dungeon LITE/Prefabs/Arches/Arch_A.prefab
  artifactKey: Guid(de3b8c31d809a0442bdf5e22edaf92be) Importer(815301076,1909f56bfc062723c751e8b465ee728b)
Start importing Assets/Pacotes/Decrepit Dungeon LITE/Prefabs/Arches/Arch_A.prefab using Guid(de3b8c31d809a0442bdf5e22edaf92be) Importer(815301076,1909f56bfc062723c751e8b465ee728b) (PreviewImporter) -> (artifact id: '3ddb633ce8fc11a84c9b01b3a3e59ef3') in 0.027942 seconds
Number of updated asset objects reloaded before import = 0Number of asset objects unloaded after import = 17

========================================================================
Received Import Request.
  Time since last request: 2.151464 seconds.
  path: Assets/Pacotes/Decrepit Dungeon LITE/Prefabs/Stairs/Stairs_A.prefab
  artifactKey: Guid(b5e6d0f89d317b146a5e063b6c80a8fe) Importer(815301076,1909f56bfc062723c751e8b465ee728b)
Start importing Assets/Pacotes/Decrepit Dungeon LITE/Prefabs/Stairs/Stairs_A.prefab using Guid(b5e6d0f89d317b146a5e063b6c80a8fe) Importer(815301076,1909f56bfc062723c751e8b465ee728b) (PreviewImporter) -> (artifact id: 'f2df4fa5d97cc91bf7b08d83a8814d5b') in 0.0206282 seconds
Number of updated asset objects reloaded before import = 0Number of asset objects unloaded after import = 17

========================================================================
Received Import Request.
  Time since last request: 0.000019 seconds.
  path: Assets/Pacotes/Decrepit Dungeon LITE/Prefabs/Stairs/Stairs_C.prefab
  artifactKey: Guid(ad0f936da1b94df47a67bc558a9ccff0) Importer(815301076,1909f56bfc062723c751e8b465ee728b)
Start importing Assets/Pacotes/Decrepit Dungeon LITE/Prefabs/Stairs/Stairs_C.prefab using Guid(ad0f936da1b94df47a67bc558a9ccff0) Importer(815301076,1909f56bfc062723c751e8b465ee728b) (PreviewImporter) -> (artifact id: '41d565000bafe7ebc26eff152df3a791') in 0.019832 seconds
Number of updated asset objects reloaded before import = 0Number of asset objects unloaded after import = 17

========================================================================
Received Import Request.
  Time since last request: 0.000024 seconds.
  path: Assets/Pacotes/Decrepit Dungeon LITE/Prefabs/Stairs/Stairs_F.prefab
  artifactKey: Guid(7c84b5794225d8a4ca0500ec37701101) Importer(815301076,1909f56bfc062723c751e8b465ee728b)
Start importing Assets/Pacotes/Decrepit Dungeon LITE/Prefabs/Stairs/Stairs_F.prefab using Guid(7c84b5794225d8a4ca0500ec37701101) Importer(815301076,1909f56bfc062723c751e8b465ee728b) (PreviewImporter) -> (artifact id: 'b60b42b89544ab2adf3acdff5029dd61') in 0.0182865 seconds
Number of updated asset objects reloaded before import = 0Number of asset objects unloaded after import = 17

========================================================================
Received Import Request.
  Time since last request: 1.928970 seconds.
  path: Assets/Pacotes/Decrepit Dungeon LITE/Prefabs/Walls/Dungeon_Tunnel_A.prefab
  artifactKey: Guid(18a3408f13d3db04f8f6c199a67986b1) Importer(815301076,1909f56bfc062723c751e8b465ee728b)
Start importing Assets/Pacotes/Decrepit Dungeon LITE/Prefabs/Walls/Dungeon_Tunnel_A.prefab using Guid(18a3408f13d3db04f8f6c199a67986b1) Importer(815301076,1909f56bfc062723c751e8b465ee728b) (PreviewImporter) -> (artifact id: 'b39cb0feac025621b6600c7b73499acd') in 0.0122749 seconds
Number of updated asset objects reloaded before import = 0Number of asset objects unloaded after import = 14

========================================================================
Received Import Request.
  Time since last request: 0.000015 seconds.
  path: Assets/Pacotes/Decrepit Dungeon LITE/Prefabs/Walls/Wall_B_Corner.prefab
  artifactKey: Guid(01311b99708e82145a709f95952e18b6) Importer(815301076,1909f56bfc062723c751e8b465ee728b)
Start importing Assets/Pacotes/Decrepit Dungeon LITE/Prefabs/Walls/Wall_B_Corner.prefab using Guid(01311b99708e82145a709f95952e18b6) Importer(815301076,1909f56bfc062723c751e8b465ee728b) (PreviewImporter) -> (artifact id: 'c6beccab60d267c13c4291e3ab09935f') in 0.0139933 seconds
Number of updated asset objects reloaded before import = 0Number of asset objects unloaded after import = 17

========================================================================
Received Import Request.
  Time since last request: 0.000022 seconds.
  path: Assets/Pacotes/Decrepit Dungeon LITE/Prefabs/Walls/Wall_B.prefab
  artifactKey: Guid(ce73a35450ff20d4ab05c1f0c3cec2dc) Importer(815301076,1909f56bfc062723c751e8b465ee728b)
Start importing Assets/Pacotes/Decrepit Dungeon LITE/Prefabs/Walls/Wall_B.prefab using Guid(ce73a35450ff20d4ab05c1f0c3cec2dc) Importer(815301076,1909f56bfc062723c751e8b465ee728b) (PreviewImporter) -> (artifact id: '892e95a60a727737be8beb20877e15d8') in 0.0135528 seconds
Number of updated asset objects reloaded before import = 0Number of asset objects unloaded after import = 17

========================================================================
Received Import Request.
  Time since last request: 0.000016 seconds.
  path: Assets/Pacotes/Decrepit Dungeon LITE/Prefabs/Walls/Wall_D.prefab
  artifactKey: Guid(62f525a5c612fb04d9041a1e55c345c4) Importer(815301076,1909f56bfc062723c751e8b465ee728b)
Start importing Assets/Pacotes/Decrepit Dungeon LITE/Prefabs/Walls/Wall_D.prefab using Guid(62f525a5c612fb04d9041a1e55c345c4) Importer(815301076,1909f56bfc062723c751e8b465ee728b) (PreviewImporter) -> (artifact id: 'a5120bbbcf80749d2c0ab34ce6e10530') in 0.0170995 seconds
Number of updated asset objects reloaded before import = 0Number of asset objects unloaded after import = 29

========================================================================
Received Import Request.
  Time since last request: 0.000023 seconds.
  path: Assets/Pacotes/Decrepit Dungeon LITE/Prefabs/Walls/Wall_A_Corner.prefab
  artifactKey: Guid(24579a71f306fa349abdad24a69e4d08) Importer(815301076,1909f56bfc062723c751e8b465ee728b)
Start importing Assets/Pacotes/Decrepit Dungeon LITE/Prefabs/Walls/Wall_A_Corner.prefab using Guid(24579a71f306fa349abdad24a69e4d08) Importer(815301076,1909f56bfc062723c751e8b465ee728b) (PreviewImporter) -> (artifact id: '67567ed57abb013a55ca5857cd78a4f3') in 0.0120973 seconds
Number of updated asset objects reloaded before import = 0Number of asset objects unloaded after import = 14

========================================================================
Received Import Request.
  Time since last request: 0.000016 seconds.
  path: Assets/Pacotes/Decrepit Dungeon LITE/Prefabs/Walls/Wall_E.prefab
  artifactKey: Guid(b3680b2b693885140a0abe782d406308) Importer(815301076,1909f56bfc062723c751e8b465ee728b)
Start importing Assets/Pacotes/Decrepit Dungeon LITE/Prefabs/Walls/Wall_E.prefab using Guid(b3680b2b693885140a0abe782d406308) Importer(815301076,1909f56bfc062723c751e8b465ee728b) (PreviewImporter) -> (artifact id: 'ea3511dea3ebe21adf2c1fbea45f70b0') in 0.0193484 seconds
Number of updated asset objects reloaded before import = 0Number of asset objects unloaded after import = 29

