Using pre-set license
Built from '2023.2/staging' branch; Version is '2023.2.20f1 (0e25a174756c) revision 927137'; Using compiler version '193431935'; Build Type 'Release'
OS: 'Windows 11  (10.0.22631) 64bit CoreSingleLanguage' Language: 'pt' Physical Memory: 23916 MB
BatchMode: 1, IsHumanControllingUs: 0, StartBugReporterOnCrash: 0, Is64bit: 1, IsPro: 1

COMMAND LINE ARGUMENTS:
C:\Program Files\Unity\Hub\Editor\2023.2.20f1\Editor\Unity.exe
-adb2
-batchMode
-noUpm
-name
AssetImportWorker23
-projectPath
C:/Users/amsar/Sobrevivencia
-logFile
Logs/AssetImportWorker23.log
-srvPort
53907
-job-worker-count
7
-background-job-worker-count
8
-asset-garbage-collectors
1
Successfully changed project path to: C:/Users/amsar/Sobrevivencia
C:/Users/amsar/Sobrevivencia
[UnityMemory] Configuration Parameters - Can be set up in boot.config
    "memorysetup-bucket-allocator-granularity=16"
    "memorysetup-bucket-allocator-bucket-count=8"
    "memorysetup-bucket-allocator-block-size=33554432"
    "memorysetup-bucket-allocator-block-count=8"
    "memorysetup-main-allocator-block-size=16777216"
    "memorysetup-thread-allocator-block-size=16777216"
    "memorysetup-gfx-main-allocator-block-size=16777216"
    "memorysetup-gfx-thread-allocator-block-size=16777216"
    "memorysetup-cache-allocator-block-size=4194304"
    "memorysetup-typetree-allocator-block-size=2097152"
    "memorysetup-profiler-bucket-allocator-granularity=16"
    "memorysetup-profiler-bucket-allocator-bucket-count=8"
    "memorysetup-profiler-bucket-allocator-block-size=33554432"
    "memorysetup-profiler-bucket-allocator-block-count=8"
    "memorysetup-profiler-allocator-block-size=16777216"
    "memorysetup-profiler-editor-allocator-block-size=1048576"
    "memorysetup-temp-allocator-size-main=16777216"
    "memorysetup-job-temp-allocator-block-size=2097152"
    "memorysetup-job-temp-allocator-block-size-background=1048576"
    "memorysetup-job-temp-allocator-reduction-small-platforms=262144"
    "memorysetup-allocator-temp-initial-block-size-main=262144"
    "memorysetup-allocator-temp-initial-block-size-worker=262144"
    "memorysetup-temp-allocator-size-background-worker=32768"
    "memorysetup-temp-allocator-size-job-worker=262144"
    "memorysetup-temp-allocator-size-preload-manager=33554432"
    "memorysetup-temp-allocator-size-nav-mesh-worker=65536"
    "memorysetup-temp-allocator-size-audio-worker=65536"
    "memorysetup-temp-allocator-size-cloud-worker=32768"
    "memorysetup-temp-allocator-size-gi-baking-worker=262144"
    "memorysetup-temp-allocator-size-gi-baking-worker=262144"
    "memorysetup-temp-allocator-size-gi-baking-worker=262144"
    "memorysetup-temp-allocator-size-gi-baking-worker=262144"
    "memorysetup-temp-allocator-size-gfx=262144"
Player connection [32652] Host "[IP] 192.168.56.1 [Port] 0 [Flags] 2 [Guid] 626495755 [EditorId] 626495755 [Version] 1048832 [Id] WindowsEditor(7,Marcos) [Debug] 1 [PackageName] WindowsEditor [ProjectName] Editor" joined multi-casting on [225.0.0.222:54997]...
Player connection [32652] Host "[IP] 192.168.56.1 [Port] 0 [Flags] 2 [Guid] 626495755 [EditorId] 626495755 [Version] 1048832 [Id] WindowsEditor(7,Marcos) [Debug] 1 [PackageName] WindowsEditor [ProjectName] Editor" joined alternative multi-casting on [225.0.0.222:34997]...
JobSystem: Creating JobQueue using job-worker-count value 7
[Physics::Module] Initialized MultithreadedJobDispatcher with 7 workers.
Library Redirect Path: Library/
Refreshing native plugins compatible for Editor in 5.07 ms, found 3 plugins.
Preloading 0 native plugins for Editor in 0.00 ms.
Initialize engine version: 2023.2.20f1 (0e25a174756c)
[Subsystems] Discovering subsystems at path C:/Program Files/Unity/Hub/Editor/2023.2.20f1/Editor/Data/Resources/UnitySubsystems
[Subsystems] Discovering subsystems at path C:/Users/amsar/Sobrevivencia/Assets
GfxDevice: creating device client; kGfxThreadingModeNonThreaded
Direct3D:
    Version:  Direct3D 11.0 [level 11.1]
    Renderer: NVIDIA GeForce GTX 1650 (ID=0x1f9d)
    Vendor:   NVIDIA
    VRAM:     3950 MB
    Driver:   31.0.15.3734
Initialize mono
Mono path[0] = 'C:/Program Files/Unity/Hub/Editor/2023.2.20f1/Editor/Data/Managed'
Mono path[1] = 'C:/Program Files/Unity/Hub/Editor/2023.2.20f1/Editor/Data/MonoBleedingEdge/lib/mono/unityjit-win32'
Mono config path = 'C:/Program Files/Unity/Hub/Editor/2023.2.20f1/Editor/Data/MonoBleedingEdge/etc'
Using monoOptions --debugger-agent=transport=dt_socket,embedding=1,server=y,suspend=n,address=127.0.0.1:56324
Begin MonoManager ReloadAssembly
Registering precompiled unity dll's ...
Register platform support module: C:/Program Files/Unity/Hub/Editor/2023.2.20f1/Editor/Data/PlaybackEngines/WebGLSupport/UnityEditor.WebGL.Extensions.dll
Register platform support module: C:/Program Files/Unity/Hub/Editor/2023.2.20f1/Editor/Data/PlaybackEngines/WindowsStandaloneSupport/UnityEditor.WindowsStandalone.Extensions.dll
Registered in 0.015142 seconds.
- Loaded All Assemblies, in  0.815 seconds
Native extension for WindowsStandalone target not found
Native extension for WebGL target not found
Mono: successfully reloaded assembly
- Finished resetting the current domain, in  0.772 seconds
Domain Reload Profiling: 1579ms
	BeginReloadAssembly (231ms)
		ExecutionOrderSort (0ms)
		DisableScriptedObjects (0ms)
		BackupInstance (0ms)
		ReleaseScriptingObjects (0ms)
		CreateAndSetChildDomain (2ms)
	RebuildCommonClasses (79ms)
	RebuildNativeTypeToScriptingClass (30ms)
	initialDomainReloadingComplete (131ms)
	LoadAllAssembliesAndSetupDomain (335ms)
		LoadAssemblies (222ms)
		RebuildTransferFunctionScriptingTraits (0ms)
		AnalyzeDomain (329ms)
			TypeCache.Refresh (327ms)
				TypeCache.ScanAssembly (297ms)
			BuildScriptInfoCaches (0ms)
			ResolveRequiredComponents (1ms)
	FinalizeReload (773ms)
		ReleaseScriptCaches (0ms)
		RebuildScriptCaches (0ms)
		SetupLoadedEditorAssemblies (647ms)
			LogAssemblyErrors (0ms)
			InitializePlatformSupportModulesInManaged (29ms)
			SetLoadedEditorAssemblies (11ms)
			BeforeProcessingInitializeOnLoad (13ms)
			ProcessInitializeOnLoadAttributes (470ms)
			ProcessInitializeOnLoadMethodAttributes (123ms)
			AfterProcessingInitializeOnLoad (0ms)
			EditorAssembliesLoaded (0ms)
		ExecutionOrderSort2 (0ms)
		AwakeInstancesAfterBackupRestoration (0ms)
========================================================================
Worker process is ready to serve import requests
Import Worker Mode flag is 0x00
Begin MonoManager ReloadAssembly
Symbol file LoadedFromMemory doesn't match image C:\Users\amsar\Sobrevivencia\Library\PackageCache\com.unity.visualscripting@1.8.0\Editor\VisualScripting.Core\Dependencies\YamlDotNet\Unity.VisualScripting.YamlDotNet.dll
Symbol file LoadedFromMemory doesn't match image C:\Users\amsar\Sobrevivencia\Library\PackageCache\com.unity.visualscripting@1.8.0\Editor\VisualScripting.Core\Dependencies\DotNetZip\Unity.VisualScripting.IonicZip.dll
Asset path could not be found for script compilation file '/Assets/Forst/Conifers [BOTD]/Installer/Editor/ConifersInstaller.cs'
Asset path could not be found for script compilation file '/Assets/Forst/Conifers [BOTD]/Installer/Editor/LaunchConifersInstaller.cs'
Asset path could not be found for script compilation file '/Assets/Forst/CTI Runtime Components/CTI Runtime Components BIRP/Scripts/Editor/CTI_AdvancedEdgeFluttering.cs'
Asset path could not be found for script compilation file '/Assets/Forst/CTI Runtime Components/CTI Runtime Components BIRP/Scripts/Editor/CTI_DetailsEnum.cs'
Asset path could not be found for script compilation file '/Assets/Forst/CTI Runtime Components/CTI Runtime Components BIRP/Scripts/Editor/CTI_ShaderGUI.cs'
- Loaded All Assemblies, in  2.101 seconds
Refreshing native plugins compatible for Editor in 2.15 ms, found 3 plugins.
Native extension for WindowsStandalone target not found
Native extension for WebGL target not found
Mono: successfully reloaded assembly
- Finished resetting the current domain, in  1.694 seconds
Domain Reload Profiling: 3782ms
	BeginReloadAssembly (930ms)
		ExecutionOrderSort (0ms)
		DisableScriptedObjects (15ms)
		BackupInstance (0ms)
		ReleaseScriptingObjects (0ms)
		CreateAndSetChildDomain (65ms)
	RebuildCommonClasses (93ms)
	RebuildNativeTypeToScriptingClass (37ms)
	initialDomainReloadingComplete (98ms)
	LoadAllAssembliesAndSetupDomain (929ms)
		LoadAssemblies (675ms)
		RebuildTransferFunctionScriptingTraits (0ms)
		AnalyzeDomain (430ms)
			TypeCache.Refresh (364ms)
				TypeCache.ScanAssembly (338ms)
			BuildScriptInfoCaches (49ms)
			ResolveRequiredComponents (13ms)
	FinalizeReload (1695ms)
		ReleaseScriptCaches (0ms)
		RebuildScriptCaches (0ms)
		SetupLoadedEditorAssemblies (1174ms)
			LogAssemblyErrors (0ms)
			InitializePlatformSupportModulesInManaged (9ms)
			SetLoadedEditorAssemblies (9ms)
			BeforeProcessingInitializeOnLoad (113ms)
			ProcessInitializeOnLoadAttributes (966ms)
			ProcessInitializeOnLoadMethodAttributes (52ms)
			AfterProcessingInitializeOnLoad (25ms)
			EditorAssembliesLoaded (0ms)
		ExecutionOrderSort2 (0ms)
		AwakeInstancesAfterBackupRestoration (39ms)
Launched and connected shader compiler UnityShaderCompiler.exe after 0.06 seconds
Refreshing native plugins compatible for Editor in 2.33 ms, found 3 plugins.
Preloading 0 native plugins for Editor in 0.00 ms.
Unloading 96 Unused Serialized files (Serialized files now loaded: 0)
Unloading 3219 unused Assets / (1.9 MB). Loaded Objects now: 3916.
Memory consumption went from 172.2 MB to 170.4 MB.
Total: 13.030800 ms (FindLiveObjects: 0.577400 ms CreateObjectMapping: 0.469900 ms MarkObjects: 8.933200 ms  DeleteObjects: 3.048400 ms)

========================================================================
Received Prepare
Refreshing native plugins compatible for Editor in 2.66 ms, found 3 plugins.
Preloading 0 native plugins for Editor in 0.00 ms.
Unloading 3 Unused Serialized files (Serialized files now loaded: 0)
Unloading 3216 unused Assets / (1.9 MB). Loaded Objects now: 3919.
Memory consumption went from 149.5 MB to 147.5 MB.
Total: 17.026100 ms (FindLiveObjects: 0.758500 ms CreateObjectMapping: 0.960300 ms MarkObjects: 11.809100 ms  DeleteObjects: 3.495800 ms)

Prepare: number of updated asset objects reloaded= 0
========================================================================
Received Import Request.
  Time since last request: 758048.349558 seconds.
  path: Assets/Pacotes/Decrepit Dungeon LITE/Textures/Bricks_NRM.png
  artifactKey: Guid(fb9dd8cd7559cc3499bc9f93948315fd) Importer(815301076,1909f56bfc062723c751e8b465ee728b)
Start importing Assets/Pacotes/Decrepit Dungeon LITE/Textures/Bricks_NRM.png using Guid(fb9dd8cd7559cc3499bc9f93948315fd) Importer(815301076,1909f56bfc062723c751e8b465ee728b) (PreviewImporter) -> (artifact id: 'b75d04442e0f524684c326cfa4f92482') in 0.2326935 seconds
Number of updated asset objects reloaded before import = 0Number of asset objects unloaded after import = 2

========================================================================
Received Import Request.
  Time since last request: 0.000046 seconds.
  path: Assets/Pacotes/Decrepit Dungeon LITE/Textures/Cement_A.png
  artifactKey: Guid(7eecb50e2673b7941912a83698b951d2) Importer(815301076,1909f56bfc062723c751e8b465ee728b)
Start importing Assets/Pacotes/Decrepit Dungeon LITE/Textures/Cement_A.png using Guid(7eecb50e2673b7941912a83698b951d2) Importer(815301076,1909f56bfc062723c751e8b465ee728b) (PreviewImporter) -> (artifact id: 'eb613d7c78331e30f6fd2e22e843fdb2') in 0.022996 seconds
Number of updated asset objects reloaded before import = 0Number of asset objects unloaded after import = 2

========================================================================
Received Import Request.
  Time since last request: 0.000046 seconds.
  path: Assets/Pacotes/Decrepit Dungeon LITE/Textures/Stone_A.png
  artifactKey: Guid(f448f41a968ad3f428b7e7aee0f0c2dd) Importer(815301076,1909f56bfc062723c751e8b465ee728b)
Start importing Assets/Pacotes/Decrepit Dungeon LITE/Textures/Stone_A.png using Guid(f448f41a968ad3f428b7e7aee0f0c2dd) Importer(815301076,1909f56bfc062723c751e8b465ee728b) (PreviewImporter) -> (artifact id: '24a7f4f385a8306c5e287528b5d03b59') in 0.0249255 seconds
Number of updated asset objects reloaded before import = 0Number of asset objects unloaded after import = 2

========================================================================
Received Import Request.
  Time since last request: 0.000057 seconds.
  path: Assets/Pacotes/Decrepit Dungeon LITE/Textures/Stone_B.png
  artifactKey: Guid(067351177273358488c16a7a314503fe) Importer(815301076,1909f56bfc062723c751e8b465ee728b)
Start importing Assets/Pacotes/Decrepit Dungeon LITE/Textures/Stone_B.png using Guid(067351177273358488c16a7a314503fe) Importer(815301076,1909f56bfc062723c751e8b465ee728b) (PreviewImporter) -> (artifact id: 'a17d90a91993ede8f8dab0b6de3ff326') in 0.0332777 seconds
Number of updated asset objects reloaded before import = 0Number of asset objects unloaded after import = 2

========================================================================
Received Import Request.
  Time since last request: 0.001332 seconds.
  path: Assets/Pacotes/Decrepit Dungeon LITE/Textures/Grunge_B_NRM.png
  artifactKey: Guid(2c002baead5766949a312dc98a6ccd89) Importer(815301076,1909f56bfc062723c751e8b465ee728b)
Start importing Assets/Pacotes/Decrepit Dungeon LITE/Textures/Grunge_B_NRM.png using Guid(2c002baead5766949a312dc98a6ccd89) Importer(815301076,1909f56bfc062723c751e8b465ee728b) (PreviewImporter) -> (artifact id: 'd0abbcde97521712a121f09ce6b8ea6d') in 0.0227685 seconds
Number of updated asset objects reloaded before import = 0Number of asset objects unloaded after import = 2

========================================================================
Received Import Request.
  Time since last request: 0.000035 seconds.
  path: Assets/Pacotes/Decrepit Dungeon LITE/Textures/Hay_D.png
  artifactKey: Guid(92ad1be6105745842ae0380d3717ff27) Importer(815301076,1909f56bfc062723c751e8b465ee728b)
Start importing Assets/Pacotes/Decrepit Dungeon LITE/Textures/Hay_D.png using Guid(92ad1be6105745842ae0380d3717ff27) Importer(815301076,1909f56bfc062723c751e8b465ee728b) (PreviewImporter) -> (artifact id: 'f349f211786351dd23b53e071c968f7f') in 0.0204988 seconds
Number of updated asset objects reloaded before import = 0Number of asset objects unloaded after import = 2

========================================================================
Received Import Request.
  Time since last request: 0.000031 seconds.
  path: Assets/Pacotes/Decrepit Dungeon LITE/Textures/Grunge_E.png
  artifactKey: Guid(d08e0f1ab81e11247927858148c6ce7b) Importer(815301076,1909f56bfc062723c751e8b465ee728b)
Start importing Assets/Pacotes/Decrepit Dungeon LITE/Textures/Grunge_E.png using Guid(d08e0f1ab81e11247927858148c6ce7b) Importer(815301076,1909f56bfc062723c751e8b465ee728b) (PreviewImporter) -> (artifact id: 'c2d5f8036597049b48ffebf1086ee10c') in 0.0223681 seconds
Number of updated asset objects reloaded before import = 0Number of asset objects unloaded after import = 2

========================================================================
Received Import Request.
  Time since last request: 0.000089 seconds.
  path: Assets/Pacotes/Decrepit Dungeon LITE/Textures/Grunge_C.png
  artifactKey: Guid(5e42e586c9ec99146acdacd21975d5d1) Importer(815301076,1909f56bfc062723c751e8b465ee728b)
Start importing Assets/Pacotes/Decrepit Dungeon LITE/Textures/Grunge_C.png using Guid(5e42e586c9ec99146acdacd21975d5d1) Importer(815301076,1909f56bfc062723c751e8b465ee728b) (PreviewImporter) -> (artifact id: '13dc433e5b2139f741be8feebe150bd4') in 0.0164991 seconds
Number of updated asset objects reloaded before import = 0Number of asset objects unloaded after import = 2

========================================================================
Received Import Request.
  Time since last request: 0.000044 seconds.
  path: Assets/Pacotes/Decrepit Dungeon LITE/Textures/Grunge_C_NRM.png
  artifactKey: Guid(d477498a1b4b96945ac0cdac8cd81530) Importer(815301076,1909f56bfc062723c751e8b465ee728b)
Start importing Assets/Pacotes/Decrepit Dungeon LITE/Textures/Grunge_C_NRM.png using Guid(d477498a1b4b96945ac0cdac8cd81530) Importer(815301076,1909f56bfc062723c751e8b465ee728b) (PreviewImporter) -> (artifact id: 'fb2fe03522f4428d739afd8e3e550f42') in 0.0188746 seconds
Number of updated asset objects reloaded before import = 0Number of asset objects unloaded after import = 2

========================================================================
Received Import Request.
  Time since last request: 0.000035 seconds.
  path: Assets/Pacotes/Decrepit Dungeon LITE/Textures/Grunge_D_NRM.png
  artifactKey: Guid(4099fa849ef1fdb4fa93826812dd5617) Importer(815301076,1909f56bfc062723c751e8b465ee728b)
Start importing Assets/Pacotes/Decrepit Dungeon LITE/Textures/Grunge_D_NRM.png using Guid(4099fa849ef1fdb4fa93826812dd5617) Importer(815301076,1909f56bfc062723c751e8b465ee728b) (PreviewImporter) -> (artifact id: '6551751246373a42fa99bc6e2a5b7ccf') in 0.0217884 seconds
Number of updated asset objects reloaded before import = 0Number of asset objects unloaded after import = 2

========================================================================
Received Import Request.
  Time since last request: 0.000135 seconds.
  path: Assets/Pacotes/Decrepit Dungeon LITE/Textures/Cement_A_NRM.png
  artifactKey: Guid(e8458bbdb96bad8489f99fa159e0a199) Importer(815301076,1909f56bfc062723c751e8b465ee728b)
Start importing Assets/Pacotes/Decrepit Dungeon LITE/Textures/Cement_A_NRM.png using Guid(e8458bbdb96bad8489f99fa159e0a199) Importer(815301076,1909f56bfc062723c751e8b465ee728b) (PreviewImporter) -> (artifact id: '71a168b2d70f4c099b9235a12c934094') in 0.0199481 seconds
Number of updated asset objects reloaded before import = 0Number of asset objects unloaded after import = 2

========================================================================
Received Import Request.
  Time since last request: 0.000029 seconds.
  path: Assets/Pacotes/Decrepit Dungeon LITE/Textures/Wax_A.png
  artifactKey: Guid(111fe10943f311b4cbb88a72bad46edc) Importer(815301076,1909f56bfc062723c751e8b465ee728b)
Start importing Assets/Pacotes/Decrepit Dungeon LITE/Textures/Wax_A.png using Guid(111fe10943f311b4cbb88a72bad46edc) Importer(815301076,1909f56bfc062723c751e8b465ee728b) (PreviewImporter) -> (artifact id: '05cd94fd4e4e74c8cda9426dddc70fdf') in 0.0162945 seconds
Number of updated asset objects reloaded before import = 0Number of asset objects unloaded after import = 2

========================================================================
Received Import Request.
  Time since last request: 0.000206 seconds.
  path: Assets/Pacotes/Decrepit Dungeon LITE/Textures/Hay_D_NRM.png
  artifactKey: Guid(3ce0e0a9c35afa64996a6ad0ce4de363) Importer(815301076,1909f56bfc062723c751e8b465ee728b)
Start importing Assets/Pacotes/Decrepit Dungeon LITE/Textures/Hay_D_NRM.png using Guid(3ce0e0a9c35afa64996a6ad0ce4de363) Importer(815301076,1909f56bfc062723c751e8b465ee728b) (PreviewImporter) -> (artifact id: '82819847d8bdde6fc6f81fd3c3d9e425') in 0.019742 seconds
Number of updated asset objects reloaded before import = 0Number of asset objects unloaded after import = 2

========================================================================
Received Import Request.
  Time since last request: 0.000084 seconds.
  path: Assets/Pacotes/Decrepit Dungeon LITE/Textures/Hay_A.png
  artifactKey: Guid(e8feeebb3b139af47b47a3d3af208987) Importer(815301076,1909f56bfc062723c751e8b465ee728b)
Start importing Assets/Pacotes/Decrepit Dungeon LITE/Textures/Hay_A.png using Guid(e8feeebb3b139af47b47a3d3af208987) Importer(815301076,1909f56bfc062723c751e8b465ee728b) (PreviewImporter) -> (artifact id: '8bb68a559ef801d49f657aa3fca52e74') in 0.0170801 seconds
Number of updated asset objects reloaded before import = 0Number of asset objects unloaded after import = 2

========================================================================
Received Import Request.
  Time since last request: 0.000034 seconds.
  path: Assets/Pacotes/Decrepit Dungeon LITE/Textures/Wax_B_NRM.png
  artifactKey: Guid(b782e0022b222394a9810d0c332acd00) Importer(815301076,1909f56bfc062723c751e8b465ee728b)
Start importing Assets/Pacotes/Decrepit Dungeon LITE/Textures/Wax_B_NRM.png using Guid(b782e0022b222394a9810d0c332acd00) Importer(815301076,1909f56bfc062723c751e8b465ee728b) (PreviewImporter) -> (artifact id: '2c79031948ce0dfa8c80f0f7c8d3eafc') in 0.0169537 seconds
Number of updated asset objects reloaded before import = 0Number of asset objects unloaded after import = 2

========================================================================
Received Import Request.
  Time since last request: 0.000061 seconds.
  path: Assets/Pacotes/Decrepit Dungeon LITE/Textures/Grunge_F.png
  artifactKey: Guid(80550e756c72f0e4e82c82f16ab7ddc8) Importer(815301076,1909f56bfc062723c751e8b465ee728b)
Start importing Assets/Pacotes/Decrepit Dungeon LITE/Textures/Grunge_F.png using Guid(80550e756c72f0e4e82c82f16ab7ddc8) Importer(815301076,1909f56bfc062723c751e8b465ee728b) (PreviewImporter) -> (artifact id: '82ad452daf767dabf48f2602fdfd5495') in 0.0169583 seconds
Number of updated asset objects reloaded before import = 0Number of asset objects unloaded after import = 2

========================================================================
Received Import Request.
  Time since last request: 0.000269 seconds.
  path: Assets/Pacotes/Decrepit Dungeon LITE/Textures/Grunge_A_NRM.png
  artifactKey: Guid(388e444b54ab3f54090e4f3fc8b23caa) Importer(815301076,1909f56bfc062723c751e8b465ee728b)
Start importing Assets/Pacotes/Decrepit Dungeon LITE/Textures/Grunge_A_NRM.png using Guid(388e444b54ab3f54090e4f3fc8b23caa) Importer(815301076,1909f56bfc062723c751e8b465ee728b) (PreviewImporter) -> (artifact id: 'abca074d1f922b5b16732aaba953cad4') in 0.018128 seconds
Number of updated asset objects reloaded before import = 0Number of asset objects unloaded after import = 2

========================================================================
Received Import Request.
  Time since last request: 0.000202 seconds.
  path: Assets/Pacotes/Decrepit Dungeon LITE/Textures/Wood_A.png
  artifactKey: Guid(64c10627d1c6837449a645484a28fce9) Importer(815301076,1909f56bfc062723c751e8b465ee728b)
Start importing Assets/Pacotes/Decrepit Dungeon LITE/Textures/Wood_A.png using Guid(64c10627d1c6837449a645484a28fce9) Importer(815301076,1909f56bfc062723c751e8b465ee728b) (PreviewImporter) -> (artifact id: '767eb493f7f4d154fdabd97b74ef5c12') in 0.0171998 seconds
Number of updated asset objects reloaded before import = 0Number of asset objects unloaded after import = 2

========================================================================
Received Import Request.
  Time since last request: 0.000087 seconds.
  path: Assets/Pacotes/Decrepit Dungeon LITE/Textures/Hay_C_NRM.png
  artifactKey: Guid(fe19af5b55dca5340835377137a75a03) Importer(815301076,1909f56bfc062723c751e8b465ee728b)
Start importing Assets/Pacotes/Decrepit Dungeon LITE/Textures/Hay_C_NRM.png using Guid(fe19af5b55dca5340835377137a75a03) Importer(815301076,1909f56bfc062723c751e8b465ee728b) (PreviewImporter) -> (artifact id: '9156f17dbf58fa5b5fd7e5a5b5ab46ce') in 0.0239261 seconds
Number of updated asset objects reloaded before import = 0Number of asset objects unloaded after import = 2

========================================================================
Received Import Request.
  Time since last request: 0.000061 seconds.
  path: Assets/Pacotes/Decrepit Dungeon LITE/Textures/Stone_A_NRM.png
  artifactKey: Guid(f18f4683c66594a4390cc3480abc9bb0) Importer(815301076,1909f56bfc062723c751e8b465ee728b)
Start importing Assets/Pacotes/Decrepit Dungeon LITE/Textures/Stone_A_NRM.png using Guid(f18f4683c66594a4390cc3480abc9bb0) Importer(815301076,1909f56bfc062723c751e8b465ee728b) (PreviewImporter) -> (artifact id: '58608fdb838c1902b60e2bda1dc8693f') in 0.0209063 seconds
Number of updated asset objects reloaded before import = 0Number of asset objects unloaded after import = 2

========================================================================
Received Import Request.
  Time since last request: 0.000061 seconds.
  path: Assets/Pacotes/Decrepit Dungeon LITE/Textures/Grunge_E_NRM.png
  artifactKey: Guid(199755e6ba5c3ee4cb26fee7d892bf50) Importer(815301076,1909f56bfc062723c751e8b465ee728b)
Start importing Assets/Pacotes/Decrepit Dungeon LITE/Textures/Grunge_E_NRM.png using Guid(199755e6ba5c3ee4cb26fee7d892bf50) Importer(815301076,1909f56bfc062723c751e8b465ee728b) (PreviewImporter) -> (artifact id: '0acf74688b3d256e808a0faa57112784') in 0.0215234 seconds
Number of updated asset objects reloaded before import = 0Number of asset objects unloaded after import = 2

========================================================================
Received Import Request.
  Time since last request: 0.000047 seconds.
  path: Assets/Pacotes/Decrepit Dungeon LITE/Textures/Flame.jpg
  artifactKey: Guid(088442d18ac9f9c499308452f62d7bd8) Importer(815301076,1909f56bfc062723c751e8b465ee728b)
Start importing Assets/Pacotes/Decrepit Dungeon LITE/Textures/Flame.jpg using Guid(088442d18ac9f9c499308452f62d7bd8) Importer(815301076,1909f56bfc062723c751e8b465ee728b) (PreviewImporter) -> (artifact id: '18dc0cb16994f5a402c7bb6ed2f95c6c') in 0.0202387 seconds
Number of updated asset objects reloaded before import = 0Number of asset objects unloaded after import = 2

========================================================================
Received Import Request.
  Time since last request: 7.014043 seconds.
  path: Assets/Pacotes/Decrepit Dungeon LITE/Prefabs/Doors/Door_B.prefab
  artifactKey: Guid(4f13c956f2c771542a07a197a4d6fdf5) Importer(815301076,1909f56bfc062723c751e8b465ee728b)
Start importing Assets/Pacotes/Decrepit Dungeon LITE/Prefabs/Doors/Door_B.prefab using Guid(4f13c956f2c771542a07a197a4d6fdf5) Importer(815301076,1909f56bfc062723c751e8b465ee728b) (PreviewImporter) -> (artifact id: 'e6b5778fd2d8bb84886ff64831b8db73') in 0.1618173 seconds
Number of updated asset objects reloaded before import = 0Number of asset objects unloaded after import = 35

========================================================================
Received Import Request.
  Time since last request: 0.000041 seconds.
  path: Assets/Pacotes/Decrepit Dungeon LITE/Prefabs/Doors/Door_C.prefab
  artifactKey: Guid(b0e0e89eed1bb7f4982f8a6092a384b6) Importer(815301076,1909f56bfc062723c751e8b465ee728b)
Start importing Assets/Pacotes/Decrepit Dungeon LITE/Prefabs/Doors/Door_C.prefab using Guid(b0e0e89eed1bb7f4982f8a6092a384b6) Importer(815301076,1909f56bfc062723c751e8b465ee728b) (PreviewImporter) -> (artifact id: '27d92cf743ce7197e1249101206c43aa') in 0.0458638 seconds
Number of updated asset objects reloaded before import = 0Number of asset objects unloaded after import = 35

========================================================================
Received Import Request.
  Time since last request: 28.707595 seconds.
  path: Assets/Pacotes/Sci Fi Modular Pack/Prefabs/DoorFrame.prefab
  artifactKey: Guid(ebafa5c675faf4a749589436d53ad351) Importer(815301076,1909f56bfc062723c751e8b465ee728b)
Start importing Assets/Pacotes/Sci Fi Modular Pack/Prefabs/DoorFrame.prefab using Guid(ebafa5c675faf4a749589436d53ad351) Importer(815301076,1909f56bfc062723c751e8b465ee728b) (PreviewImporter) -> (artifact id: '6c588941c68746a3fb636f6d93bab276') in 0.081623 seconds
Number of updated asset objects reloaded before import = 0Number of asset objects unloaded after import = 12

========================================================================
Received Import Request.
  Time since last request: 0.000036 seconds.
  path: Assets/Pacotes/Sci Fi Modular Pack/Prefabs/TopWall4.prefab
  artifactKey: Guid(397e71ac2fe4f4d959524578cfabd45b) Importer(815301076,1909f56bfc062723c751e8b465ee728b)
Start importing Assets/Pacotes/Sci Fi Modular Pack/Prefabs/TopWall4.prefab using Guid(397e71ac2fe4f4d959524578cfabd45b) Importer(815301076,1909f56bfc062723c751e8b465ee728b) (PreviewImporter) -> (artifact id: '84fec209fd90e5f1906a5424e6a08f6f') in 0.0458096 seconds
Number of updated asset objects reloaded before import = 0Number of asset objects unloaded after import = 13

========================================================================
Received Import Request.
  Time since last request: 0.000042 seconds.
  path: Assets/Pacotes/Sci Fi Modular Pack/Prefabs/WallIntersection2.prefab
  artifactKey: Guid(bfbe2d0ef9f1b4132a79fecec88405c3) Importer(815301076,1909f56bfc062723c751e8b465ee728b)
Start importing Assets/Pacotes/Sci Fi Modular Pack/Prefabs/WallIntersection2.prefab using Guid(bfbe2d0ef9f1b4132a79fecec88405c3) Importer(815301076,1909f56bfc062723c751e8b465ee728b) (PreviewImporter) -> (artifact id: '25025e52b0c4b279b7eba57d7d3287c8') in 0.0335045 seconds
Number of updated asset objects reloaded before import = 0Number of asset objects unloaded after import = 12

========================================================================
Received Import Request.
  Time since last request: 0.000063 seconds.
  path: Assets/Pacotes/Sci Fi Modular Pack/Prefabs/ProfileEnd.prefab
  artifactKey: Guid(686248f5bda1e458c8fc9316d20b1fe7) Importer(815301076,1909f56bfc062723c751e8b465ee728b)
Start importing Assets/Pacotes/Sci Fi Modular Pack/Prefabs/ProfileEnd.prefab using Guid(686248f5bda1e458c8fc9316d20b1fe7) Importer(815301076,1909f56bfc062723c751e8b465ee728b) (PreviewImporter) -> (artifact id: 'b652d1895e78f139b5d17ba891437cdb') in 0.0297725 seconds
Number of updated asset objects reloaded before import = 0Number of asset objects unloaded after import = 12

========================================================================
Received Import Request.
  Time since last request: 0.000045 seconds.
  path: Assets/Pacotes/Sci Fi Modular Pack/Prefabs/ProfileWindow.prefab
  artifactKey: Guid(ef7f45de93a47486a8d931a69beea72a) Importer(815301076,1909f56bfc062723c751e8b465ee728b)
Start importing Assets/Pacotes/Sci Fi Modular Pack/Prefabs/ProfileWindow.prefab using Guid(ef7f45de93a47486a8d931a69beea72a) Importer(815301076,1909f56bfc062723c751e8b465ee728b) (PreviewImporter) -> (artifact id: 'fb6baf128fabb2bc1ef90f88a2e5e98c') in 0.3708363 seconds
Number of updated asset objects reloaded before import = 0Number of asset objects unloaded after import = 52

========================================================================
Received Import Request.
  Time since last request: 4.834291 seconds.
  path: Assets/Pacotes/Sci Fi Modular Pack/Models/DoorFrame.fbx
  artifactKey: Guid(f25fdf28785604eebbf1bb1d1eda4a3b) Importer(815301076,1909f56bfc062723c751e8b465ee728b)
Start importing Assets/Pacotes/Sci Fi Modular Pack/Models/DoorFrame.fbx using Guid(f25fdf28785604eebbf1bb1d1eda4a3b) Importer(815301076,1909f56bfc062723c751e8b465ee728b) (PreviewImporter) -> (artifact id: '0faedd463037a7c88f34cc002818209d') in 0.1183589 seconds
Number of updated asset objects reloaded before import = 0Number of asset objects unloaded after import = 8

========================================================================
Received Import Request.
  Time since last request: 0.000049 seconds.
  path: Assets/Pacotes/Sci Fi Modular Pack/Models/Floor5.fbx
  artifactKey: Guid(e554b1ced7e574e68b01a47c95fa9ad9) Importer(815301076,1909f56bfc062723c751e8b465ee728b)
Start importing Assets/Pacotes/Sci Fi Modular Pack/Models/Floor5.fbx using Guid(e554b1ced7e574e68b01a47c95fa9ad9) Importer(815301076,1909f56bfc062723c751e8b465ee728b) (PreviewImporter) -> (artifact id: 'bc44da17b733bb681b1edb06faa941e8') in 0.0427164 seconds
Number of updated asset objects reloaded before import = 0Number of asset objects unloaded after import = 8

========================================================================
Received Import Request.
  Time since last request: 0.000050 seconds.
  path: Assets/Pacotes/Sci Fi Modular Pack/Models/ProfileIntersection.fbx
  artifactKey: Guid(499da3cd699534c44b84f7eb01db1311) Importer(815301076,1909f56bfc062723c751e8b465ee728b)
Start importing Assets/Pacotes/Sci Fi Modular Pack/Models/ProfileIntersection.fbx using Guid(499da3cd699534c44b84f7eb01db1311) Importer(815301076,1909f56bfc062723c751e8b465ee728b) (PreviewImporter) -> (artifact id: '95484c97b447cdc008a22c02d2a14c6c') in 0.0297779 seconds
Number of updated asset objects reloaded before import = 0Number of asset objects unloaded after import = 8

========================================================================
Received Import Request.
  Time since last request: 0.000027 seconds.
  path: Assets/Pacotes/Sci Fi Modular Pack/Models/Floor1.fbx
  artifactKey: Guid(9289ca5d7b8ea47feadd93f14c294d1b) Importer(815301076,1909f56bfc062723c751e8b465ee728b)
Start importing Assets/Pacotes/Sci Fi Modular Pack/Models/Floor1.fbx using Guid(9289ca5d7b8ea47feadd93f14c294d1b) Importer(815301076,1909f56bfc062723c751e8b465ee728b) (PreviewImporter) -> (artifact id: '5231c63746498830812edfccd7540cde') in 0.035546 seconds
Number of updated asset objects reloaded before import = 0Number of asset objects unloaded after import = 8

========================================================================
Received Import Request.
  Time since last request: 0.000034 seconds.
  path: Assets/Pacotes/Sci Fi Modular Pack/Models/SideFloor2.fbx
  artifactKey: Guid(256ae929090684381b3f3ef6abc90a33) Importer(815301076,1909f56bfc062723c751e8b465ee728b)
Start importing Assets/Pacotes/Sci Fi Modular Pack/Models/SideFloor2.fbx using Guid(256ae929090684381b3f3ef6abc90a33) Importer(815301076,1909f56bfc062723c751e8b465ee728b) (PreviewImporter) -> (artifact id: '8a6fd06392d04efda970bb427b73c6f7') in 0.055838 seconds
Number of updated asset objects reloaded before import = 0Number of asset objects unloaded after import = 14

========================================================================
Received Import Request.
  Time since last request: 0.000032 seconds.
  path: Assets/Pacotes/Sci Fi Modular Pack/Models/TopWall4.fbx
  artifactKey: Guid(d5db039f0039f48c79eec07d8b158f74) Importer(815301076,1909f56bfc062723c751e8b465ee728b)
Start importing Assets/Pacotes/Sci Fi Modular Pack/Models/TopWall4.fbx using Guid(d5db039f0039f48c79eec07d8b158f74) Importer(815301076,1909f56bfc062723c751e8b465ee728b) (PreviewImporter) -> (artifact id: 'c195b73c9282ecdb9320049db7552804') in 0.0295229 seconds
Number of updated asset objects reloaded before import = 0Number of asset objects unloaded after import = 8

========================================================================
Received Import Request.
  Time since last request: 0.000061 seconds.
  path: Assets/Pacotes/Sci Fi Modular Pack/Models/Floor2.fbx
  artifactKey: Guid(dddd5c0cb04c04afa9fccd6526cab02c) Importer(815301076,1909f56bfc062723c751e8b465ee728b)
Start importing Assets/Pacotes/Sci Fi Modular Pack/Models/Floor2.fbx using Guid(dddd5c0cb04c04afa9fccd6526cab02c) Importer(815301076,1909f56bfc062723c751e8b465ee728b) (PreviewImporter) -> (artifact id: '2230413b022aa63b9952251592adb781') in 0.0326521 seconds
Number of updated asset objects reloaded before import = 0Number of asset objects unloaded after import = 8

Editor requested this worker to shutdown with reason: Scaling down because of idle timeout
AssetImportWorker is now disconnected from the server
Process exiting
Exiting without the bug reporter. Application will terminate with return code 0