Using pre-set license
Built from '2023.2/staging' branch; Version is '2023.2.20f1 (0e25a174756c) revision 927137'; Using compiler version '193431935'; Build Type 'Release'
OS: 'Windows 11  (10.0.22631) 64bit CoreSingleLanguage' Language: 'pt' Physical Memory: 23916 MB
BatchMode: 1, IsHumanControllingUs: 0, StartBugReporterOnCrash: 0, Is64bit: 1, IsPro: 1

COMMAND LINE ARGUMENTS:
C:\Program Files\Unity\Hub\Editor\2023.2.20f1\Editor\Unity.exe
-adb2
-batchMode
-noUpm
-name
AssetImportWorker39
-projectPath
C:/Users/amsar/Sobrevivencia
-logFile
Logs/AssetImportWorker39.log
-srvPort
53907
-job-worker-count
7
-background-job-worker-count
8
-asset-garbage-collectors
1
Successfully changed project path to: C:/Users/amsar/Sobrevivencia
C:/Users/amsar/Sobrevivencia
[UnityMemory] Configuration Parameters - Can be set up in boot.config
    "memorysetup-bucket-allocator-granularity=16"
    "memorysetup-bucket-allocator-bucket-count=8"
    "memorysetup-bucket-allocator-block-size=33554432"
    "memorysetup-bucket-allocator-block-count=8"
    "memorysetup-main-allocator-block-size=16777216"
    "memorysetup-thread-allocator-block-size=16777216"
    "memorysetup-gfx-main-allocator-block-size=16777216"
    "memorysetup-gfx-thread-allocator-block-size=16777216"
    "memorysetup-cache-allocator-block-size=4194304"
    "memorysetup-typetree-allocator-block-size=2097152"
    "memorysetup-profiler-bucket-allocator-granularity=16"
    "memorysetup-profiler-bucket-allocator-bucket-count=8"
    "memorysetup-profiler-bucket-allocator-block-size=33554432"
    "memorysetup-profiler-bucket-allocator-block-count=8"
    "memorysetup-profiler-allocator-block-size=16777216"
    "memorysetup-profiler-editor-allocator-block-size=1048576"
    "memorysetup-temp-allocator-size-main=16777216"
    "memorysetup-job-temp-allocator-block-size=2097152"
    "memorysetup-job-temp-allocator-block-size-background=1048576"
    "memorysetup-job-temp-allocator-reduction-small-platforms=262144"
    "memorysetup-allocator-temp-initial-block-size-main=262144"
    "memorysetup-allocator-temp-initial-block-size-worker=262144"
    "memorysetup-temp-allocator-size-background-worker=32768"
    "memorysetup-temp-allocator-size-job-worker=262144"
    "memorysetup-temp-allocator-size-preload-manager=33554432"
    "memorysetup-temp-allocator-size-nav-mesh-worker=65536"
    "memorysetup-temp-allocator-size-audio-worker=65536"
    "memorysetup-temp-allocator-size-cloud-worker=32768"
    "memorysetup-temp-allocator-size-gi-baking-worker=262144"
    "memorysetup-temp-allocator-size-gi-baking-worker=262144"
    "memorysetup-temp-allocator-size-gi-baking-worker=262144"
    "memorysetup-temp-allocator-size-gi-baking-worker=262144"
    "memorysetup-temp-allocator-size-gfx=262144"
Player connection [19724] Host "[IP] 192.168.56.1 [Port] 0 [Flags] 2 [Guid] 3063094620 [EditorId] 3063094620 [Version] 1048832 [Id] WindowsEditor(7,Marcos) [Debug] 1 [PackageName] WindowsEditor [ProjectName] Editor" joined multi-casting on [225.0.0.222:54997]...
Player connection [19724] Host "[IP] 192.168.56.1 [Port] 0 [Flags] 2 [Guid] 3063094620 [EditorId] 3063094620 [Version] 1048832 [Id] WindowsEditor(7,Marcos) [Debug] 1 [PackageName] WindowsEditor [ProjectName] Editor" joined alternative multi-casting on [225.0.0.222:34997]...
JobSystem: Creating JobQueue using job-worker-count value 7
[Physics::Module] Initialized MultithreadedJobDispatcher with 7 workers.
Library Redirect Path: Library/
Refreshing native plugins compatible for Editor in 1.56 ms, found 3 plugins.
Preloading 0 native plugins for Editor in 0.00 ms.
Initialize engine version: 2023.2.20f1 (0e25a174756c)
[Subsystems] Discovering subsystems at path C:/Program Files/Unity/Hub/Editor/2023.2.20f1/Editor/Data/Resources/UnitySubsystems
[Subsystems] Discovering subsystems at path C:/Users/amsar/Sobrevivencia/Assets
GfxDevice: creating device client; kGfxThreadingModeNonThreaded
Direct3D:
    Version:  Direct3D 11.0 [level 11.1]
    Renderer: NVIDIA GeForce GTX 1650 (ID=0x1f9d)
    Vendor:   NVIDIA
    VRAM:     3950 MB
    Driver:   31.0.15.3734
Initialize mono
Mono path[0] = 'C:/Program Files/Unity/Hub/Editor/2023.2.20f1/Editor/Data/Managed'
Mono path[1] = 'C:/Program Files/Unity/Hub/Editor/2023.2.20f1/Editor/Data/MonoBleedingEdge/lib/mono/unityjit-win32'
Mono config path = 'C:/Program Files/Unity/Hub/Editor/2023.2.20f1/Editor/Data/MonoBleedingEdge/etc'
Using monoOptions --debugger-agent=transport=dt_socket,embedding=1,server=y,suspend=n,address=127.0.0.1:56356
Begin MonoManager ReloadAssembly
Registering precompiled unity dll's ...
Register platform support module: C:/Program Files/Unity/Hub/Editor/2023.2.20f1/Editor/Data/PlaybackEngines/WebGLSupport/UnityEditor.WebGL.Extensions.dll
Register platform support module: C:/Program Files/Unity/Hub/Editor/2023.2.20f1/Editor/Data/PlaybackEngines/WindowsStandaloneSupport/UnityEditor.WindowsStandalone.Extensions.dll
Registered in 0.006013 seconds.
- Loaded All Assemblies, in  0.363 seconds
Native extension for WindowsStandalone target not found
Native extension for WebGL target not found
Mono: successfully reloaded assembly
- Finished resetting the current domain, in  0.314 seconds
Domain Reload Profiling: 674ms
	BeginReloadAssembly (98ms)
		ExecutionOrderSort (0ms)
		DisableScriptedObjects (0ms)
		BackupInstance (0ms)
		ReleaseScriptingObjects (0ms)
		CreateAndSetChildDomain (1ms)
	RebuildCommonClasses (36ms)
	RebuildNativeTypeToScriptingClass (11ms)
	initialDomainReloadingComplete (56ms)
	LoadAllAssembliesAndSetupDomain (158ms)
		LoadAssemblies (95ms)
		RebuildTransferFunctionScriptingTraits (0ms)
		AnalyzeDomain (155ms)
			TypeCache.Refresh (153ms)
				TypeCache.ScanAssembly (141ms)
			BuildScriptInfoCaches (0ms)
			ResolveRequiredComponents (0ms)
	FinalizeReload (314ms)
		ReleaseScriptCaches (0ms)
		RebuildScriptCaches (0ms)
		SetupLoadedEditorAssemblies (261ms)
			LogAssemblyErrors (0ms)
			InitializePlatformSupportModulesInManaged (11ms)
			SetLoadedEditorAssemblies (5ms)
			BeforeProcessingInitializeOnLoad (5ms)
			ProcessInitializeOnLoadAttributes (188ms)
			ProcessInitializeOnLoadMethodAttributes (51ms)
			AfterProcessingInitializeOnLoad (0ms)
			EditorAssembliesLoaded (0ms)
		ExecutionOrderSort2 (0ms)
		AwakeInstancesAfterBackupRestoration (0ms)
========================================================================
Worker process is ready to serve import requests
Import Worker Mode flag is 0x00
Begin MonoManager ReloadAssembly
Symbol file LoadedFromMemory doesn't match image C:\Users\amsar\Sobrevivencia\Library\PackageCache\com.unity.visualscripting@1.8.0\Editor\VisualScripting.Core\Dependencies\YamlDotNet\Unity.VisualScripting.YamlDotNet.dll
Symbol file LoadedFromMemory doesn't match image C:\Users\amsar\Sobrevivencia\Library\PackageCache\com.unity.visualscripting@1.8.0\Editor\VisualScripting.Core\Dependencies\DotNetZip\Unity.VisualScripting.IonicZip.dll
Asset path could not be found for script compilation file '/Assets/Forst/Conifers [BOTD]/Installer/Editor/ConifersInstaller.cs'
Asset path could not be found for script compilation file '/Assets/Forst/Conifers [BOTD]/Installer/Editor/LaunchConifersInstaller.cs'
Asset path could not be found for script compilation file '/Assets/Forst/CTI Runtime Components/CTI Runtime Components BIRP/Scripts/Editor/CTI_AdvancedEdgeFluttering.cs'
Asset path could not be found for script compilation file '/Assets/Forst/CTI Runtime Components/CTI Runtime Components BIRP/Scripts/Editor/CTI_DetailsEnum.cs'
Asset path could not be found for script compilation file '/Assets/Forst/CTI Runtime Components/CTI Runtime Components BIRP/Scripts/Editor/CTI_ShaderGUI.cs'
- Loaded All Assemblies, in  0.860 seconds
Refreshing native plugins compatible for Editor in 0.84 ms, found 3 plugins.
Native extension for WindowsStandalone target not found
Native extension for WebGL target not found
Mono: successfully reloaded assembly
- Finished resetting the current domain, in  0.649 seconds
Domain Reload Profiling: 1505ms
	BeginReloadAssembly (386ms)
		ExecutionOrderSort (0ms)
		DisableScriptedObjects (6ms)
		BackupInstance (0ms)
		ReleaseScriptingObjects (0ms)
		CreateAndSetChildDomain (36ms)
	RebuildCommonClasses (37ms)
	RebuildNativeTypeToScriptingClass (12ms)
	initialDomainReloadingComplete (40ms)
	LoadAllAssembliesAndSetupDomain (381ms)
		LoadAssemblies (291ms)
		RebuildTransferFunctionScriptingTraits (0ms)
		AnalyzeDomain (161ms)
			TypeCache.Refresh (137ms)
				TypeCache.ScanAssembly (124ms)
			BuildScriptInfoCaches (18ms)
			ResolveRequiredComponents (4ms)
	FinalizeReload (650ms)
		ReleaseScriptCaches (0ms)
		RebuildScriptCaches (0ms)
		SetupLoadedEditorAssemblies (460ms)
			LogAssemblyErrors (0ms)
			InitializePlatformSupportModulesInManaged (3ms)
			SetLoadedEditorAssemblies (4ms)
			BeforeProcessingInitializeOnLoad (42ms)
			ProcessInitializeOnLoadAttributes (381ms)
			ProcessInitializeOnLoadMethodAttributes (22ms)
			AfterProcessingInitializeOnLoad (8ms)
			EditorAssembliesLoaded (0ms)
		ExecutionOrderSort2 (0ms)
		AwakeInstancesAfterBackupRestoration (12ms)
Launched and connected shader compiler UnityShaderCompiler.exe after 0.02 seconds
Refreshing native plugins compatible for Editor in 1.07 ms, found 3 plugins.
Preloading 0 native plugins for Editor in 0.00 ms.
Unloading 94 Unused Serialized files (Serialized files now loaded: 0)
Unloading 3219 unused Assets / (1.6 MB). Loaded Objects now: 3916.
Memory consumption went from 170.7 MB to 169.2 MB.
Total: 6.743000 ms (FindLiveObjects: 0.474400 ms CreateObjectMapping: 0.359000 ms MarkObjects: 4.603400 ms  DeleteObjects: 1.303900 ms)

========================================================================
Received Prepare
Refreshing native plugins compatible for Editor in 1.63 ms, found 3 plugins.
Preloading 0 native plugins for Editor in 0.00 ms.
Unloading 2 Unused Serialized files (Serialized files now loaded: 0)
Unloading 3207 unused Assets / (1.3 MB). Loaded Objects now: 3911.
Memory consumption went from 147.5 MB to 146.2 MB.
Total: 9.222200 ms (FindLiveObjects: 0.561600 ms CreateObjectMapping: 0.351000 ms MarkObjects: 6.693200 ms  DeleteObjects: 1.615300 ms)

Prepare: number of updated asset objects reloaded= 8
========================================================================
Received Prepare
Refreshing native plugins compatible for Editor in 1.12 ms, found 3 plugins.
Preloading 0 native plugins for Editor in 0.00 ms.
Unloading 5 Unused Serialized files (Serialized files now loaded: 0)
Unloading 3214 unused Assets / (3.4 MB). Loaded Objects now: 3905.
Memory consumption went from 125.6 MB to 122.2 MB.
Total: 9.288100 ms (FindLiveObjects: 0.418800 ms CreateObjectMapping: 0.246200 ms MarkObjects: 6.405000 ms  DeleteObjects: 2.216800 ms)

Prepare: number of updated asset objects reloaded= 0
========================================================================
Received Prepare
Refreshing native plugins compatible for Editor in 1.06 ms, found 3 plugins.
Preloading 0 native plugins for Editor in 0.00 ms.
Unloading 2 Unused Serialized files (Serialized files now loaded: 0)
Unloading 3207 unused Assets / (1.7 MB). Loaded Objects now: 3902.
Memory consumption went from 123.5 MB to 121.8 MB.
Total: 8.744300 ms (FindLiveObjects: 0.374500 ms CreateObjectMapping: 0.221800 ms MarkObjects: 6.402600 ms  DeleteObjects: 1.744100 ms)

Prepare: number of updated asset objects reloaded= 0
========================================================================
Received Import Request.
  Time since last request: 775150.599916 seconds.
  path: Assets/Pacotes/Forst/Conifers [BOTD]/Sources/Textures/Billboards/Billboard Medium/Conifer Medium [Normal] [Trans] [Smoothness].png
  artifactKey: Guid(a04078cc622984be682e2d4cfe2a4626) Importer(815301076,1909f56bfc062723c751e8b465ee728b)
Start importing Assets/Pacotes/Forst/Conifers [BOTD]/Sources/Textures/Billboards/Billboard Medium/Conifer Medium [Normal] [Trans] [Smoothness].png using Guid(a04078cc622984be682e2d4cfe2a4626) Importer(815301076,1909f56bfc062723c751e8b465ee728b) (PreviewImporter) -> (artifact id: 'c74b50b42938b7947c2e0a0a785c86aa') in 0.1028212 seconds
Number of updated asset objects reloaded before import = 0Number of asset objects unloaded after import = 2

========================================================================
Received Import Request.
  Time since last request: 0.312781 seconds.
  path: Assets/Pacotes/Forst/Conifers [BOTD]/Sources/Textures/Billboards/Billboard Small/Conifer Small [Normal] [Trans] [Smoothness].png
  artifactKey: Guid(6774adab402874d14b5f931ea7cc3386) Importer(815301076,1909f56bfc062723c751e8b465ee728b)
Start importing Assets/Pacotes/Forst/Conifers [BOTD]/Sources/Textures/Billboards/Billboard Small/Conifer Small [Normal] [Trans] [Smoothness].png using Guid(6774adab402874d14b5f931ea7cc3386) Importer(815301076,1909f56bfc062723c751e8b465ee728b) (PreviewImporter) -> (artifact id: '9cc14fc827589d3a797f3130fa417bf7') in 0.0096711 seconds
Number of updated asset objects reloaded before import = 0Number of asset objects unloaded after import = 2

========================================================================
Received Import Request.
  Time since last request: 0.000016 seconds.
  path: Assets/Pacotes/Forst/Conifers [BOTD]/Sources/Textures/Billboards/Billboard Small/Conifer Small DA.tif
  artifactKey: Guid(41b2714dd3c469d4cbb59c9eff0253cf) Importer(815301076,1909f56bfc062723c751e8b465ee728b)
Start importing Assets/Pacotes/Forst/Conifers [BOTD]/Sources/Textures/Billboards/Billboard Small/Conifer Small DA.tif using Guid(41b2714dd3c469d4cbb59c9eff0253cf) Importer(815301076,1909f56bfc062723c751e8b465ee728b) (PreviewImporter) -> (artifact id: '68fd8b404f907e0028069183cf9954f9') in 0.0082989 seconds
Number of updated asset objects reloaded before import = 0Number of asset objects unloaded after import = 2

========================================================================
Received Import Request.
  Time since last request: 20.458524 seconds.
  path: Assets/Pacotes/Forst/Conifers [BOTD]/Render Pipeline Support/BIRP/Prefabs/PF Conifer Medium BOTD.prefab
  artifactKey: Guid(abdd95d0229d64588b03d2806d9cc19a) Importer(815301076,1909f56bfc062723c751e8b465ee728b)
Start importing Assets/Pacotes/Forst/Conifers [BOTD]/Render Pipeline Support/BIRP/Prefabs/PF Conifer Medium BOTD.prefab using Guid(abdd95d0229d64588b03d2806d9cc19a) Importer(815301076,1909f56bfc062723c751e8b465ee728b) (PreviewImporter) -> (artifact id: '3a8c3fbbaada67785d4a17ebb889763a') in 0.372592 seconds
Number of updated asset objects reloaded before import = 0Number of asset objects unloaded after import = 33

========================================================================
Received Import Request.
  Time since last request: 26.131357 seconds.
  path: Assets/Pacotes/Sci Fi Modular Pack/Materials/Box3.mat
  artifactKey: Guid(db6a37a1ce8f742aebcff4c72f94b067) Importer(815301076,1909f56bfc062723c751e8b465ee728b)
Start importing Assets/Pacotes/Sci Fi Modular Pack/Materials/Box3.mat using Guid(db6a37a1ce8f742aebcff4c72f94b067) Importer(815301076,1909f56bfc062723c751e8b465ee728b) (PreviewImporter) -> (artifact id: 'e2464f688b7be8141e0ca9bcfd8ddadb') in 0.077992 seconds
Number of updated asset objects reloaded before import = 0Number of asset objects unloaded after import = 6

========================================================================
Received Import Request.
  Time since last request: 0.000042 seconds.
  path: Assets/Pacotes/Sci Fi Modular Pack/Materials/Floor1.mat
  artifactKey: Guid(1f2175db829e2437a846b7256f968ac7) Importer(815301076,1909f56bfc062723c751e8b465ee728b)
Start importing Assets/Pacotes/Sci Fi Modular Pack/Materials/Floor1.mat using Guid(1f2175db829e2437a846b7256f968ac7) Importer(815301076,1909f56bfc062723c751e8b465ee728b) (PreviewImporter) -> (artifact id: '322cb777e8f9cb95cb839d4987dafdc1') in 0.0279584 seconds
Number of updated asset objects reloaded before import = 0Number of asset objects unloaded after import = 5

========================================================================
Received Import Request.
  Time since last request: 0.000052 seconds.
  path: Assets/Pacotes/Sci Fi Modular Pack/Materials/Floor5.mat
  artifactKey: Guid(8a33980753f504f7da530fcbb60108bb) Importer(815301076,1909f56bfc062723c751e8b465ee728b)
Start importing Assets/Pacotes/Sci Fi Modular Pack/Materials/Floor5.mat using Guid(8a33980753f504f7da530fcbb60108bb) Importer(815301076,1909f56bfc062723c751e8b465ee728b) (PreviewImporter) -> (artifact id: '21b1f294e8d48f8c01a33db0fa12386e') in 0.0267909 seconds
Number of updated asset objects reloaded before import = 0Number of asset objects unloaded after import = 5

Editor requested this worker to shutdown with reason: Scaling down because of idle timeout
AssetImportWorker is now disconnected from the server
Process exiting
Exiting without the bug reporter. Application will terminate with return code 0