Using pre-set license
Built from '2023.2/staging' branch; Version is '2023.2.20f1 (0e25a174756c) revision 927137'; Using compiler version '193431935'; Build Type 'Release'
OS: 'Windows 11  (10.0.22631) 64bit CoreSingleLanguage' Language: 'pt' Physical Memory: 23916 MB
BatchMode: 1, IsHumanControllingUs: 0, StartBugReporterOnCrash: 0, Is64bit: 1, IsPro: 1

COMMAND LINE ARGUMENTS:
C:\Program Files\Unity\Hub\Editor\2023.2.20f1\Editor\Unity.exe
-adb2
-batchMode
-noUpm
-name
AssetImportWorker25
-projectPath
C:/Users/amsar/Sobrevivencia
-logFile
Logs/AssetImportWorker25.log
-srvPort
53907
-job-worker-count
7
-background-job-worker-count
8
-asset-garbage-collectors
1
Successfully changed project path to: C:/Users/amsar/Sobrevivencia
C:/Users/amsar/Sobrevivencia
[UnityMemory] Configuration Parameters - Can be set up in boot.config
    "memorysetup-bucket-allocator-granularity=16"
    "memorysetup-bucket-allocator-bucket-count=8"
    "memorysetup-bucket-allocator-block-size=33554432"
    "memorysetup-bucket-allocator-block-count=8"
    "memorysetup-main-allocator-block-size=16777216"
    "memorysetup-thread-allocator-block-size=16777216"
    "memorysetup-gfx-main-allocator-block-size=16777216"
    "memorysetup-gfx-thread-allocator-block-size=16777216"
    "memorysetup-cache-allocator-block-size=4194304"
    "memorysetup-typetree-allocator-block-size=2097152"
    "memorysetup-profiler-bucket-allocator-granularity=16"
    "memorysetup-profiler-bucket-allocator-bucket-count=8"
    "memorysetup-profiler-bucket-allocator-block-size=33554432"
    "memorysetup-profiler-bucket-allocator-block-count=8"
    "memorysetup-profiler-allocator-block-size=16777216"
    "memorysetup-profiler-editor-allocator-block-size=1048576"
    "memorysetup-temp-allocator-size-main=16777216"
    "memorysetup-job-temp-allocator-block-size=2097152"
    "memorysetup-job-temp-allocator-block-size-background=1048576"
    "memorysetup-job-temp-allocator-reduction-small-platforms=262144"
    "memorysetup-allocator-temp-initial-block-size-main=262144"
    "memorysetup-allocator-temp-initial-block-size-worker=262144"
    "memorysetup-temp-allocator-size-background-worker=32768"
    "memorysetup-temp-allocator-size-job-worker=262144"
    "memorysetup-temp-allocator-size-preload-manager=33554432"
    "memorysetup-temp-allocator-size-nav-mesh-worker=65536"
    "memorysetup-temp-allocator-size-audio-worker=65536"
    "memorysetup-temp-allocator-size-cloud-worker=32768"
    "memorysetup-temp-allocator-size-gi-baking-worker=262144"
    "memorysetup-temp-allocator-size-gi-baking-worker=262144"
    "memorysetup-temp-allocator-size-gi-baking-worker=262144"
    "memorysetup-temp-allocator-size-gi-baking-worker=262144"
    "memorysetup-temp-allocator-size-gfx=262144"
Player connection [38528] Host "[IP] 192.168.56.1 [Port] 0 [Flags] 2 [Guid] 2485860675 [EditorId] 2485860675 [Version] 1048832 [Id] WindowsEditor(7,Marcos) [Debug] 1 [PackageName] WindowsEditor [ProjectName] Editor" joined multi-casting on [225.0.0.222:54997]...
Player connection [38528] Host "[IP] 192.168.56.1 [Port] 0 [Flags] 2 [Guid] 2485860675 [EditorId] 2485860675 [Version] 1048832 [Id] WindowsEditor(7,Marcos) [Debug] 1 [PackageName] WindowsEditor [ProjectName] Editor" joined alternative multi-casting on [225.0.0.222:34997]...
JobSystem: Creating JobQueue using job-worker-count value 7
[Physics::Module] Initialized MultithreadedJobDispatcher with 7 workers.
Library Redirect Path: Library/
Refreshing native plugins compatible for Editor in 4.01 ms, found 3 plugins.
Preloading 0 native plugins for Editor in 0.00 ms.
Initialize engine version: 2023.2.20f1 (0e25a174756c)
[Subsystems] Discovering subsystems at path C:/Program Files/Unity/Hub/Editor/2023.2.20f1/Editor/Data/Resources/UnitySubsystems
[Subsystems] Discovering subsystems at path C:/Users/amsar/Sobrevivencia/Assets
GfxDevice: creating device client; kGfxThreadingModeNonThreaded
Direct3D:
    Version:  Direct3D 11.0 [level 11.1]
    Renderer: NVIDIA GeForce GTX 1650 (ID=0x1f9d)
    Vendor:   NVIDIA
    VRAM:     3950 MB
    Driver:   31.0.15.3734
Initialize mono
Mono path[0] = 'C:/Program Files/Unity/Hub/Editor/2023.2.20f1/Editor/Data/Managed'
Mono path[1] = 'C:/Program Files/Unity/Hub/Editor/2023.2.20f1/Editor/Data/MonoBleedingEdge/lib/mono/unityjit-win32'
Mono config path = 'C:/Program Files/Unity/Hub/Editor/2023.2.20f1/Editor/Data/MonoBleedingEdge/etc'
Using monoOptions --debugger-agent=transport=dt_socket,embedding=1,server=y,suspend=n,address=127.0.0.1:56352
Begin MonoManager ReloadAssembly
Registering precompiled unity dll's ...
Register platform support module: C:/Program Files/Unity/Hub/Editor/2023.2.20f1/Editor/Data/PlaybackEngines/WebGLSupport/UnityEditor.WebGL.Extensions.dll
Register platform support module: C:/Program Files/Unity/Hub/Editor/2023.2.20f1/Editor/Data/PlaybackEngines/WindowsStandaloneSupport/UnityEditor.WindowsStandalone.Extensions.dll
Registered in 0.018123 seconds.
- Loaded All Assemblies, in  1.191 seconds
Native extension for WindowsStandalone target not found
Native extension for WebGL target not found
Mono: successfully reloaded assembly
- Finished resetting the current domain, in  0.793 seconds
Domain Reload Profiling: 1972ms
	BeginReloadAssembly (502ms)
		ExecutionOrderSort (0ms)
		DisableScriptedObjects (0ms)
		BackupInstance (0ms)
		ReleaseScriptingObjects (0ms)
		CreateAndSetChildDomain (5ms)
	RebuildCommonClasses (86ms)
	RebuildNativeTypeToScriptingClass (27ms)
	initialDomainReloadingComplete (155ms)
	LoadAllAssembliesAndSetupDomain (407ms)
		LoadAssemblies (485ms)
		RebuildTransferFunctionScriptingTraits (0ms)
		AnalyzeDomain (400ms)
			TypeCache.Refresh (398ms)
				TypeCache.ScanAssembly (368ms)
			BuildScriptInfoCaches (0ms)
			ResolveRequiredComponents (1ms)
	FinalizeReload (794ms)
		ReleaseScriptCaches (0ms)
		RebuildScriptCaches (0ms)
		SetupLoadedEditorAssemblies (673ms)
			LogAssemblyErrors (0ms)
			InitializePlatformSupportModulesInManaged (29ms)
			SetLoadedEditorAssemblies (17ms)
			BeforeProcessingInitializeOnLoad (15ms)
			ProcessInitializeOnLoadAttributes (484ms)
			ProcessInitializeOnLoadMethodAttributes (127ms)
			AfterProcessingInitializeOnLoad (0ms)
			EditorAssembliesLoaded (0ms)
		ExecutionOrderSort2 (0ms)
		AwakeInstancesAfterBackupRestoration (0ms)
========================================================================
Worker process is ready to serve import requests
Import Worker Mode flag is 0x00
Begin MonoManager ReloadAssembly
Symbol file LoadedFromMemory doesn't match image C:\Users\amsar\Sobrevivencia\Library\PackageCache\com.unity.visualscripting@1.8.0\Editor\VisualScripting.Core\Dependencies\YamlDotNet\Unity.VisualScripting.YamlDotNet.dll
Symbol file LoadedFromMemory doesn't match image C:\Users\amsar\Sobrevivencia\Library\PackageCache\com.unity.visualscripting@1.8.0\Editor\VisualScripting.Core\Dependencies\DotNetZip\Unity.VisualScripting.IonicZip.dll
Asset path could not be found for script compilation file '/Assets/Forst/Conifers [BOTD]/Installer/Editor/ConifersInstaller.cs'
Asset path could not be found for script compilation file '/Assets/Forst/Conifers [BOTD]/Installer/Editor/LaunchConifersInstaller.cs'
Asset path could not be found for script compilation file '/Assets/Forst/CTI Runtime Components/CTI Runtime Components BIRP/Scripts/Editor/CTI_AdvancedEdgeFluttering.cs'
Asset path could not be found for script compilation file '/Assets/Forst/CTI Runtime Components/CTI Runtime Components BIRP/Scripts/Editor/CTI_DetailsEnum.cs'
Asset path could not be found for script compilation file '/Assets/Forst/CTI Runtime Components/CTI Runtime Components BIRP/Scripts/Editor/CTI_ShaderGUI.cs'
- Loaded All Assemblies, in  2.250 seconds
Refreshing native plugins compatible for Editor in 1.85 ms, found 3 plugins.
Native extension for WindowsStandalone target not found
Native extension for WebGL target not found
Mono: successfully reloaded assembly
- Finished resetting the current domain, in  1.670 seconds
Domain Reload Profiling: 3909ms
	BeginReloadAssembly (997ms)
		ExecutionOrderSort (0ms)
		DisableScriptedObjects (13ms)
		BackupInstance (0ms)
		ReleaseScriptingObjects (0ms)
		CreateAndSetChildDomain (65ms)
	RebuildCommonClasses (100ms)
	RebuildNativeTypeToScriptingClass (32ms)
	initialDomainReloadingComplete (107ms)
	LoadAllAssembliesAndSetupDomain (1002ms)
		LoadAssemblies (774ms)
		RebuildTransferFunctionScriptingTraits (0ms)
		AnalyzeDomain (426ms)
			TypeCache.Refresh (364ms)
				TypeCache.ScanAssembly (333ms)
			BuildScriptInfoCaches (43ms)
			ResolveRequiredComponents (12ms)
	FinalizeReload (1671ms)
		ReleaseScriptCaches (0ms)
		RebuildScriptCaches (0ms)
		SetupLoadedEditorAssemblies (1198ms)
			LogAssemblyErrors (0ms)
			InitializePlatformSupportModulesInManaged (7ms)
			SetLoadedEditorAssemblies (11ms)
			BeforeProcessingInitializeOnLoad (115ms)
			ProcessInitializeOnLoadAttributes (987ms)
			ProcessInitializeOnLoadMethodAttributes (55ms)
			AfterProcessingInitializeOnLoad (23ms)
			EditorAssembliesLoaded (0ms)
		ExecutionOrderSort2 (0ms)
		AwakeInstancesAfterBackupRestoration (39ms)
Launched and connected shader compiler UnityShaderCompiler.exe after 0.05 seconds
Refreshing native plugins compatible for Editor in 2.28 ms, found 3 plugins.
Preloading 0 native plugins for Editor in 0.00 ms.
Unloading 97 Unused Serialized files (Serialized files now loaded: 0)
Unloading 3222 unused Assets / (1.6 MB). Loaded Objects now: 3921.
Memory consumption went from 173.0 MB to 171.4 MB.
Total: 12.557500 ms (FindLiveObjects: 0.596200 ms CreateObjectMapping: 0.433300 ms MarkObjects: 9.356100 ms  DeleteObjects: 2.170400 ms)

========================================================================
Received Import Request.
  Time since last request: 758085.034098 seconds.
  path: Assets/Pacotes/Sci Fi Modular Pack/Prefabs/Box3.prefab
  artifactKey: Guid(8bfb4b7ce5f3a4a4d9f81ddf253d08a3) Importer(815301076,1909f56bfc062723c751e8b465ee728b)
Start importing Assets/Pacotes/Sci Fi Modular Pack/Prefabs/Box3.prefab using Guid(8bfb4b7ce5f3a4a4d9f81ddf253d08a3) Importer(815301076,1909f56bfc062723c751e8b465ee728b) (PreviewImporter) -> (artifact id: '66bff4d54eda27dc760467997fb1f3ce') in 0.3898541 seconds
Number of updated asset objects reloaded before import = 0Number of asset objects unloaded after import = 13

========================================================================
Received Import Request.
  Time since last request: 0.000034 seconds.
  path: Assets/Pacotes/Sci Fi Modular Pack/Prefabs/Wall12.prefab
  artifactKey: Guid(cc55393986bef4d3a8307ae8b90d9e96) Importer(815301076,1909f56bfc062723c751e8b465ee728b)
Start importing Assets/Pacotes/Sci Fi Modular Pack/Prefabs/Wall12.prefab using Guid(cc55393986bef4d3a8307ae8b90d9e96) Importer(815301076,1909f56bfc062723c751e8b465ee728b) (PreviewImporter) -> (artifact id: 'f433c515ed4aeedd219db0f857c904e3') in 0.0367889 seconds
Number of updated asset objects reloaded before import = 0Number of asset objects unloaded after import = 12

========================================================================
Received Import Request.
  Time since last request: 0.000053 seconds.
  path: Assets/Pacotes/Sci Fi Modular Pack/Prefabs/WallIntersection1.prefab
  artifactKey: Guid(819c758ec1d154be9ac76b7394611c48) Importer(815301076,1909f56bfc062723c751e8b465ee728b)
Start importing Assets/Pacotes/Sci Fi Modular Pack/Prefabs/WallIntersection1.prefab using Guid(819c758ec1d154be9ac76b7394611c48) Importer(815301076,1909f56bfc062723c751e8b465ee728b) (PreviewImporter) -> (artifact id: 'a90727b5f50cf553222949ca674bd0e6') in 0.0308238 seconds
Number of updated asset objects reloaded before import = 0Number of asset objects unloaded after import = 12

========================================================================
Received Import Request.
  Time since last request: 0.000030 seconds.
  path: Assets/Pacotes/Sci Fi Modular Pack/Prefabs/Floor5.prefab
  artifactKey: Guid(f3e95b07df64f475f8d30ef51a45d2aa) Importer(815301076,1909f56bfc062723c751e8b465ee728b)
Start importing Assets/Pacotes/Sci Fi Modular Pack/Prefabs/Floor5.prefab using Guid(f3e95b07df64f475f8d30ef51a45d2aa) Importer(815301076,1909f56bfc062723c751e8b465ee728b) (PreviewImporter) -> (artifact id: '9ed036aec7edb7a46353cc6efe2c9994') in 0.034048 seconds
Number of updated asset objects reloaded before import = 0Number of asset objects unloaded after import = 12

========================================================================
Received Import Request.
  Time since last request: 0.000036 seconds.
  path: Assets/Pacotes/Sci Fi Modular Pack/Prefabs/SideWall1.1.prefab
  artifactKey: Guid(6b73bd9b0c9a248c89e59f013f13eb6e) Importer(815301076,1909f56bfc062723c751e8b465ee728b)
Start importing Assets/Pacotes/Sci Fi Modular Pack/Prefabs/SideWall1.1.prefab using Guid(6b73bd9b0c9a248c89e59f013f13eb6e) Importer(815301076,1909f56bfc062723c751e8b465ee728b) (PreviewImporter) -> (artifact id: 'ecc3208e79156d67520404b152905f9a') in 0.0327987 seconds
Number of updated asset objects reloaded before import = 0Number of asset objects unloaded after import = 13

========================================================================
Received Import Request.
  Time since last request: 0.000039 seconds.
  path: Assets/Pacotes/Sci Fi Modular Pack/Prefabs/IntersectionSideFloor.prefab
  artifactKey: Guid(d5d9b38faad724fa0855ec2bbd572999) Importer(815301076,1909f56bfc062723c751e8b465ee728b)
Start importing Assets/Pacotes/Sci Fi Modular Pack/Prefabs/IntersectionSideFloor.prefab using Guid(d5d9b38faad724fa0855ec2bbd572999) Importer(815301076,1909f56bfc062723c751e8b465ee728b) (PreviewImporter) -> (artifact id: 'faebbb89727bb0810a84599e57e22187') in 0.0334722 seconds
Number of updated asset objects reloaded before import = 0Number of asset objects unloaded after import = 12

========================================================================
Received Import Request.
  Time since last request: 3.510904 seconds.
  path: Assets/Pacotes/Sci Fi Modular Pack/PostProcessing/Sci-Fi Corridor Standard.asset
  artifactKey: Guid(ff2330afae52142f4978b38a8531c412) Importer(815301076,1909f56bfc062723c751e8b465ee728b)
Start importing Assets/Pacotes/Sci Fi Modular Pack/PostProcessing/Sci-Fi Corridor Standard.asset using Guid(ff2330afae52142f4978b38a8531c412) Importer(815301076,1909f56bfc062723c751e8b465ee728b) (PreviewImporter) -> (artifact id: 'd30e369a661c841f5a83ad01877ce5a7') in 0.0040837 seconds
Number of updated asset objects reloaded before import = 0Number of asset objects unloaded after import = 1

========================================================================
Received Import Request.
  Time since last request: 1.336595 seconds.
  path: Assets/Pacotes/Sci Fi Modular Pack/Models/Box3.fbx
  artifactKey: Guid(7183a75afe981473889ad1caa215f6cf) Importer(815301076,1909f56bfc062723c751e8b465ee728b)
Start importing Assets/Pacotes/Sci Fi Modular Pack/Models/Box3.fbx using Guid(7183a75afe981473889ad1caa215f6cf) Importer(815301076,1909f56bfc062723c751e8b465ee728b) (PreviewImporter) -> (artifact id: '06a894f4170820174a0619e17ad67396') in 0.1138434 seconds
Number of updated asset objects reloaded before import = 0Number of asset objects unloaded after import = 8

========================================================================
Received Import Request.
  Time since last request: 0.000043 seconds.
  path: Assets/Pacotes/Sci Fi Modular Pack/Models/Floor4.fbx
  artifactKey: Guid(bb01b9278a1b047a796cd1810d13fa84) Importer(815301076,1909f56bfc062723c751e8b465ee728b)
Start importing Assets/Pacotes/Sci Fi Modular Pack/Models/Floor4.fbx using Guid(bb01b9278a1b047a796cd1810d13fa84) Importer(815301076,1909f56bfc062723c751e8b465ee728b) (PreviewImporter) -> (artifact id: '983f4d3e9f0497e12c221aef948d4463') in 0.0432565 seconds
Number of updated asset objects reloaded before import = 0Number of asset objects unloaded after import = 8

========================================================================
Received Import Request.
  Time since last request: 0.000049 seconds.
  path: Assets/Pacotes/Sci Fi Modular Pack/Models/Wall3.fbx
  artifactKey: Guid(bc5cfead19309409a8b986895a55b420) Importer(815301076,1909f56bfc062723c751e8b465ee728b)
Start importing Assets/Pacotes/Sci Fi Modular Pack/Models/Wall3.fbx using Guid(bc5cfead19309409a8b986895a55b420) Importer(815301076,1909f56bfc062723c751e8b465ee728b) (PreviewImporter) -> (artifact id: 'a4bd819d85029e8edba83247882599be') in 0.0370198 seconds
Number of updated asset objects reloaded before import = 0Number of asset objects unloaded after import = 8

========================================================================
Received Import Request.
  Time since last request: 0.000064 seconds.
  path: Assets/Pacotes/Sci Fi Modular Pack/Models/WallIntersection1.fbx
  artifactKey: Guid(f9c4efeaf2929440f8e8b566b4562e29) Importer(815301076,1909f56bfc062723c751e8b465ee728b)
Start importing Assets/Pacotes/Sci Fi Modular Pack/Models/WallIntersection1.fbx using Guid(f9c4efeaf2929440f8e8b566b4562e29) Importer(815301076,1909f56bfc062723c751e8b465ee728b) (PreviewImporter) -> (artifact id: '6d0215a1e84ecfacb60896ab01828fab') in 0.0339085 seconds
Number of updated asset objects reloaded before import = 0Number of asset objects unloaded after import = 8

========================================================================
Received Import Request.
  Time since last request: 0.000027 seconds.
  path: Assets/Pacotes/Sci Fi Modular Pack/Models/Wall1.fbx
  artifactKey: Guid(2482c5122844e40f3a32796093441745) Importer(815301076,1909f56bfc062723c751e8b465ee728b)
Start importing Assets/Pacotes/Sci Fi Modular Pack/Models/Wall1.fbx using Guid(2482c5122844e40f3a32796093441745) Importer(815301076,1909f56bfc062723c751e8b465ee728b) (PreviewImporter) -> (artifact id: '34c4b0f0518d99a47713a4b5e1f7e840') in 0.0316525 seconds
Number of updated asset objects reloaded before import = 0Number of asset objects unloaded after import = 8

========================================================================
Received Import Request.
  Time since last request: 0.000032 seconds.
  path: Assets/Pacotes/Sci Fi Modular Pack/Models/WallIntersection.fbx
  artifactKey: Guid(e7b2394064b434dcd8acf90528275285) Importer(815301076,1909f56bfc062723c751e8b465ee728b)
Start importing Assets/Pacotes/Sci Fi Modular Pack/Models/WallIntersection.fbx using Guid(e7b2394064b434dcd8acf90528275285) Importer(815301076,1909f56bfc062723c751e8b465ee728b) (PreviewImporter) -> (artifact id: '72082811fcb61e03053c1c6d6d2f2e64') in 0.0316285 seconds
Number of updated asset objects reloaded before import = 0Number of asset objects unloaded after import = 8

========================================================================
Received Import Request.
  Time since last request: 0.000035 seconds.
  path: Assets/Pacotes/Sci Fi Modular Pack/Models/WallIntersection2.fbx
  artifactKey: Guid(06c233e130160473fa9e8ce5a4bbd5c4) Importer(815301076,1909f56bfc062723c751e8b465ee728b)
Start importing Assets/Pacotes/Sci Fi Modular Pack/Models/WallIntersection2.fbx using Guid(06c233e130160473fa9e8ce5a4bbd5c4) Importer(815301076,1909f56bfc062723c751e8b465ee728b) (PreviewImporter) -> (artifact id: '20de04e93858af98678a40b90f305d5e') in 0.0334102 seconds
Number of updated asset objects reloaded before import = 0Number of asset objects unloaded after import = 8

========================================================================
Received Import Request.
  Time since last request: 0.000027 seconds.
  path: Assets/Pacotes/Sci Fi Modular Pack/Models/Light1.fbx
  artifactKey: Guid(5c10f386ebfed4a07bf2755c59c4ace9) Importer(815301076,1909f56bfc062723c751e8b465ee728b)
Start importing Assets/Pacotes/Sci Fi Modular Pack/Models/Light1.fbx using Guid(5c10f386ebfed4a07bf2755c59c4ace9) Importer(815301076,1909f56bfc062723c751e8b465ee728b) (PreviewImporter) -> (artifact id: '909ce4e1921d456e97f8aff2a9e88ed1') in 0.0399149 seconds
Number of updated asset objects reloaded before import = 0Number of asset objects unloaded after import = 9

========================================================================
Received Import Request.
  Time since last request: 12303.623144 seconds.
  path: Assets/Pacotes/Mars Landscape 3D/Resources/Geometry/ML3D_Rocks_00.fbx
  artifactKey: Guid(311fb4af49f45401fb66880f53ca868b) Importer(815301076,1909f56bfc062723c751e8b465ee728b)
Start importing Assets/Pacotes/Mars Landscape 3D/Resources/Geometry/ML3D_Rocks_00.fbx using Guid(311fb4af49f45401fb66880f53ca868b) Importer(815301076,1909f56bfc062723c751e8b465ee728b) (PreviewImporter) -> (artifact id: '1729e0c8cbe3d727fa4cc79b2256bcd6') in 0.0772606 seconds
Number of updated asset objects reloaded before import = 0Number of asset objects unloaded after import = 24

========================================================================
Received Import Request.
  Time since last request: 0.000046 seconds.
  path: Assets/Pacotes/Mars Landscape 3D/Resources/Geometry/TerrainData_e286bb73-2a51-4038-8ff1-ffb3cbf73521.asset
  artifactKey: Guid(e409aabba697c9a43a07eedfc7d0f1c0) Importer(815301076,1909f56bfc062723c751e8b465ee728b)
Start importing Assets/Pacotes/Mars Landscape 3D/Resources/Geometry/TerrainData_e286bb73-2a51-4038-8ff1-ffb3cbf73521.asset using Guid(e409aabba697c9a43a07eedfc7d0f1c0) Importer(815301076,1909f56bfc062723c751e8b465ee728b) (PreviewImporter) -> (artifact id: 'f18f09a4b9f92798664fb763b04f208a') in 0.0456053 seconds
Number of updated asset objects reloaded before import = 0Number of asset objects unloaded after import = 3

========================================================================
Received Import Request.
  Time since last request: 0.000057 seconds.
  path: Assets/Pacotes/Mars Landscape 3D/Resources/Geometry/TerrainData_ec6dabb4-e60c-4c73-b019-e0d0e272a7dc.asset
  artifactKey: Guid(b431a6dcb253d354392ee5ae06e893b0) Importer(815301076,1909f56bfc062723c751e8b465ee728b)
Start importing Assets/Pacotes/Mars Landscape 3D/Resources/Geometry/TerrainData_ec6dabb4-e60c-4c73-b019-e0d0e272a7dc.asset using Guid(b431a6dcb253d354392ee5ae06e893b0) Importer(815301076,1909f56bfc062723c751e8b465ee728b) (PreviewImporter) -> (artifact id: '561708e565f708c8e4636471be26589f') in 0.0226155 seconds
Number of updated asset objects reloaded before import = 0Number of asset objects unloaded after import = 3

========================================================================
Received Import Request.
  Time since last request: 0.000027 seconds.
  path: Assets/Pacotes/Mars Landscape 3D/Resources/Geometry/ML3D_Rocks_02.fbx
  artifactKey: Guid(58a5ab3dee2df4b7ca1055a0d6b8fe60) Importer(815301076,1909f56bfc062723c751e8b465ee728b)
Start importing Assets/Pacotes/Mars Landscape 3D/Resources/Geometry/ML3D_Rocks_02.fbx using Guid(58a5ab3dee2df4b7ca1055a0d6b8fe60) Importer(815301076,1909f56bfc062723c751e8b465ee728b) (PreviewImporter) -> (artifact id: '26aaa55c66d1e5c4752a0c68ab088930') in 0.0965462 seconds
Number of updated asset objects reloaded before import = 0Number of asset objects unloaded after import = 29

========================================================================
Received Import Request.
  Time since last request: 0.000029 seconds.
  path: Assets/Pacotes/Mars Landscape 3D/Resources/Geometry/TerrainData_acd9075e-83da-4bb4-8aab-00436faac7ee.asset
  artifactKey: Guid(68fc6d9da09390c499b2caeeb8dbe1c7) Importer(815301076,1909f56bfc062723c751e8b465ee728b)
Start importing Assets/Pacotes/Mars Landscape 3D/Resources/Geometry/TerrainData_acd9075e-83da-4bb4-8aab-00436faac7ee.asset using Guid(68fc6d9da09390c499b2caeeb8dbe1c7) Importer(815301076,1909f56bfc062723c751e8b465ee728b) (PreviewImporter) -> (artifact id: 'f523a31bdb96c9ebdd51b441fa1cf97f') in 0.0231314 seconds
Number of updated asset objects reloaded before import = 0Number of asset objects unloaded after import = 3

========================================================================
Received Import Request.
  Time since last request: 0.000028 seconds.
  path: Assets/Pacotes/Mars Landscape 3D/Resources/Geometry/TerrainData_feab6141-be65-49b1-ae82-b1aba8813340.asset
  artifactKey: Guid(dad3e1ab3ac89664385af4deeae5920b) Importer(815301076,1909f56bfc062723c751e8b465ee728b)
Start importing Assets/Pacotes/Mars Landscape 3D/Resources/Geometry/TerrainData_feab6141-be65-49b1-ae82-b1aba8813340.asset using Guid(dad3e1ab3ac89664385af4deeae5920b) Importer(815301076,1909f56bfc062723c751e8b465ee728b) (PreviewImporter) -> (artifact id: 'b46e098fb530b59c4253d4e1e077f3c3') in 0.0176911 seconds
Number of updated asset objects reloaded before import = 0Number of asset objects unloaded after import = 3

========================================================================
Received Import Request.
  Time since last request: 0.000509 seconds.
  path: Assets/Pacotes/Mars Landscape 3D/Resources/Geometry/TerrainData_a12f8f08-e330-4d06-bea9-1d57425cc2c4.asset
  artifactKey: Guid(8058bb7e6ba109548bd57f5c36fccc95) Importer(815301076,1909f56bfc062723c751e8b465ee728b)
Start importing Assets/Pacotes/Mars Landscape 3D/Resources/Geometry/TerrainData_a12f8f08-e330-4d06-bea9-1d57425cc2c4.asset using Guid(8058bb7e6ba109548bd57f5c36fccc95) Importer(815301076,1909f56bfc062723c751e8b465ee728b) (PreviewImporter) -> (artifact id: 'b653fc04d0c28ba8dcd1f6ad0f920a95') in 0.0183402 seconds
Number of updated asset objects reloaded before import = 0Number of asset objects unloaded after import = 3

========================================================================
Received Import Request.
  Time since last request: 18.152973 seconds.
  path: Assets/Pacotes/Mars Landscape 3D/Scenes/Mars Landscape 3D Overview_Profiles
  artifactKey: Guid(3e52e81ebacd245e1b8040f6a369d20a) Importer(815301076,1909f56bfc062723c751e8b465ee728b)
Start importing Assets/Pacotes/Mars Landscape 3D/Scenes/Mars Landscape 3D Overview_Profiles using Guid(3e52e81ebacd245e1b8040f6a369d20a) Importer(815301076,1909f56bfc062723c751e8b465ee728b) (PreviewImporter) -> (artifact id: '3f180bbc2cb4964fec6a616079198534') in 0.0133349 seconds
Number of updated asset objects reloaded before import = 0Number of asset objects unloaded after import = 0

========================================================================
Received Import Request.
  Time since last request: 0.086591 seconds.
  path: Assets/Pacotes/Mars Landscape 3D/Scenes/Mars Landscape 3D Overview_Profiles/MarsLandscape3DPost-ProcessingVolumeProfile.asset
  artifactKey: Guid(c30811e6a75df4309b68ce71c0eb88b4) Importer(815301076,1909f56bfc062723c751e8b465ee728b)
Start importing Assets/Pacotes/Mars Landscape 3D/Scenes/Mars Landscape 3D Overview_Profiles/MarsLandscape3DPost-ProcessingVolumeProfile.asset using Guid(c30811e6a75df4309b68ce71c0eb88b4) Importer(815301076,1909f56bfc062723c751e8b465ee728b) (PreviewImporter) -> (artifact id: 'e1cf338c7524aa1dd7ac799a7e5ce5d1') in 0.0033603 seconds
Number of updated asset objects reloaded before import = 0Number of asset objects unloaded after import = 1

========================================================================
Received Import Request.
  Time since last request: 2.487957 seconds.
  path: Assets/Pacotes/Mars Landscape 3D/Prefabs/ML3D_Rocks_00_00.prefab
  artifactKey: Guid(719667f2035d442a8b6fc78d6a10a7fa) Importer(815301076,1909f56bfc062723c751e8b465ee728b)
Start importing Assets/Pacotes/Mars Landscape 3D/Prefabs/ML3D_Rocks_00_00.prefab using Guid(719667f2035d442a8b6fc78d6a10a7fa) Importer(815301076,1909f56bfc062723c751e8b465ee728b) (PreviewImporter) -> (artifact id: 'da5a0f0ce3d9740e753b647907a4fb24') in 0.0658646 seconds
Number of updated asset objects reloaded before import = 0Number of asset objects unloaded after import = 14

========================================================================
Received Import Request.
  Time since last request: 57.771580 seconds.
  path: Assets/Pacotes/Mars Landscape 3D/Resources/Geometry
  artifactKey: Guid(f344c4f9f564a4050b72b062cb96f0c1) Importer(815301076,1909f56bfc062723c751e8b465ee728b)
Start importing Assets/Pacotes/Mars Landscape 3D/Resources/Geometry using Guid(f344c4f9f564a4050b72b062cb96f0c1) Importer(815301076,1909f56bfc062723c751e8b465ee728b) (PreviewImporter) -> (artifact id: '25a4a80fbe0c45014a5df28f834ada89') in 0.0120807 seconds
Number of updated asset objects reloaded before import = 0Number of asset objects unloaded after import = 0

========================================================================
Received Import Request.
  Time since last request: 0.096877 seconds.
  path: Assets/Pacotes/Mars Landscape 3D/Resources/Geometry/TerrainData_0b82209f-19ef-4369-b487-26fede6f8f07.asset
  artifactKey: Guid(145f6b0132c8b7241aabe713240c4a7e) Importer(815301076,1909f56bfc062723c751e8b465ee728b)
Start importing Assets/Pacotes/Mars Landscape 3D/Resources/Geometry/TerrainData_0b82209f-19ef-4369-b487-26fede6f8f07.asset using Guid(145f6b0132c8b7241aabe713240c4a7e) Importer(815301076,1909f56bfc062723c751e8b465ee728b) (PreviewImporter) -> (artifact id: '17700e097717d1f5318da3fc48efbb77') in 0.0229746 seconds
Number of updated asset objects reloaded before import = 0Number of asset objects unloaded after import = 3

========================================================================
Received Import Request.
  Time since last request: 0.000040 seconds.
  path: Assets/Pacotes/Mars Landscape 3D/Resources/Geometry/TerrainData_c6ec0fe8-ae85-4f63-b3ab-440b75fea9a4.asset
  artifactKey: Guid(d0ce674008960064c8cf094498c71f47) Importer(815301076,1909f56bfc062723c751e8b465ee728b)
Start importing Assets/Pacotes/Mars Landscape 3D/Resources/Geometry/TerrainData_c6ec0fe8-ae85-4f63-b3ab-440b75fea9a4.asset using Guid(d0ce674008960064c8cf094498c71f47) Importer(815301076,1909f56bfc062723c751e8b465ee728b) (PreviewImporter) -> (artifact id: '9bbd2f2cefba42e60cb9b1c863fbe225') in 0.0232558 seconds
Number of updated asset objects reloaded before import = 0Number of asset objects unloaded after import = 3

========================================================================
Received Import Request.
  Time since last request: 1.768426 seconds.
  path: Assets/Pacotes/Mars Landscape 3D/Resources/Materials/Crater_Brush.brush
  artifactKey: Guid(60fc75f5c726b458d97fb53592b33cbd) Importer(815301076,1909f56bfc062723c751e8b465ee728b)
Start importing Assets/Pacotes/Mars Landscape 3D/Resources/Materials/Crater_Brush.brush using Guid(60fc75f5c726b458d97fb53592b33cbd) Importer(815301076,1909f56bfc062723c751e8b465ee728b) (PreviewImporter) -> (artifact id: 'c50e95d411f0c848e5cd64738c17a463') in 0.0417742 seconds
Number of updated asset objects reloaded before import = 0Number of asset objects unloaded after import = 2

========================================================================
Received Import Request.
  Time since last request: 0.000039 seconds.
  path: Assets/Pacotes/Mars Landscape 3D/Resources/Materials/Ground_02.terrainlayer
  artifactKey: Guid(e118f863714604de4ab4a01b5cea80c0) Importer(815301076,1909f56bfc062723c751e8b465ee728b)
Start importing Assets/Pacotes/Mars Landscape 3D/Resources/Materials/Ground_02.terrainlayer using Guid(e118f863714604de4ab4a01b5cea80c0) Importer(815301076,1909f56bfc062723c751e8b465ee728b) (PreviewImporter) -> (artifact id: 'b097c825bf2fcbbc32e91d573f168057') in 0.0674759 seconds
Number of updated asset objects reloaded before import = 0Number of asset objects unloaded after import = 4

========================================================================
Received Import Request.
  Time since last request: 0.000046 seconds.
  path: Assets/Pacotes/Mars Landscape 3D/Resources/Materials/Ground_01.terrainlayer
  artifactKey: Guid(819d17b48ed9544dda00bd5dad414d49) Importer(815301076,1909f56bfc062723c751e8b465ee728b)
Start importing Assets/Pacotes/Mars Landscape 3D/Resources/Materials/Ground_01.terrainlayer using Guid(819d17b48ed9544dda00bd5dad414d49) Importer(815301076,1909f56bfc062723c751e8b465ee728b) (PreviewImporter) -> (artifact id: '394751582f69f7ed5a2f236443891810') in 0.0326505 seconds
Number of updated asset objects reloaded before import = 0Number of asset objects unloaded after import = 4

========================================================================
Received Import Request.
  Time since last request: 0.000044 seconds.
  path: Assets/Pacotes/Mars Landscape 3D/Resources/Materials/ML3D_Rocks_00.mat
  artifactKey: Guid(adf33d9b462294ac4bb0b485c9ecedfc) Importer(815301076,1909f56bfc062723c751e8b465ee728b)
Start importing Assets/Pacotes/Mars Landscape 3D/Resources/Materials/ML3D_Rocks_00.mat using Guid(adf33d9b462294ac4bb0b485c9ecedfc) Importer(815301076,1909f56bfc062723c751e8b465ee728b) (PreviewImporter) -> (artifact id: 'd0b97484a216ba3a98a8b8d573d61652') in 0.0414337 seconds
Number of updated asset objects reloaded before import = 0Number of asset objects unloaded after import = 6

========================================================================
Received Import Request.
  Time since last request: 4.403223 seconds.
  path: Assets/Pacotes/Mars Landscape 3D/Resources/Textures/Ground_00_D.png
  artifactKey: Guid(6a14e406b18fb48aaa310a326876f97a) Importer(815301076,1909f56bfc062723c751e8b465ee728b)
Start importing Assets/Pacotes/Mars Landscape 3D/Resources/Textures/Ground_00_D.png using Guid(6a14e406b18fb48aaa310a326876f97a) Importer(815301076,1909f56bfc062723c751e8b465ee728b) (PreviewImporter) -> (artifact id: '4d3875a9e08fa943d27b594cf8c716af') in 0.0197792 seconds
Number of updated asset objects reloaded before import = 0Number of asset objects unloaded after import = 2

========================================================================
Received Import Request.
  Time since last request: 4.683822 seconds.
  path: Assets/Pacotes/Mars Landscape 3D/Resources/Textures/Ground_01_D.png
  artifactKey: Guid(233f547ce1f6647ccaff479cd0d061cc) Importer(815301076,1909f56bfc062723c751e8b465ee728b)
Start importing Assets/Pacotes/Mars Landscape 3D/Resources/Textures/Ground_01_D.png using Guid(233f547ce1f6647ccaff479cd0d061cc) Importer(815301076,1909f56bfc062723c751e8b465ee728b) (PreviewImporter) -> (artifact id: 'a61c35f9de4ed55433e86c54cb65a333') in 0.0157561 seconds
Number of updated asset objects reloaded before import = 0Number of asset objects unloaded after import = 2

========================================================================
Received Import Request.
  Time since last request: 1.350086 seconds.
  path: Assets/Pacotes/Mars Landscape 3D/Resources/Textures/Ground_02_D.png
  artifactKey: Guid(5a3ca0616b34a42938c766ccabd723e9) Importer(815301076,1909f56bfc062723c751e8b465ee728b)
Start importing Assets/Pacotes/Mars Landscape 3D/Resources/Textures/Ground_02_D.png using Guid(5a3ca0616b34a42938c766ccabd723e9) Importer(815301076,1909f56bfc062723c751e8b465ee728b) (PreviewImporter) -> (artifact id: '70cf6d21c129f9dd3c9a902cab7c2b55') in 0.0225443 seconds
Number of updated asset objects reloaded before import = 0Number of asset objects unloaded after import = 2

========================================================================
Received Import Request.
  Time since last request: 1.810683 seconds.
  path: Assets/Pacotes/Mars Landscape 3D/Resources/Textures/Ground_03_D.png
  artifactKey: Guid(d5a46b20f7fe248209db917d1e6be190) Importer(815301076,1909f56bfc062723c751e8b465ee728b)
Start importing Assets/Pacotes/Mars Landscape 3D/Resources/Textures/Ground_03_D.png using Guid(d5a46b20f7fe248209db917d1e6be190) Importer(815301076,1909f56bfc062723c751e8b465ee728b) (PreviewImporter) -> (artifact id: '55af0d2b2490729475b8bcc722aeb6be') in 0.0301531 seconds
Number of updated asset objects reloaded before import = 0Number of asset objects unloaded after import = 2

========================================================================
Received Import Request.
  Time since last request: 7.419314 seconds.
  path: Assets/Pacotes/Mars Landscape 3D/Resources/Sounds/Wind.wav
  artifactKey: Guid(df81ff13b4e27490a97d74c1f325fe4e) Importer(815301076,1909f56bfc062723c751e8b465ee728b)
Start importing Assets/Pacotes/Mars Landscape 3D/Resources/Sounds/Wind.wav using Guid(df81ff13b4e27490a97d74c1f325fe4e) Importer(815301076,1909f56bfc062723c751e8b465ee728b) (PreviewImporter) -> (artifact id: 'ab19409073b0082a859934c3341e2cc9') in 0.3930602 seconds
Number of updated asset objects reloaded before import = 0Number of asset objects unloaded after import = 2

========================================================================
Received Import Request.
  Time since last request: 1.498691 seconds.
  path: Assets/Pacotes/Mars Landscape 3D/Resources/Textures/Crater_Brush.png
  artifactKey: Guid(d8b3ec531427a4268a30ae69e658b69f) Importer(815301076,1909f56bfc062723c751e8b465ee728b)
Start importing Assets/Pacotes/Mars Landscape 3D/Resources/Textures/Crater_Brush.png using Guid(d8b3ec531427a4268a30ae69e658b69f) Importer(815301076,1909f56bfc062723c751e8b465ee728b) (PreviewImporter) -> (artifact id: '638aefe8bb8a59dfae3dd170ce2ead42') in 0.0167766 seconds
Number of updated asset objects reloaded before import = 0Number of asset objects unloaded after import = 2

========================================================================
Received Import Request.
  Time since last request: 0.000147 seconds.
  path: Assets/Pacotes/Mars Landscape 3D/Resources/Textures/LensDirt.png
  artifactKey: Guid(c5e791cb2bf594d32a23bb2697f677d3) Importer(815301076,1909f56bfc062723c751e8b465ee728b)
Start importing Assets/Pacotes/Mars Landscape 3D/Resources/Textures/LensDirt.png using Guid(c5e791cb2bf594d32a23bb2697f677d3) Importer(815301076,1909f56bfc062723c751e8b465ee728b) (PreviewImporter) -> (artifact id: '78c80bea15beb44be441488637058d50') in 0.0259443 seconds
Number of updated asset objects reloaded before import = 0Number of asset objects unloaded after import = 2

========================================================================
Received Import Request.
  Time since last request: 0.000027 seconds.
  path: Assets/Pacotes/Mars Landscape 3D/Resources/Textures/Smoke.png
  artifactKey: Guid(7e92e657da92e4461a765169324acb40) Importer(815301076,1909f56bfc062723c751e8b465ee728b)
Start importing Assets/Pacotes/Mars Landscape 3D/Resources/Textures/Smoke.png using Guid(7e92e657da92e4461a765169324acb40) Importer(815301076,1909f56bfc062723c751e8b465ee728b) (PreviewImporter) -> (artifact id: 'd724f105461aef3d1683cfde09bec468') in 0.0200158 seconds
Number of updated asset objects reloaded before import = 0Number of asset objects unloaded after import = 2

========================================================================
Received Import Request.
  Time since last request: 0.000175 seconds.
  path: Assets/Pacotes/Mars Landscape 3D/Resources/Textures/ML3D_Rocks_02_AlbedoTransparency.png
  artifactKey: Guid(daefb2272129642d3bd999badd1f52fb) Importer(815301076,1909f56bfc062723c751e8b465ee728b)
Start importing Assets/Pacotes/Mars Landscape 3D/Resources/Textures/ML3D_Rocks_02_AlbedoTransparency.png using Guid(daefb2272129642d3bd999badd1f52fb) Importer(815301076,1909f56bfc062723c751e8b465ee728b) (PreviewImporter) -> (artifact id: '144c6d27cb912174f9e4a56f3fe87fbc') in 0.0209122 seconds
Number of updated asset objects reloaded before import = 0Number of asset objects unloaded after import = 2

========================================================================
Received Import Request.
  Time since last request: 0.000136 seconds.
  path: Assets/Pacotes/Mars Landscape 3D/Resources/Textures/ML3D_Rocks_02_Normal.png
  artifactKey: Guid(7fdaaba5c809c461ab5d477d5bd4a3cf) Importer(815301076,1909f56bfc062723c751e8b465ee728b)
Start importing Assets/Pacotes/Mars Landscape 3D/Resources/Textures/ML3D_Rocks_02_Normal.png using Guid(7fdaaba5c809c461ab5d477d5bd4a3cf) Importer(815301076,1909f56bfc062723c751e8b465ee728b) (PreviewImporter) -> (artifact id: '135845082033e437684d5db65158a771') in 0.0284051 seconds
Number of updated asset objects reloaded before import = 0Number of asset objects unloaded after import = 2

========================================================================
Received Import Request.
  Time since last request: 280.164123 seconds.
  path: Assets/Pacotes/Mars Landscape 3D/Resources/Materials
  artifactKey: Guid(9b95c98f5d1264d8b9b45d6c6fec7f32) Importer(815301076,1909f56bfc062723c751e8b465ee728b)
Start importing Assets/Pacotes/Mars Landscape 3D/Resources/Materials using Guid(9b95c98f5d1264d8b9b45d6c6fec7f32) Importer(815301076,1909f56bfc062723c751e8b465ee728b) (PreviewImporter) -> (artifact id: '345186b3ed572d986b84cbad2f634746') in 0.0129234 seconds
Number of updated asset objects reloaded before import = 0Number of asset objects unloaded after import = 0

========================================================================
Received Import Request.
  Time since last request: 14.448560 seconds.
  path: Assets/Pacotes/Mars Landscape 3D/Resources/Materials/Terreno.mat
  artifactKey: Guid(65e84b8a7de823741927e815ffc4c081) Importer(815301076,1909f56bfc062723c751e8b465ee728b)
Start importing Assets/Pacotes/Mars Landscape 3D/Resources/Materials/Terreno.mat using Guid(65e84b8a7de823741927e815ffc4c081) Importer(815301076,1909f56bfc062723c751e8b465ee728b) (PreviewImporter) -> (artifact id: '8ba33b481e8b68ea8ae37330cd13d6da') in 0.0166591 seconds
Number of updated asset objects reloaded before import = 0Number of asset objects unloaded after import = 1

========================================================================
Received Import Request.
  Time since last request: 734.894427 seconds.
  path: Assets/Pacotes/Wolf_Animated/Model/Materials/Wolf_Albedo1.mat
  artifactKey: Guid(e3c3dcf3633222f478c7ebfc5d644ab0) Importer(815301076,1909f56bfc062723c751e8b465ee728b)
Start importing Assets/Pacotes/Wolf_Animated/Model/Materials/Wolf_Albedo1.mat using Guid(e3c3dcf3633222f478c7ebfc5d644ab0) Importer(815301076,1909f56bfc062723c751e8b465ee728b) (PreviewImporter) -> (artifact id: '8f0fb1c77023a067979e4f4263f07324') in 0.0174574 seconds
Number of updated asset objects reloaded before import = 0Number of asset objects unloaded after import = 1

========================================================================
Received Import Request.
  Time since last request: 1.651182 seconds.
  path: Assets/Pacotes/Sci-Fi Styled Modular Pack/Materials/window.mat
  artifactKey: Guid(6df5b81390f2c8d4d967baea2b0a190e) Importer(815301076,1909f56bfc062723c751e8b465ee728b)
Start importing Assets/Pacotes/Sci-Fi Styled Modular Pack/Materials/window.mat using Guid(6df5b81390f2c8d4d967baea2b0a190e) Importer(815301076,1909f56bfc062723c751e8b465ee728b) (PreviewImporter) -> (artifact id: '2c4acc1d08193cd96cf61c54ced0e912') in 0.426593 seconds
Number of updated asset objects reloaded before import = 0Number of asset objects unloaded after import = 4

========================================================================
Received Import Request.
  Time since last request: 0.954270 seconds.
  path: Assets/Pacotes/Sci-Fi Styled Modular Pack/Materials/white emision.mat
  artifactKey: Guid(6b6dfd77776c54a4781ec8cab4d87860) Importer(815301076,1909f56bfc062723c751e8b465ee728b)
Start importing Assets/Pacotes/Sci-Fi Styled Modular Pack/Materials/white emision.mat using Guid(6b6dfd77776c54a4781ec8cab4d87860) Importer(815301076,1909f56bfc062723c751e8b465ee728b) (PreviewImporter) -> (artifact id: '730e07c15cd6c8c2c5e20f35403377f9') in 0.0160163 seconds
Number of updated asset objects reloaded before import = 0Number of asset objects unloaded after import = 1

========================================================================
Received Import Request.
  Time since last request: 0.015357 seconds.
  path: Assets/Pacotes/Sci Fi Modular Pack/Materials/WallIntersection3.mat
  artifactKey: Guid(65424cb5f67f4418788e23c2be2ab06e) Importer(815301076,1909f56bfc062723c751e8b465ee728b)
Start importing Assets/Pacotes/Sci Fi Modular Pack/Materials/WallIntersection3.mat using Guid(65424cb5f67f4418788e23c2be2ab06e) Importer(815301076,1909f56bfc062723c751e8b465ee728b) (PreviewImporter) -> (artifact id: 'd3777b6600375b296acb3d01d5b976fb') in 0.0405355 seconds
Number of updated asset objects reloaded before import = 0Number of asset objects unloaded after import = 5

========================================================================
Received Import Request.
  Time since last request: 1.186397 seconds.
  path: Assets/Pacotes/Sci Fi Modular Pack/Materials/WallIntersection1.mat
  artifactKey: Guid(b7af82318fff149f7833d06387582e19) Importer(815301076,1909f56bfc062723c751e8b465ee728b)
Start importing Assets/Pacotes/Sci Fi Modular Pack/Materials/WallIntersection1.mat using Guid(b7af82318fff149f7833d06387582e19) Importer(815301076,1909f56bfc062723c751e8b465ee728b) (PreviewImporter) -> (artifact id: '44d31d92ede6741e5741d98a150e0ea4') in 0.0504347 seconds
Number of updated asset objects reloaded before import = 0Number of asset objects unloaded after import = 5

========================================================================
Received Import Request.
  Time since last request: 0.056618 seconds.
  path: Assets/Pacotes/Sci Fi Modular Pack/Materials/WallDoor.mat
  artifactKey: Guid(8dc0721cdc04d4b9cbe87147971df2b9) Importer(815301076,1909f56bfc062723c751e8b465ee728b)
Start importing Assets/Pacotes/Sci Fi Modular Pack/Materials/WallDoor.mat using Guid(8dc0721cdc04d4b9cbe87147971df2b9) Importer(815301076,1909f56bfc062723c751e8b465ee728b) (PreviewImporter) -> (artifact id: '390842a39330706a33c26d43ea3683e6') in 0.0491253 seconds
Number of updated asset objects reloaded before import = 0Number of asset objects unloaded after import = 6

========================================================================
Received Import Request.
  Time since last request: 0.000028 seconds.
  path: Assets/Pacotes/Sci Fi Modular Pack/Materials/WallIntersection.mat
  artifactKey: Guid(da36230c61a154acba2fe3f81813150a) Importer(815301076,1909f56bfc062723c751e8b465ee728b)
Start importing Assets/Pacotes/Sci Fi Modular Pack/Materials/WallIntersection.mat using Guid(da36230c61a154acba2fe3f81813150a) Importer(815301076,1909f56bfc062723c751e8b465ee728b) (PreviewImporter) -> (artifact id: '97bcdadd10d13461c06d11b9166deefe') in 0.0458681 seconds
Number of updated asset objects reloaded before import = 0Number of asset objects unloaded after import = 6

========================================================================
Received Import Request.
  Time since last request: 3.709725 seconds.
  path: Assets/Pacotes/Sci Fi Modular Pack/Materials/Wall3.mat
  artifactKey: Guid(9c2ff576c78f14041a506bd8dc01f1ce) Importer(815301076,1909f56bfc062723c751e8b465ee728b)
Start importing Assets/Pacotes/Sci Fi Modular Pack/Materials/Wall3.mat using Guid(9c2ff576c78f14041a506bd8dc01f1ce) Importer(815301076,1909f56bfc062723c751e8b465ee728b) (PreviewImporter) -> (artifact id: 'f66cd1426333c4a7bf1389d6c90409f0') in 0.0472471 seconds
Number of updated asset objects reloaded before import = 0Number of asset objects unloaded after import = 5

========================================================================
Received Import Request.
  Time since last request: 0.069820 seconds.
  path: Assets/Pacotes/Sci Fi Modular Pack/Materials/Wall2.mat
  artifactKey: Guid(6a471af3d39f945a3b8f4b18b6628152) Importer(815301076,1909f56bfc062723c751e8b465ee728b)
Start importing Assets/Pacotes/Sci Fi Modular Pack/Materials/Wall2.mat using Guid(6a471af3d39f945a3b8f4b18b6628152) Importer(815301076,1909f56bfc062723c751e8b465ee728b) (PreviewImporter) -> (artifact id: '9f78fe09de98332dfa6e762df47f955b') in 0.0423139 seconds
Number of updated asset objects reloaded before import = 0Number of asset objects unloaded after import = 5

========================================================================
Received Import Request.
  Time since last request: 0.432872 seconds.
  path: Assets/Pacotes/Sci Fi Modular Pack/Materials/TopWall4.mat
  artifactKey: Guid(1949eb32d4bff4170aa413da81e1cd0d) Importer(815301076,1909f56bfc062723c751e8b465ee728b)
Start importing Assets/Pacotes/Sci Fi Modular Pack/Materials/TopWall4.mat using Guid(1949eb32d4bff4170aa413da81e1cd0d) Importer(815301076,1909f56bfc062723c751e8b465ee728b) (PreviewImporter) -> (artifact id: 'e0153caf934e04557829e240f638e8cc') in 0.0469785 seconds
Number of updated asset objects reloaded before import = 0Number of asset objects unloaded after import = 6

========================================================================
Received Import Request.
  Time since last request: 0.000031 seconds.
  path: Assets/Pacotes/NatureStarterKit2/Standard Assets/Effects/ToonShading/Materials/ToonLitOutline.mat
  artifactKey: Guid(5d69df9d9d11e49d110086ba44295342) Importer(815301076,1909f56bfc062723c751e8b465ee728b)
Start importing Assets/Pacotes/NatureStarterKit2/Standard Assets/Effects/ToonShading/Materials/ToonLitOutline.mat using Guid(5d69df9d9d11e49d110086ba44295342) Importer(815301076,1909f56bfc062723c751e8b465ee728b) (PreviewImporter) -> (artifact id: '3db2347edb3c53b529fc633835bd1f0c') in 0.2812623 seconds
Number of updated asset objects reloaded before import = 0Number of asset objects unloaded after import = 4

========================================================================
Received Import Request.
  Time since last request: 0.144814 seconds.
  path: Assets/Pacotes/NatureStarterKit2/Standard Assets/Effects/ToonShading/Materials/ToonBasic.mat
  artifactKey: Guid(84b9e1d19d11078d11005b9844295342) Importer(815301076,1909f56bfc062723c751e8b465ee728b)
Start importing Assets/Pacotes/NatureStarterKit2/Standard Assets/Effects/ToonShading/Materials/ToonBasic.mat using Guid(84b9e1d19d11078d11005b9844295342) Importer(815301076,1909f56bfc062723c751e8b465ee728b) (PreviewImporter) -> (artifact id: '480e1acb0ead920a3406ce76022cb71f') in 0.0276311 seconds
Number of updated asset objects reloaded before import = 0Number of asset objects unloaded after import = 2

========================================================================
Received Import Request.
  Time since last request: 0.010102 seconds.
  path: Assets/Pacotes/NatureStarterKit2/Standard Assets/Effects/TessellationShaders/Materials/TesselatedBumpSpecularDisplacement.mat
  artifactKey: Guid(26d8bdbc8646bde48b05fbaacaaa6577) Importer(815301076,1909f56bfc062723c751e8b465ee728b)
Start importing Assets/Pacotes/NatureStarterKit2/Standard Assets/Effects/TessellationShaders/Materials/TesselatedBumpSpecularDisplacement.mat using Guid(26d8bdbc8646bde48b05fbaacaaa6577) Importer(815301076,1909f56bfc062723c751e8b465ee728b) (PreviewImporter) -> (artifact id: '2991254387e23d6c665230e71581f821') in 0.6804854 seconds
Number of updated asset objects reloaded before import = 0Number of asset objects unloaded after import = 3

========================================================================
Received Import Request.
  Time since last request: 0.000038 seconds.
  path: Assets/Pacotes/Sci-Fi Styled Modular Pack/Example scenes/Materials/Snow.mat
  artifactKey: Guid(d6ca041d3b582d94a8f2ad86f4b1e304) Importer(815301076,1909f56bfc062723c751e8b465ee728b)
Start importing Assets/Pacotes/Sci-Fi Styled Modular Pack/Example scenes/Materials/Snow.mat using Guid(d6ca041d3b582d94a8f2ad86f4b1e304) Importer(815301076,1909f56bfc062723c751e8b465ee728b) (PreviewImporter) -> (artifact id: '032226c631780606df3f8d73bfa3d389') in 0.5481413 seconds
Number of updated asset objects reloaded before import = 0Number of asset objects unloaded after import = 2

========================================================================
Received Import Request.
  Time since last request: 0.000051 seconds.
  path: Assets/Pacotes/Sci Fi Modular Pack/Materials/SideFloor1.mat
  artifactKey: Guid(6a53c81e6d3be4bfaa582998715a16c0) Importer(815301076,1909f56bfc062723c751e8b465ee728b)
Start importing Assets/Pacotes/Sci Fi Modular Pack/Materials/SideFloor1.mat using Guid(6a53c81e6d3be4bfaa582998715a16c0) Importer(815301076,1909f56bfc062723c751e8b465ee728b) (PreviewImporter) -> (artifact id: '5fe679f3dd2e294766b21c74279663a6') in 0.0460478 seconds
Number of updated asset objects reloaded before import = 0Number of asset objects unloaded after import = 6

========================================================================
Received Import Request.
  Time since last request: 0.000032 seconds.
  path: Assets/Pacotes/Sci Fi Modular Pack/Materials/SideWall1.1.mat
  artifactKey: Guid(f5ffbb0426694437f9e70fd42524e6d1) Importer(815301076,1909f56bfc062723c751e8b465ee728b)
Start importing Assets/Pacotes/Sci Fi Modular Pack/Materials/SideWall1.1.mat using Guid(f5ffbb0426694437f9e70fd42524e6d1) Importer(815301076,1909f56bfc062723c751e8b465ee728b) (PreviewImporter) -> (artifact id: 'c27034817fb975b901b5af0a5dd86438') in 0.0438578 seconds
Number of updated asset objects reloaded before import = 0Number of asset objects unloaded after import = 6

========================================================================
Received Import Request.
  Time since last request: 0.710357 seconds.
  path: Assets/Pacotes/MobilityArts/SciFiHandGun/Materials/SciFiHandGun.mat
  artifactKey: Guid(a82133cb4d1ad614ca6c4be61701649c) Importer(815301076,1909f56bfc062723c751e8b465ee728b)
Start importing Assets/Pacotes/MobilityArts/SciFiHandGun/Materials/SciFiHandGun.mat using Guid(a82133cb4d1ad614ca6c4be61701649c) Importer(815301076,1909f56bfc062723c751e8b465ee728b) (PreviewImporter) -> (artifact id: 'cd156b1fb96b19b0a0a22f8d0fb0f7a7') in 0.0374584 seconds
Number of updated asset objects reloaded before import = 0Number of asset objects unloaded after import = 6

========================================================================
Received Import Request.
  Time since last request: 0.059448 seconds.
  path: Assets/Pacotes/Sci-Fi Styled Modular Pack/Example scenes/Materials/Sand.mat
  artifactKey: Guid(d7ecd8db85bf61440b7ca5d302afd010) Importer(815301076,1909f56bfc062723c751e8b465ee728b)
Start importing Assets/Pacotes/Sci-Fi Styled Modular Pack/Example scenes/Materials/Sand.mat using Guid(d7ecd8db85bf61440b7ca5d302afd010) Importer(815301076,1909f56bfc062723c751e8b465ee728b) (PreviewImporter) -> (artifact id: '4dab0b2849c000acea6e441b4c38591d') in 0.0211785 seconds
Number of updated asset objects reloaded before import = 0Number of asset objects unloaded after import = 1

========================================================================
Received Import Request.
  Time since last request: 0.015729 seconds.
  path: Assets/Pacotes/Sci-Fi Styled Modular Pack/Materials/projector_warning.mat
  artifactKey: Guid(51d587eafcd13384bafd060c5bc7cb82) Importer(815301076,1909f56bfc062723c751e8b465ee728b)
Start importing Assets/Pacotes/Sci-Fi Styled Modular Pack/Materials/projector_warning.mat using Guid(51d587eafcd13384bafd060c5bc7cb82) Importer(815301076,1909f56bfc062723c751e8b465ee728b) (PreviewImporter) -> (artifact id: '665a4f2bdd55cedd9a130767aeb55ac0') in 0.0188882 seconds
Number of updated asset objects reloaded before import = 0Number of asset objects unloaded after import = 2

========================================================================
Received Import Request.
  Time since last request: 0.846993 seconds.
  path: Assets/Pacotes/Sci Fi Modular Pack/Materials/ProfileWindowGlass.mat
  artifactKey: Guid(3b170b30bf99f496687342dedb21ab86) Importer(815301076,1909f56bfc062723c751e8b465ee728b)
Start importing Assets/Pacotes/Sci Fi Modular Pack/Materials/ProfileWindowGlass.mat using Guid(3b170b30bf99f496687342dedb21ab86) Importer(815301076,1909f56bfc062723c751e8b465ee728b) (PreviewImporter) -> (artifact id: '726b797db09a51a171f714b0e2f9dd02') in 0.2536176 seconds
Number of updated asset objects reloaded before import = 0Number of asset objects unloaded after import = 5

========================================================================
Received Import Request.
  Time since last request: 0.169209 seconds.
  path: Assets/Pacotes/Sci Fi Modular Pack/Materials/ProfileWindow_Window.mat
  artifactKey: Guid(5fc5bfdb816e243a881f2cee33c36257) Importer(815301076,1909f56bfc062723c751e8b465ee728b)
Start importing Assets/Pacotes/Sci Fi Modular Pack/Materials/ProfileWindow_Window.mat using Guid(5fc5bfdb816e243a881f2cee33c36257) Importer(815301076,1909f56bfc062723c751e8b465ee728b) (PreviewImporter) -> (artifact id: 'f8c4c501518262473ae72495d6206292') in 0.052938 seconds
Number of updated asset objects reloaded before import = 0Number of asset objects unloaded after import = 5

========================================================================
Received Import Request.
  Time since last request: 0.908200 seconds.
  path: Assets/Pacotes/Sci Fi Modular Pack/Materials/ProfileIntersection.mat
  artifactKey: Guid(edea2fcd3ceca464b94f378d3a6c2afe) Importer(815301076,1909f56bfc062723c751e8b465ee728b)
Start importing Assets/Pacotes/Sci Fi Modular Pack/Materials/ProfileIntersection.mat using Guid(edea2fcd3ceca464b94f378d3a6c2afe) Importer(815301076,1909f56bfc062723c751e8b465ee728b) (PreviewImporter) -> (artifact id: 'aac7393e72caad04bfc62b652c24f08f') in 0.0595066 seconds
Number of updated asset objects reloaded before import = 0Number of asset objects unloaded after import = 5

========================================================================
Received Import Request.
  Time since last request: 0.019470 seconds.
  path: Assets/Pacotes/Sci Fi Modular Pack/Materials/ProfileDoor.mat
  artifactKey: Guid(df6973c4d93b94b2f93310f1506165c2) Importer(815301076,1909f56bfc062723c751e8b465ee728b)
Start importing Assets/Pacotes/Sci Fi Modular Pack/Materials/ProfileDoor.mat using Guid(df6973c4d93b94b2f93310f1506165c2) Importer(815301076,1909f56bfc062723c751e8b465ee728b) (PreviewImporter) -> (artifact id: '4d306180764b54f17e5985cc01018eef') in 0.0477461 seconds
Number of updated asset objects reloaded before import = 0Number of asset objects unloaded after import = 5

========================================================================
Received Import Request.
  Time since last request: 0.015495 seconds.
  path: Assets/Pacotes/_Creepy_Cat/_3D Scifi Kit Starter Kit_HD/Materials/_Others/Pluton.mat
  artifactKey: Guid(3c70c55a836774cbc8ae3985c62ba250) Importer(815301076,1909f56bfc062723c751e8b465ee728b)
Start importing Assets/Pacotes/_Creepy_Cat/_3D Scifi Kit Starter Kit_HD/Materials/_Others/Pluton.mat using Guid(3c70c55a836774cbc8ae3985c62ba250) Importer(815301076,1909f56bfc062723c751e8b465ee728b) (PreviewImporter) -> (artifact id: '1dc6be4ac1bd60e91bb869dd6cb55660') in 0.2713209 seconds
Number of updated asset objects reloaded before import = 0Number of asset objects unloaded after import = 1

========================================================================
Received Import Request.
  Time since last request: 1.346185 seconds.
  path: Assets/Pacotes/Sci-Fi Styled Modular Pack/Models/Materials/No Name.mat
  artifactKey: Guid(7a58152a38aedc0499250c326bba4d63) Importer(815301076,1909f56bfc062723c751e8b465ee728b)
Start importing Assets/Pacotes/Sci-Fi Styled Modular Pack/Models/Materials/No Name.mat using Guid(7a58152a38aedc0499250c326bba4d63) Importer(815301076,1909f56bfc062723c751e8b465ee728b) (PreviewImporter) -> (artifact id: '1c9cc92260f7a7fa7b80eaeb9671936c') in 0.0141861 seconds
Number of updated asset objects reloaded before import = 0Number of asset objects unloaded after import = 1

========================================================================
Received Import Request.
  Time since last request: 1.257804 seconds.
  path: Assets/Pacotes/Sci-Fi Styled Modular Pack/Materials/nature_root.mat
  artifactKey: Guid(00fc27719fc29924b9a34aab914dc83a) Importer(815301076,1909f56bfc062723c751e8b465ee728b)
Start importing Assets/Pacotes/Sci-Fi Styled Modular Pack/Materials/nature_root.mat using Guid(00fc27719fc29924b9a34aab914dc83a) Importer(815301076,1909f56bfc062723c751e8b465ee728b) (PreviewImporter) -> (artifact id: '337e186ad30f041bb55fc228d05dcaa9') in 0.0150663 seconds
Number of updated asset objects reloaded before import = 0Number of asset objects unloaded after import = 1

========================================================================
Received Import Request.
  Time since last request: 0.012813 seconds.
  path: Assets/Pacotes/Sci-Fi Styled Modular Pack/Materials/nature_ground.mat
  artifactKey: Guid(71c78677fdc08394da7fd716fb41a991) Importer(815301076,1909f56bfc062723c751e8b465ee728b)
Start importing Assets/Pacotes/Sci-Fi Styled Modular Pack/Materials/nature_ground.mat using Guid(71c78677fdc08394da7fd716fb41a991) Importer(815301076,1909f56bfc062723c751e8b465ee728b) (PreviewImporter) -> (artifact id: '9e2f239b2ec3119dee828433d536f4ac') in 0.0151547 seconds
Number of updated asset objects reloaded before import = 0Number of asset objects unloaded after import = 1

========================================================================
Received Import Request.
  Time since last request: 0.047507 seconds.
  path: Assets/Pacotes/Sci-Fi Styled Modular Pack/Materials/nature_bush.mat
  artifactKey: Guid(4256c7f593c13f84bbd6e74b481a6ec4) Importer(815301076,1909f56bfc062723c751e8b465ee728b)
Start importing Assets/Pacotes/Sci-Fi Styled Modular Pack/Materials/nature_bush.mat using Guid(4256c7f593c13f84bbd6e74b481a6ec4) Importer(815301076,1909f56bfc062723c751e8b465ee728b) (PreviewImporter) -> (artifact id: '11b00fef5e9496ad7711167000e798d2') in 0.1825946 seconds
Number of updated asset objects reloaded before import = 0Number of asset objects unloaded after import = 2

========================================================================
Received Import Request.
  Time since last request: 1.049702 seconds.
  path: Assets/Pacotes/SciFi_Space_Soldier/Resources/Weapons/Rifle/Materials/M_Weapon_Rifle_B.mat
  artifactKey: Guid(811bfde249015f34b96e27887110e9f9) Importer(815301076,1909f56bfc062723c751e8b465ee728b)
Start importing Assets/Pacotes/SciFi_Space_Soldier/Resources/Weapons/Rifle/Materials/M_Weapon_Rifle_B.mat using Guid(811bfde249015f34b96e27887110e9f9) Importer(815301076,1909f56bfc062723c751e8b465ee728b) (PreviewImporter) -> (artifact id: '91dc8a7e53567d84dd5b9cc47fd6c165') in 0.0436022 seconds
Number of updated asset objects reloaded before import = 0Number of asset objects unloaded after import = 6

========================================================================
Received Import Request.
  Time since last request: 1.607816 seconds.
  path: Assets/Pacotes/Sci Fi Modular Pack/Materials/Light1_Steel.mat
  artifactKey: Guid(ef2fe98e430e84ec0ac69deed6fbe49e) Importer(815301076,1909f56bfc062723c751e8b465ee728b)
Start importing Assets/Pacotes/Sci Fi Modular Pack/Materials/Light1_Steel.mat using Guid(ef2fe98e430e84ec0ac69deed6fbe49e) Importer(815301076,1909f56bfc062723c751e8b465ee728b) (PreviewImporter) -> (artifact id: '180d0ec9dfc62d00470a4b7d2825bb0b') in 0.0500777 seconds
Number of updated asset objects reloaded before import = 0Number of asset objects unloaded after import = 5

========================================================================
Received Import Request.
  Time since last request: 0.000027 seconds.
  path: Assets/Pacotes/Forst/Conifers [BOTD]/Render Pipeline Support/BIRP/Sources/Materials/M Conifer Bark Array BODT.mat
  artifactKey: Guid(a7e78992c7c5347a29bb4ad9b987be59) Importer(815301076,1909f56bfc062723c751e8b465ee728b)
Start importing Assets/Pacotes/Forst/Conifers [BOTD]/Render Pipeline Support/BIRP/Sources/Materials/M Conifer Bark Array BODT.mat using Guid(a7e78992c7c5347a29bb4ad9b987be59) Importer(815301076,1909f56bfc062723c751e8b465ee728b) (PreviewImporter) -> (artifact id: '358703a9067a638d86c45b6060c6ef90') in 0.6285991 seconds
Number of updated asset objects reloaded before import = 0Number of asset objects unloaded after import = 6

========================================================================
Received Import Request.
  Time since last request: 0.000033 seconds.
  path: Assets/Pacotes/_Creepy_Cat/_3D Scifi Kit Starter Kit_HD/Materials/HD_Wall_09_Norm.mat
  artifactKey: Guid(4369f5252d14a42749652970ee604773) Importer(815301076,1909f56bfc062723c751e8b465ee728b)
Start importing Assets/Pacotes/_Creepy_Cat/_3D Scifi Kit Starter Kit_HD/Materials/HD_Wall_09_Norm.mat using Guid(4369f5252d14a42749652970ee604773) Importer(815301076,1909f56bfc062723c751e8b465ee728b) (PreviewImporter) -> (artifact id: '352a91f11ea781bc09d9e0cca65d083c') in 0.1329005 seconds
Number of updated asset objects reloaded before import = 0Number of asset objects unloaded after import = 6

========================================================================
Received Import Request.
  Time since last request: 0.000042 seconds.
  path: Assets/Pacotes/_Creepy_Cat/_3D Scifi Kit Starter Kit_HD/Materials/HD_Wall_04_Norm.mat
  artifactKey: Guid(1abc9645210fb4b0495cac8a4aeaeeac) Importer(815301076,1909f56bfc062723c751e8b465ee728b)
Start importing Assets/Pacotes/_Creepy_Cat/_3D Scifi Kit Starter Kit_HD/Materials/HD_Wall_04_Norm.mat using Guid(1abc9645210fb4b0495cac8a4aeaeeac) Importer(815301076,1909f56bfc062723c751e8b465ee728b) (PreviewImporter) -> (artifact id: 'e7ca147ceacab232bf42a08be4f682b2') in 0.1020373 seconds
Number of updated asset objects reloaded before import = 0Number of asset objects unloaded after import = 6

========================================================================
Received Import Request.
  Time since last request: 0.643227 seconds.
  path: Assets/Pacotes/Forst/Conifers [BOTD]/Render Pipeline Support/BIRP/Sources/Billboards/Conifer Small_BillboardMaterial.mat
  artifactKey: Guid(fba25871281c3416cbb4faf8edfb3a1c) Importer(815301076,1909f56bfc062723c751e8b465ee728b)
Start importing Assets/Pacotes/Forst/Conifers [BOTD]/Render Pipeline Support/BIRP/Sources/Billboards/Conifer Small_BillboardMaterial.mat using Guid(fba25871281c3416cbb4faf8edfb3a1c) Importer(815301076,1909f56bfc062723c751e8b465ee728b) (PreviewImporter) -> (artifact id: 'f19897da09c0c6877b7480388ab9b213') in 0.2917944 seconds
Number of updated asset objects reloaded before import = 0Number of asset objects unloaded after import = 3

Editor requested this worker to shutdown with reason: Scaling down because of idle timeout
AssetImportWorker is now disconnected from the server
Process exiting
Exiting without the bug reporter. Application will terminate with return code 0