Using pre-set license
Built from '2023.2/staging' branch; Version is '2023.2.20f1 (0e25a174756c) revision 927137'; Using compiler version '193431935'; Build Type 'Release'
OS: 'Windows 11  (10.0.22631) 64bit CoreSingleLanguage' Language: 'pt' Physical Memory: 23916 MB
BatchMode: 1, IsHumanControllingUs: 0, StartBugReporterOnCrash: 0, Is64bit: 1, IsPro: 1

COMMAND LINE ARGUMENTS:
C:\Program Files\Unity\Hub\Editor\2023.2.20f1\Editor\Unity.exe
-adb2
-batchMode
-noUpm
-name
AssetImportWorker17
-projectPath
C:/Users/amsar/Sobrevivencia
-logFile
Logs/AssetImportWorker17.log
-srvPort
53907
-job-worker-count
7
-background-job-worker-count
8
-asset-garbage-collectors
1
Successfully changed project path to: C:/Users/amsar/Sobrevivencia
C:/Users/amsar/Sobrevivencia
[UnityMemory] Configuration Parameters - Can be set up in boot.config
    "memorysetup-bucket-allocator-granularity=16"
    "memorysetup-bucket-allocator-bucket-count=8"
    "memorysetup-bucket-allocator-block-size=33554432"
    "memorysetup-bucket-allocator-block-count=8"
    "memorysetup-main-allocator-block-size=16777216"
    "memorysetup-thread-allocator-block-size=16777216"
    "memorysetup-gfx-main-allocator-block-size=16777216"
    "memorysetup-gfx-thread-allocator-block-size=16777216"
    "memorysetup-cache-allocator-block-size=4194304"
    "memorysetup-typetree-allocator-block-size=2097152"
    "memorysetup-profiler-bucket-allocator-granularity=16"
    "memorysetup-profiler-bucket-allocator-bucket-count=8"
    "memorysetup-profiler-bucket-allocator-block-size=33554432"
    "memorysetup-profiler-bucket-allocator-block-count=8"
    "memorysetup-profiler-allocator-block-size=16777216"
    "memorysetup-profiler-editor-allocator-block-size=1048576"
    "memorysetup-temp-allocator-size-main=16777216"
    "memorysetup-job-temp-allocator-block-size=2097152"
    "memorysetup-job-temp-allocator-block-size-background=1048576"
    "memorysetup-job-temp-allocator-reduction-small-platforms=262144"
    "memorysetup-allocator-temp-initial-block-size-main=262144"
    "memorysetup-allocator-temp-initial-block-size-worker=262144"
    "memorysetup-temp-allocator-size-background-worker=32768"
    "memorysetup-temp-allocator-size-job-worker=262144"
    "memorysetup-temp-allocator-size-preload-manager=33554432"
    "memorysetup-temp-allocator-size-nav-mesh-worker=65536"
    "memorysetup-temp-allocator-size-audio-worker=65536"
    "memorysetup-temp-allocator-size-cloud-worker=32768"
    "memorysetup-temp-allocator-size-gi-baking-worker=262144"
    "memorysetup-temp-allocator-size-gi-baking-worker=262144"
    "memorysetup-temp-allocator-size-gi-baking-worker=262144"
    "memorysetup-temp-allocator-size-gi-baking-worker=262144"
    "memorysetup-temp-allocator-size-gfx=262144"
Player connection [39992] Host "[IP] 192.168.56.1 [Port] 0 [Flags] 2 [Guid] 3440116221 [EditorId] 3440116221 [Version] 1048832 [Id] WindowsEditor(7,Marcos) [Debug] 1 [PackageName] WindowsEditor [ProjectName] Editor" joined multi-casting on [225.0.0.222:54997]...
Player connection [39992] Host "[IP] 192.168.56.1 [Port] 0 [Flags] 2 [Guid] 3440116221 [EditorId] 3440116221 [Version] 1048832 [Id] WindowsEditor(7,Marcos) [Debug] 1 [PackageName] WindowsEditor [ProjectName] Editor" joined alternative multi-casting on [225.0.0.222:34997]...
JobSystem: Creating JobQueue using job-worker-count value 7
[Physics::Module] Initialized MultithreadedJobDispatcher with 7 workers.
Library Redirect Path: Library/
Refreshing native plugins compatible for Editor in 2.00 ms, found 3 plugins.
Preloading 0 native plugins for Editor in 0.00 ms.
Initialize engine version: 2023.2.20f1 (0e25a174756c)
[Subsystems] Discovering subsystems at path C:/Program Files/Unity/Hub/Editor/2023.2.20f1/Editor/Data/Resources/UnitySubsystems
[Subsystems] Discovering subsystems at path C:/Users/amsar/Sobrevivencia/Assets
GfxDevice: creating device client; kGfxThreadingModeNonThreaded
Direct3D:
    Version:  Direct3D 11.0 [level 11.1]
    Renderer: NVIDIA GeForce GTX 1650 (ID=0x1f9d)
    Vendor:   NVIDIA
    VRAM:     3950 MB
    Driver:   31.0.15.3734
Initialize mono
Mono path[0] = 'C:/Program Files/Unity/Hub/Editor/2023.2.20f1/Editor/Data/Managed'
Mono path[1] = 'C:/Program Files/Unity/Hub/Editor/2023.2.20f1/Editor/Data/MonoBleedingEdge/lib/mono/unityjit-win32'
Mono config path = 'C:/Program Files/Unity/Hub/Editor/2023.2.20f1/Editor/Data/MonoBleedingEdge/etc'
Using monoOptions --debugger-agent=transport=dt_socket,embedding=1,server=y,suspend=n,address=127.0.0.1:56200
Begin MonoManager ReloadAssembly
Registering precompiled unity dll's ...
Register platform support module: C:/Program Files/Unity/Hub/Editor/2023.2.20f1/Editor/Data/PlaybackEngines/WebGLSupport/UnityEditor.WebGL.Extensions.dll
Register platform support module: C:/Program Files/Unity/Hub/Editor/2023.2.20f1/Editor/Data/PlaybackEngines/WindowsStandaloneSupport/UnityEditor.WindowsStandalone.Extensions.dll
Registered in 0.007212 seconds.
- Loaded All Assemblies, in  0.373 seconds
Native extension for WindowsStandalone target not found
Native extension for WebGL target not found
Mono: successfully reloaded assembly
- Finished resetting the current domain, in  0.330 seconds
Domain Reload Profiling: 700ms
	BeginReloadAssembly (102ms)
		ExecutionOrderSort (0ms)
		DisableScriptedObjects (0ms)
		BackupInstance (0ms)
		ReleaseScriptingObjects (0ms)
		CreateAndSetChildDomain (1ms)
	RebuildCommonClasses (39ms)
	RebuildNativeTypeToScriptingClass (14ms)
	initialDomainReloadingComplete (60ms)
	LoadAllAssembliesAndSetupDomain (156ms)
		LoadAssemblies (98ms)
		RebuildTransferFunctionScriptingTraits (0ms)
		AnalyzeDomain (153ms)
			TypeCache.Refresh (151ms)
				TypeCache.ScanAssembly (139ms)
			BuildScriptInfoCaches (0ms)
			ResolveRequiredComponents (0ms)
	FinalizeReload (330ms)
		ReleaseScriptCaches (0ms)
		RebuildScriptCaches (0ms)
		SetupLoadedEditorAssemblies (276ms)
			LogAssemblyErrors (0ms)
			InitializePlatformSupportModulesInManaged (12ms)
			SetLoadedEditorAssemblies (5ms)
			BeforeProcessingInitializeOnLoad (5ms)
			ProcessInitializeOnLoadAttributes (195ms)
			ProcessInitializeOnLoadMethodAttributes (58ms)
			AfterProcessingInitializeOnLoad (0ms)
			EditorAssembliesLoaded (0ms)
		ExecutionOrderSort2 (0ms)
		AwakeInstancesAfterBackupRestoration (0ms)
========================================================================
Worker process is ready to serve import requests
Import Worker Mode flag is 0x00
Begin MonoManager ReloadAssembly
Symbol file LoadedFromMemory doesn't match image C:\Users\amsar\Sobrevivencia\Library\PackageCache\com.unity.visualscripting@1.8.0\Editor\VisualScripting.Core\Dependencies\YamlDotNet\Unity.VisualScripting.YamlDotNet.dll
Symbol file LoadedFromMemory doesn't match image C:\Users\amsar\Sobrevivencia\Library\PackageCache\com.unity.visualscripting@1.8.0\Editor\VisualScripting.Core\Dependencies\DotNetZip\Unity.VisualScripting.IonicZip.dll
Asset path could not be found for script compilation file '/Assets/Forst/Conifers [BOTD]/Installer/Editor/ConifersInstaller.cs'
Asset path could not be found for script compilation file '/Assets/Forst/Conifers [BOTD]/Installer/Editor/LaunchConifersInstaller.cs'
Asset path could not be found for script compilation file '/Assets/Forst/CTI Runtime Components/CTI Runtime Components BIRP/Scripts/Editor/CTI_AdvancedEdgeFluttering.cs'
Asset path could not be found for script compilation file '/Assets/Forst/CTI Runtime Components/CTI Runtime Components BIRP/Scripts/Editor/CTI_DetailsEnum.cs'
Asset path could not be found for script compilation file '/Assets/Forst/CTI Runtime Components/CTI Runtime Components BIRP/Scripts/Editor/CTI_ShaderGUI.cs'
- Loaded All Assemblies, in  0.880 seconds
Refreshing native plugins compatible for Editor in 0.83 ms, found 3 plugins.
Native extension for WindowsStandalone target not found
Native extension for WebGL target not found
Mono: successfully reloaded assembly
- Finished resetting the current domain, in  0.661 seconds
Domain Reload Profiling: 1536ms
	BeginReloadAssembly (396ms)
		ExecutionOrderSort (0ms)
		DisableScriptedObjects (5ms)
		BackupInstance (0ms)
		ReleaseScriptingObjects (0ms)
		CreateAndSetChildDomain (34ms)
	RebuildCommonClasses (42ms)
	RebuildNativeTypeToScriptingClass (11ms)
	initialDomainReloadingComplete (43ms)
	LoadAllAssembliesAndSetupDomain (382ms)
		LoadAssemblies (292ms)
		RebuildTransferFunctionScriptingTraits (0ms)
		AnalyzeDomain (161ms)
			TypeCache.Refresh (136ms)
				TypeCache.ScanAssembly (123ms)
			BuildScriptInfoCaches (17ms)
			ResolveRequiredComponents (5ms)
	FinalizeReload (662ms)
		ReleaseScriptCaches (0ms)
		RebuildScriptCaches (0ms)
		SetupLoadedEditorAssemblies (469ms)
			LogAssemblyErrors (0ms)
			InitializePlatformSupportModulesInManaged (4ms)
			SetLoadedEditorAssemblies (4ms)
			BeforeProcessingInitializeOnLoad (40ms)
			ProcessInitializeOnLoadAttributes (387ms)
			ProcessInitializeOnLoadMethodAttributes (25ms)
			AfterProcessingInitializeOnLoad (9ms)
			EditorAssembliesLoaded (0ms)
		ExecutionOrderSort2 (0ms)
		AwakeInstancesAfterBackupRestoration (12ms)
Launched and connected shader compiler UnityShaderCompiler.exe after 0.02 seconds
Refreshing native plugins compatible for Editor in 1.03 ms, found 3 plugins.
Preloading 0 native plugins for Editor in 0.00 ms.
Unloading 96 Unused Serialized files (Serialized files now loaded: 0)
Unloading 3219 unused Assets / (1.6 MB). Loaded Objects now: 3913.
Memory consumption went from 171.9 MB to 170.4 MB.
Total: 7.670200 ms (FindLiveObjects: 0.486000 ms CreateObjectMapping: 0.344300 ms MarkObjects: 5.363800 ms  DeleteObjects: 1.474800 ms)

========================================================================
Received Import Request.
  Time since last request: 731437.736643 seconds.
  path: Assets/Pacotes/NatureStarterKit2/Scene/SecondaryTerrain.asset
  artifactKey: Guid(7f570b916f436aa4c9d4676e57349fd4) Importer(815301076,1909f56bfc062723c751e8b465ee728b)
Start importing Assets/Pacotes/NatureStarterKit2/Scene/SecondaryTerrain.asset using Guid(7f570b916f436aa4c9d4676e57349fd4) Importer(815301076,1909f56bfc062723c751e8b465ee728b) (PreviewImporter) -> (artifact id: 'f4f93b295cd09474a2ce5e879c762ae4') in 0.066804 seconds
Number of updated asset objects reloaded before import = 0Number of asset objects unloaded after import = 98

========================================================================
Received Import Request.
  Time since last request: 7.597673 seconds.
  path: Assets/Pacotes/MobilityArts/SciFiHandGun/SciFiHandGun.prefab
  artifactKey: Guid(392a05bd229c33043ae112a856120172) Importer(815301076,1909f56bfc062723c751e8b465ee728b)
Start importing Assets/Pacotes/MobilityArts/SciFiHandGun/SciFiHandGun.prefab using Guid(392a05bd229c33043ae112a856120172) Importer(815301076,1909f56bfc062723c751e8b465ee728b) (PreviewImporter) -> (artifact id: 'faf4d8a2b39dcd638c39ab09c6d7a8fe') in 0.0895958 seconds
Number of updated asset objects reloaded before import = 0Number of asset objects unloaded after import = 37

========================================================================
Received Import Request.
  Time since last request: 121.044740 seconds.
  path: Assets/Pacotes/Forst/CTI Runtime Components/CTI Runtime Components BIRP/Shaders/Includes/CTI_indirect.cginc
  artifactKey: Guid(f9ed72d63ee8a47edbfc5cdeaf78181a) Importer(815301076,1909f56bfc062723c751e8b465ee728b)
Start importing Assets/Pacotes/Forst/CTI Runtime Components/CTI Runtime Components BIRP/Shaders/Includes/CTI_indirect.cginc using Guid(f9ed72d63ee8a47edbfc5cdeaf78181a) Importer(815301076,1909f56bfc062723c751e8b465ee728b) (PreviewImporter) -> (artifact id: 'aebc87310c5135d00bb61c361c80fc9d') in 0.0013517 seconds
Number of updated asset objects reloaded before import = 0Number of asset objects unloaded after import = 1

========================================================================
Received Prepare
Refreshing native plugins compatible for Editor in 1.22 ms, found 3 plugins.
Preloading 0 native plugins for Editor in 0.00 ms.
Unloading 2 Unused Serialized files (Serialized files now loaded: 0)
Unloading 3205 unused Assets / (1.5 MB). Loaded Objects now: 3916.
Memory consumption went from 149.7 MB to 148.3 MB.
Total: 8.850900 ms (FindLiveObjects: 0.607700 ms CreateObjectMapping: 0.507900 ms MarkObjects: 6.134300 ms  DeleteObjects: 1.599700 ms)

Prepare: number of updated asset objects reloaded= 8
========================================================================
Received Prepare
Refreshing native plugins compatible for Editor in 1.37 ms, found 3 plugins.
Preloading 0 native plugins for Editor in 0.00 ms.
Unloading 10 Unused Serialized files (Serialized files now loaded: 0)
Unloading 3221 unused Assets / (26.7 MB). Loaded Objects now: 3914.
Memory consumption went from 151.7 MB to 125.0 MB.
Total: 11.084300 ms (FindLiveObjects: 0.519900 ms CreateObjectMapping: 0.418400 ms MarkObjects: 7.493400 ms  DeleteObjects: 2.651100 ms)

Prepare: number of updated asset objects reloaded= 0
========================================================================
Received Import Request.
  Time since last request: 211.046548 seconds.
  path: Assets/Pacotes/Decrepit Dungeon LITE/Materials/Cement_A.mat
  artifactKey: Guid(ce27d762ab6fc134aa497f3470cefbb3) Importer(815301076,1909f56bfc062723c751e8b465ee728b)
Start importing Assets/Pacotes/Decrepit Dungeon LITE/Materials/Cement_A.mat using Guid(ce27d762ab6fc134aa497f3470cefbb3) Importer(815301076,1909f56bfc062723c751e8b465ee728b) (PreviewImporter) -> (artifact id: 'd7925422c57d613b55f3b59bf7052a13') in 0.0544199 seconds
Number of updated asset objects reloaded before import = 0Number of asset objects unloaded after import = 5

========================================================================
Received Import Request.
  Time since last request: 0.000022 seconds.
  path: Assets/Pacotes/Decrepit Dungeon LITE/Materials/Hay_D.mat
  artifactKey: Guid(d03fed6c76725874383f2aec252ce72c) Importer(815301076,1909f56bfc062723c751e8b465ee728b)
Start importing Assets/Pacotes/Decrepit Dungeon LITE/Materials/Hay_D.mat using Guid(d03fed6c76725874383f2aec252ce72c) Importer(815301076,1909f56bfc062723c751e8b465ee728b) (PreviewImporter) -> (artifact id: '303b053b747080b6c8a48aaef2fff70b') in 0.0370184 seconds
Number of updated asset objects reloaded before import = 0Number of asset objects unloaded after import = 5

========================================================================
Received Import Request.
  Time since last request: 0.000019 seconds.
  path: Assets/Pacotes/Decrepit Dungeon LITE/Materials/Stone_A.mat
  artifactKey: Guid(abf168830e83d264faa8fadb4d51cd13) Importer(815301076,1909f56bfc062723c751e8b465ee728b)
Start importing Assets/Pacotes/Decrepit Dungeon LITE/Materials/Stone_A.mat using Guid(abf168830e83d264faa8fadb4d51cd13) Importer(815301076,1909f56bfc062723c751e8b465ee728b) (PreviewImporter) -> (artifact id: '6ad1af556f04b0a29b056773e487d4aa') in 0.0133394 seconds
Number of updated asset objects reloaded before import = 0Number of asset objects unloaded after import = 5

========================================================================
Received Import Request.
  Time since last request: 0.000017 seconds.
  path: Assets/Pacotes/Decrepit Dungeon LITE/Materials/Wood_C.mat
  artifactKey: Guid(18f96cd0b7113f942bc0d421eaa81466) Importer(815301076,1909f56bfc062723c751e8b465ee728b)
Start importing Assets/Pacotes/Decrepit Dungeon LITE/Materials/Wood_C.mat using Guid(18f96cd0b7113f942bc0d421eaa81466) Importer(815301076,1909f56bfc062723c751e8b465ee728b) (PreviewImporter) -> (artifact id: 'fb1be2c1079e98c15bfa12710c2b9a9b') in 0.0125742 seconds
Number of updated asset objects reloaded before import = 0Number of asset objects unloaded after import = 5

========================================================================
Received Import Request.
  Time since last request: 0.000020 seconds.
  path: Assets/Pacotes/Decrepit Dungeon LITE/Materials/Grunge_D.mat
  artifactKey: Guid(10d2659d015c76847b09bdf8edeee03e) Importer(815301076,1909f56bfc062723c751e8b465ee728b)
Start importing Assets/Pacotes/Decrepit Dungeon LITE/Materials/Grunge_D.mat using Guid(10d2659d015c76847b09bdf8edeee03e) Importer(815301076,1909f56bfc062723c751e8b465ee728b) (PreviewImporter) -> (artifact id: '975e8c76eedda872c88d055305dc0140') in 0.0120237 seconds
Number of updated asset objects reloaded before import = 0Number of asset objects unloaded after import = 5

========================================================================
Received Import Request.
  Time since last request: 0.000018 seconds.
  path: Assets/Pacotes/Decrepit Dungeon LITE/Materials/M_Black.mat
  artifactKey: Guid(8bc5ac0fe40131e47928f741c680005f) Importer(815301076,1909f56bfc062723c751e8b465ee728b)
Start importing Assets/Pacotes/Decrepit Dungeon LITE/Materials/M_Black.mat using Guid(8bc5ac0fe40131e47928f741c680005f) Importer(815301076,1909f56bfc062723c751e8b465ee728b) (PreviewImporter) -> (artifact id: 'e8164c2904b43eacff78b25cb3ecec91') in 0.0616433 seconds
Number of updated asset objects reloaded before import = 0Number of asset objects unloaded after import = 1

========================================================================
Received Import Request.
  Time since last request: 0.000025 seconds.
  path: Assets/Pacotes/Decrepit Dungeon LITE/Materials/Cement_B.mat
  artifactKey: Guid(a603282dcfba6e541af6468c98369341) Importer(815301076,1909f56bfc062723c751e8b465ee728b)
Start importing Assets/Pacotes/Decrepit Dungeon LITE/Materials/Cement_B.mat using Guid(a603282dcfba6e541af6468c98369341) Importer(815301076,1909f56bfc062723c751e8b465ee728b) (PreviewImporter) -> (artifact id: 'bc9560c8c2492af225f2a957e447971e') in 0.013325 seconds
Number of updated asset objects reloaded before import = 0Number of asset objects unloaded after import = 5

========================================================================
Received Import Request.
  Time since last request: 0.000034 seconds.
  path: Assets/Pacotes/Decrepit Dungeon LITE/Materials/Wood_A.mat
  artifactKey: Guid(556a0ec4707c1314996b87c43416357b) Importer(815301076,1909f56bfc062723c751e8b465ee728b)
Start importing Assets/Pacotes/Decrepit Dungeon LITE/Materials/Wood_A.mat using Guid(556a0ec4707c1314996b87c43416357b) Importer(815301076,1909f56bfc062723c751e8b465ee728b) (PreviewImporter) -> (artifact id: '9f45e158eb260d35706688f025fde206') in 0.0136218 seconds
Number of updated asset objects reloaded before import = 0Number of asset objects unloaded after import = 5

========================================================================
Received Import Request.
  Time since last request: 0.000022 seconds.
  path: Assets/Pacotes/Decrepit Dungeon LITE/Materials/Hay_A.mat
  artifactKey: Guid(319a23f5bb494df4c95af016d693045d) Importer(815301076,1909f56bfc062723c751e8b465ee728b)
Start importing Assets/Pacotes/Decrepit Dungeon LITE/Materials/Hay_A.mat using Guid(319a23f5bb494df4c95af016d693045d) Importer(815301076,1909f56bfc062723c751e8b465ee728b) (PreviewImporter) -> (artifact id: '551af167ccbc92fa344146bd9f46a70c') in 0.0122858 seconds
Number of updated asset objects reloaded before import = 0Number of asset objects unloaded after import = 5

========================================================================
Received Import Request.
  Time since last request: 26.905382 seconds.
  path: Assets/Pacotes/Forst/Conifers [BOTD]/Render Pipeline Support/BIRP/Prefabs/PF Conifer Medium BOTD.prefab
  artifactKey: Guid(abdd95d0229d64588b03d2806d9cc19a) Importer(815301076,1909f56bfc062723c751e8b465ee728b)
Start importing Assets/Pacotes/Forst/Conifers [BOTD]/Render Pipeline Support/BIRP/Prefabs/PF Conifer Medium BOTD.prefab using Guid(abdd95d0229d64588b03d2806d9cc19a) Importer(815301076,1909f56bfc062723c751e8b465ee728b) (PreviewImporter) -> (artifact id: 'c9eb0478ead6dc4b0f385a2944263140') in 1.4658047 seconds
Number of updated asset objects reloaded before import = 0Number of asset objects unloaded after import = 37

========================================================================
Received Import Request.
  Time since last request: 85.058982 seconds.
  path: Assets/Pacotes/Decrepit Dungeon LITE/EXAMPLE/Demo_Scene/SkyboxProbe-0.exr
  artifactKey: Guid(9da6924b6c88f26408e1949ad18de13f) Importer(815301076,1909f56bfc062723c751e8b465ee728b)
Start importing Assets/Pacotes/Decrepit Dungeon LITE/EXAMPLE/Demo_Scene/SkyboxProbe-0.exr using Guid(9da6924b6c88f26408e1949ad18de13f) Importer(815301076,1909f56bfc062723c751e8b465ee728b) (PreviewImporter) -> (artifact id: '0813bf852e62a6cbe376e3a8290b673f') in 0.018611 seconds
Number of updated asset objects reloaded before import = 0Number of asset objects unloaded after import = 1

========================================================================
Received Import Request.
  Time since last request: 25214.595468 seconds.
  path: Assets/Pacotes/DBK/Materials/DBK_Concrete_Rubble_A.mat
  artifactKey: Guid(aee9db7cb859de24f94e1290bccd1a3f) Importer(815301076,1909f56bfc062723c751e8b465ee728b)
Start importing Assets/Pacotes/DBK/Materials/DBK_Concrete_Rubble_A.mat using Guid(aee9db7cb859de24f94e1290bccd1a3f) Importer(815301076,1909f56bfc062723c751e8b465ee728b) (PreviewImporter) -> (artifact id: '10e9df7f0f25c12add57664eef3d0f2c') in 0.1119221 seconds
Number of updated asset objects reloaded before import = 0Number of asset objects unloaded after import = 8

========================================================================
Received Import Request.
  Time since last request: 1.443968 seconds.
  path: Assets/Pacotes/DBK/Textures/Rubble/Concrete/DBK_Concrete_Rubble_A_Color.tga
  artifactKey: Guid(89f871b5c2ed6704e9b783d5c11d09a8) Importer(815301076,1909f56bfc062723c751e8b465ee728b)
Start importing Assets/Pacotes/DBK/Textures/Rubble/Concrete/DBK_Concrete_Rubble_A_Color.tga using Guid(89f871b5c2ed6704e9b783d5c11d09a8) Importer(815301076,1909f56bfc062723c751e8b465ee728b) (PreviewImporter) -> (artifact id: 'f0f293ee0e8460a43e6558f59831f490') in 0.0621911 seconds
Number of updated asset objects reloaded before import = 0Number of asset objects unloaded after import = 2

========================================================================
Received Import Request.
  Time since last request: 0.001319 seconds.
  path: Assets/Pacotes/DBK/Textures/Rubble/Concrete/DBK_Concrete_Rubble_A_Mask.tga
  artifactKey: Guid(3f36e0caf78aeca4f81e435486cde529) Importer(815301076,1909f56bfc062723c751e8b465ee728b)
Start importing Assets/Pacotes/DBK/Textures/Rubble/Concrete/DBK_Concrete_Rubble_A_Mask.tga using Guid(3f36e0caf78aeca4f81e435486cde529) Importer(815301076,1909f56bfc062723c751e8b465ee728b) (PreviewImporter) -> (artifact id: '7959e9129a4cab441cd11fd4d25e1d3f') in 0.0224251 seconds
Number of updated asset objects reloaded before import = 0Number of asset objects unloaded after import = 2

========================================================================
Received Import Request.
  Time since last request: 0.000122 seconds.
  path: Assets/Pacotes/DBK/Textures/Rubble/Brick/DBK_Brick_Rubble_MaskB.tga
  artifactKey: Guid(5b71a3cf759201643b7d66aa9084dbd4) Importer(815301076,1909f56bfc062723c751e8b465ee728b)
Start importing Assets/Pacotes/DBK/Textures/Rubble/Brick/DBK_Brick_Rubble_MaskB.tga using Guid(5b71a3cf759201643b7d66aa9084dbd4) Importer(815301076,1909f56bfc062723c751e8b465ee728b) (PreviewImporter) -> (artifact id: '7d6ba18d11b66e20efe685dff97a86d9') in 0.0236824 seconds
Number of updated asset objects reloaded before import = 0Number of asset objects unloaded after import = 2

========================================================================
Received Import Request.
  Time since last request: 0.000039 seconds.
  path: Assets/Pacotes/DBK/Textures/Concrete/DBK_Concrete_NM.tga
  artifactKey: Guid(e2f2024fc17d02a4cae64316bfc62502) Importer(815301076,1909f56bfc062723c751e8b465ee728b)
Start importing Assets/Pacotes/DBK/Textures/Concrete/DBK_Concrete_NM.tga using Guid(e2f2024fc17d02a4cae64316bfc62502) Importer(815301076,1909f56bfc062723c751e8b465ee728b) (PreviewImporter) -> (artifact id: '14391eba287ea175d032287cb2aa8961') in 0.0287196 seconds
Number of updated asset objects reloaded before import = 0Number of asset objects unloaded after import = 2

========================================================================
Received Import Request.
  Time since last request: 1.068731 seconds.
  path: Assets/Pacotes/DBK/Textures/Concrete/DBK_Concrete_Damage_Color.tga
  artifactKey: Guid(3920578cb267cd947bed7ce40996407b) Importer(815301076,1909f56bfc062723c751e8b465ee728b)
Start importing Assets/Pacotes/DBK/Textures/Concrete/DBK_Concrete_Damage_Color.tga using Guid(3920578cb267cd947bed7ce40996407b) Importer(815301076,1909f56bfc062723c751e8b465ee728b) (PreviewImporter) -> (artifact id: '1063a79432e6e2cee561b2eb585b7c82') in 0.0230342 seconds
Number of updated asset objects reloaded before import = 0Number of asset objects unloaded after import = 2

========================================================================
Received Import Request.
  Time since last request: 0.000077 seconds.
  path: Assets/Pacotes/DBK/Textures/Concrete/DBK_Concrete_RGBA_Mask_A.tga
  artifactKey: Guid(f6bcb3be2ffc7eb439937251e6b1e988) Importer(815301076,1909f56bfc062723c751e8b465ee728b)
Start importing Assets/Pacotes/DBK/Textures/Concrete/DBK_Concrete_RGBA_Mask_A.tga using Guid(f6bcb3be2ffc7eb439937251e6b1e988) Importer(815301076,1909f56bfc062723c751e8b465ee728b) (PreviewImporter) -> (artifact id: '09acf2e5e50db8156a4c76777057f694') in 0.0211367 seconds
Number of updated asset objects reloaded before import = 0Number of asset objects unloaded after import = 2

Editor requested this worker to shutdown with reason: Scaling down because of idle timeout
AssetImportWorker is now disconnected from the server
Process exiting
Exiting without the bug reporter. Application will terminate with return code 0