Using pre-set license
Built from '2023.2/staging' branch; Version is '2023.2.20f1 (0e25a174756c) revision 927137'; Using compiler version '193431935'; Build Type 'Release'
OS: 'Windows 11  (10.0.22631) 64bit CoreSingleLanguage' Language: 'pt' Physical Memory: 23916 MB
BatchMode: 1, IsHumanControllingUs: 0, StartBugReporterOnCrash: 0, Is64bit: 1, IsPro: 1

COMMAND LINE ARGUMENTS:
C:\Program Files\Unity\Hub\Editor\2023.2.20f1\Editor\Unity.exe
-adb2
-batchMode
-noUpm
-name
AssetImportWorker28
-projectPath
C:/Users/amsar/Sobrevivencia
-logFile
Logs/AssetImportWorker28.log
-srvPort
53907
-job-worker-count
7
-background-job-worker-count
8
-asset-garbage-collectors
1
Successfully changed project path to: C:/Users/amsar/Sobrevivencia
C:/Users/amsar/Sobrevivencia
[UnityMemory] Configuration Parameters - Can be set up in boot.config
    "memorysetup-bucket-allocator-granularity=16"
    "memorysetup-bucket-allocator-bucket-count=8"
    "memorysetup-bucket-allocator-block-size=33554432"
    "memorysetup-bucket-allocator-block-count=8"
    "memorysetup-main-allocator-block-size=16777216"
    "memorysetup-thread-allocator-block-size=16777216"
    "memorysetup-gfx-main-allocator-block-size=16777216"
    "memorysetup-gfx-thread-allocator-block-size=16777216"
    "memorysetup-cache-allocator-block-size=4194304"
    "memorysetup-typetree-allocator-block-size=2097152"
    "memorysetup-profiler-bucket-allocator-granularity=16"
    "memorysetup-profiler-bucket-allocator-bucket-count=8"
    "memorysetup-profiler-bucket-allocator-block-size=33554432"
    "memorysetup-profiler-bucket-allocator-block-count=8"
    "memorysetup-profiler-allocator-block-size=16777216"
    "memorysetup-profiler-editor-allocator-block-size=1048576"
    "memorysetup-temp-allocator-size-main=16777216"
    "memorysetup-job-temp-allocator-block-size=2097152"
    "memorysetup-job-temp-allocator-block-size-background=1048576"
    "memorysetup-job-temp-allocator-reduction-small-platforms=262144"
    "memorysetup-allocator-temp-initial-block-size-main=262144"
    "memorysetup-allocator-temp-initial-block-size-worker=262144"
    "memorysetup-temp-allocator-size-background-worker=32768"
    "memorysetup-temp-allocator-size-job-worker=262144"
    "memorysetup-temp-allocator-size-preload-manager=33554432"
    "memorysetup-temp-allocator-size-nav-mesh-worker=65536"
    "memorysetup-temp-allocator-size-audio-worker=65536"
    "memorysetup-temp-allocator-size-cloud-worker=32768"
    "memorysetup-temp-allocator-size-gi-baking-worker=262144"
    "memorysetup-temp-allocator-size-gi-baking-worker=262144"
    "memorysetup-temp-allocator-size-gi-baking-worker=262144"
    "memorysetup-temp-allocator-size-gi-baking-worker=262144"
    "memorysetup-temp-allocator-size-gfx=262144"
Player connection [10200] Host "[IP] 192.168.56.1 [Port] 0 [Flags] 2 [Guid] 1431368060 [EditorId] 1431368060 [Version] 1048832 [Id] WindowsEditor(7,Marcos) [Debug] 1 [PackageName] WindowsEditor [ProjectName] Editor" joined multi-casting on [225.0.0.222:54997]...
Player connection [10200] Host "[IP] 192.168.56.1 [Port] 0 [Flags] 2 [Guid] 1431368060 [EditorId] 1431368060 [Version] 1048832 [Id] WindowsEditor(7,Marcos) [Debug] 1 [PackageName] WindowsEditor [ProjectName] Editor" joined alternative multi-casting on [225.0.0.222:34997]...
JobSystem: Creating JobQueue using job-worker-count value 7
[Physics::Module] Initialized MultithreadedJobDispatcher with 7 workers.
Library Redirect Path: Library/
Refreshing native plugins compatible for Editor in 3.33 ms, found 3 plugins.
Preloading 0 native plugins for Editor in 0.00 ms.
Initialize engine version: 2023.2.20f1 (0e25a174756c)
[Subsystems] Discovering subsystems at path C:/Program Files/Unity/Hub/Editor/2023.2.20f1/Editor/Data/Resources/UnitySubsystems
[Subsystems] Discovering subsystems at path C:/Users/amsar/Sobrevivencia/Assets
GfxDevice: creating device client; kGfxThreadingModeNonThreaded
Direct3D:
    Version:  Direct3D 11.0 [level 11.1]
    Renderer: NVIDIA GeForce GTX 1650 (ID=0x1f9d)
    Vendor:   NVIDIA
    VRAM:     3950 MB
    Driver:   31.0.15.3734
Initialize mono
Mono path[0] = 'C:/Program Files/Unity/Hub/Editor/2023.2.20f1/Editor/Data/Managed'
Mono path[1] = 'C:/Program Files/Unity/Hub/Editor/2023.2.20f1/Editor/Data/MonoBleedingEdge/lib/mono/unityjit-win32'
Mono config path = 'C:/Program Files/Unity/Hub/Editor/2023.2.20f1/Editor/Data/MonoBleedingEdge/etc'
Using monoOptions --debugger-agent=transport=dt_socket,embedding=1,server=y,suspend=n,address=127.0.0.1:56312
Begin MonoManager ReloadAssembly
Registering precompiled unity dll's ...
Register platform support module: C:/Program Files/Unity/Hub/Editor/2023.2.20f1/Editor/Data/PlaybackEngines/WebGLSupport/UnityEditor.WebGL.Extensions.dll
Register platform support module: C:/Program Files/Unity/Hub/Editor/2023.2.20f1/Editor/Data/PlaybackEngines/WindowsStandaloneSupport/UnityEditor.WindowsStandalone.Extensions.dll
Registered in 0.017566 seconds.
- Loaded All Assemblies, in  0.830 seconds
Native extension for WindowsStandalone target not found
Native extension for WebGL target not found
Mono: successfully reloaded assembly
- Finished resetting the current domain, in  0.757 seconds
Domain Reload Profiling: 1578ms
	BeginReloadAssembly (224ms)
		ExecutionOrderSort (0ms)
		DisableScriptedObjects (0ms)
		BackupInstance (0ms)
		ReleaseScriptingObjects (0ms)
		CreateAndSetChildDomain (2ms)
	RebuildCommonClasses (79ms)
	RebuildNativeTypeToScriptingClass (25ms)
	initialDomainReloadingComplete (137ms)
	LoadAllAssembliesAndSetupDomain (355ms)
		LoadAssemblies (213ms)
		RebuildTransferFunctionScriptingTraits (0ms)
		AnalyzeDomain (349ms)
			TypeCache.Refresh (347ms)
				TypeCache.ScanAssembly (319ms)
			BuildScriptInfoCaches (0ms)
			ResolveRequiredComponents (1ms)
	FinalizeReload (758ms)
		ReleaseScriptCaches (0ms)
		RebuildScriptCaches (0ms)
		SetupLoadedEditorAssemblies (632ms)
			LogAssemblyErrors (0ms)
			InitializePlatformSupportModulesInManaged (24ms)
			SetLoadedEditorAssemblies (13ms)
			BeforeProcessingInitializeOnLoad (12ms)
			ProcessInitializeOnLoadAttributes (461ms)
			ProcessInitializeOnLoadMethodAttributes (122ms)
			AfterProcessingInitializeOnLoad (0ms)
			EditorAssembliesLoaded (0ms)
		ExecutionOrderSort2 (0ms)
		AwakeInstancesAfterBackupRestoration (0ms)
========================================================================
Worker process is ready to serve import requests
Import Worker Mode flag is 0x00
Begin MonoManager ReloadAssembly
Symbol file LoadedFromMemory doesn't match image C:\Users\amsar\Sobrevivencia\Library\PackageCache\com.unity.visualscripting@1.8.0\Editor\VisualScripting.Core\Dependencies\YamlDotNet\Unity.VisualScripting.YamlDotNet.dll
Symbol file LoadedFromMemory doesn't match image C:\Users\amsar\Sobrevivencia\Library\PackageCache\com.unity.visualscripting@1.8.0\Editor\VisualScripting.Core\Dependencies\DotNetZip\Unity.VisualScripting.IonicZip.dll
Asset path could not be found for script compilation file '/Assets/Forst/Conifers [BOTD]/Installer/Editor/ConifersInstaller.cs'
Asset path could not be found for script compilation file '/Assets/Forst/Conifers [BOTD]/Installer/Editor/LaunchConifersInstaller.cs'
Asset path could not be found for script compilation file '/Assets/Forst/CTI Runtime Components/CTI Runtime Components BIRP/Scripts/Editor/CTI_AdvancedEdgeFluttering.cs'
Asset path could not be found for script compilation file '/Assets/Forst/CTI Runtime Components/CTI Runtime Components BIRP/Scripts/Editor/CTI_DetailsEnum.cs'
Asset path could not be found for script compilation file '/Assets/Forst/CTI Runtime Components/CTI Runtime Components BIRP/Scripts/Editor/CTI_ShaderGUI.cs'
- Loaded All Assemblies, in  1.958 seconds
Refreshing native plugins compatible for Editor in 2.46 ms, found 3 plugins.
Native extension for WindowsStandalone target not found
Native extension for WebGL target not found
Mono: successfully reloaded assembly
- Finished resetting the current domain, in  1.557 seconds
Domain Reload Profiling: 3503ms
	BeginReloadAssembly (896ms)
		ExecutionOrderSort (0ms)
		DisableScriptedObjects (14ms)
		BackupInstance (0ms)
		ReleaseScriptingObjects (0ms)
		CreateAndSetChildDomain (55ms)
	RebuildCommonClasses (77ms)
	RebuildNativeTypeToScriptingClass (28ms)
	initialDomainReloadingComplete (87ms)
	LoadAllAssembliesAndSetupDomain (857ms)
		LoadAssemblies (623ms)
		RebuildTransferFunctionScriptingTraits (0ms)
		AnalyzeDomain (392ms)
			TypeCache.Refresh (336ms)
				TypeCache.ScanAssembly (313ms)
			BuildScriptInfoCaches (41ms)
			ResolveRequiredComponents (10ms)
	FinalizeReload (1558ms)
		ReleaseScriptCaches (0ms)
		RebuildScriptCaches (0ms)
		SetupLoadedEditorAssemblies (1113ms)
			LogAssemblyErrors (0ms)
			InitializePlatformSupportModulesInManaged (7ms)
			SetLoadedEditorAssemblies (9ms)
			BeforeProcessingInitializeOnLoad (103ms)
			ProcessInitializeOnLoadAttributes (925ms)
			ProcessInitializeOnLoadMethodAttributes (46ms)
			AfterProcessingInitializeOnLoad (21ms)
			EditorAssembliesLoaded (0ms)
		ExecutionOrderSort2 (0ms)
		AwakeInstancesAfterBackupRestoration (29ms)
Launched and connected shader compiler UnityShaderCompiler.exe after 0.05 seconds
Refreshing native plugins compatible for Editor in 1.98 ms, found 3 plugins.
Preloading 0 native plugins for Editor in 0.00 ms.
Unloading 97 Unused Serialized files (Serialized files now loaded: 0)
Unloading 3222 unused Assets / (1.9 MB). Loaded Objects now: 3922.
Memory consumption went from 173.4 MB to 171.5 MB.
Total: 13.535000 ms (FindLiveObjects: 0.559600 ms CreateObjectMapping: 0.359100 ms MarkObjects: 9.867900 ms  DeleteObjects: 2.746400 ms)

========================================================================
Received Import Request.
  Time since last request: 770497.268662 seconds.
  path: Assets/Pacotes/Mars Landscape 3D/Resources/Textures/ML3D_Rocks_00_MetallicSmoothness.png
  artifactKey: Guid(fa2aec83b723248819f242026f0d5870) Importer(815301076,1909f56bfc062723c751e8b465ee728b)
Start importing Assets/Pacotes/Mars Landscape 3D/Resources/Textures/ML3D_Rocks_00_MetallicSmoothness.png using Guid(fa2aec83b723248819f242026f0d5870) Importer(815301076,1909f56bfc062723c751e8b465ee728b) (PreviewImporter) -> (artifact id: '285745399007282125ad939eba2269d8') in 0.1763887 seconds
Number of updated asset objects reloaded before import = 0Number of asset objects unloaded after import = 2

========================================================================
Received Import Request.
  Time since last request: 1033.795642 seconds.
  path: Assets/Pacotes/Sci Fi Modular Pack/Materials/WallIntersection2.mat
  artifactKey: Guid(c84fc8a30e4d243798a7fe3095ce3d76) Importer(815301076,1909f56bfc062723c751e8b465ee728b)
Start importing Assets/Pacotes/Sci Fi Modular Pack/Materials/WallIntersection2.mat using Guid(c84fc8a30e4d243798a7fe3095ce3d76) Importer(815301076,1909f56bfc062723c751e8b465ee728b) (PreviewImporter) -> (artifact id: '2ac4192b70251ec1c2a9252ac47cc544') in 0.185835 seconds
Number of updated asset objects reloaded before import = 0Number of asset objects unloaded after import = 5

========================================================================
Received Import Request.
  Time since last request: 3.732159 seconds.
  path: Assets/Pacotes/Sci Fi Modular Pack/Materials/Wall12.mat
  artifactKey: Guid(2237ef9c9ff4947158e0dfdd8809076b) Importer(815301076,1909f56bfc062723c751e8b465ee728b)
Start importing Assets/Pacotes/Sci Fi Modular Pack/Materials/Wall12.mat using Guid(2237ef9c9ff4947158e0dfdd8809076b) Importer(815301076,1909f56bfc062723c751e8b465ee728b) (PreviewImporter) -> (artifact id: 'e2ca90f135252c22e17def2dc578a3cc') in 0.0471828 seconds
Number of updated asset objects reloaded before import = 0Number of asset objects unloaded after import = 5

========================================================================
Received Import Request.
  Time since last request: 0.071652 seconds.
  path: Assets/Pacotes/Sci Fi Modular Pack/Materials/Wall2_1.mat
  artifactKey: Guid(ec2d99ba0a9fe436f92b82cac9a439d3) Importer(815301076,1909f56bfc062723c751e8b465ee728b)
Start importing Assets/Pacotes/Sci Fi Modular Pack/Materials/Wall2_1.mat using Guid(ec2d99ba0a9fe436f92b82cac9a439d3) Importer(815301076,1909f56bfc062723c751e8b465ee728b) (PreviewImporter) -> (artifact id: 'ea7db1f1068a096cb19385666d933fa4') in 0.0422027 seconds
Number of updated asset objects reloaded before import = 0Number of asset objects unloaded after import = 5

========================================================================
Received Import Request.
  Time since last request: 0.435065 seconds.
  path: Assets/Pacotes/Sci Fi Modular Pack/Materials/Wall1.mat
  artifactKey: Guid(653ae6bfa02f4445bb4349fb2bf160e3) Importer(815301076,1909f56bfc062723c751e8b465ee728b)
Start importing Assets/Pacotes/Sci Fi Modular Pack/Materials/Wall1.mat using Guid(653ae6bfa02f4445bb4349fb2bf160e3) Importer(815301076,1909f56bfc062723c751e8b465ee728b) (PreviewImporter) -> (artifact id: '6acb7daae4e42143588d6b9388783e95') in 0.0428514 seconds
Number of updated asset objects reloaded before import = 0Number of asset objects unloaded after import = 5

========================================================================
Received Import Request.
  Time since last request: 0.000030 seconds.
  path: Assets/Pacotes/NatureStarterKit2/Standard Assets/Effects/ToonShading/Materials/ToonLit.mat
  artifactKey: Guid(c9e6294c9d11cb8d11006bf944295342) Importer(815301076,1909f56bfc062723c751e8b465ee728b)
Start importing Assets/Pacotes/NatureStarterKit2/Standard Assets/Effects/ToonShading/Materials/ToonLit.mat using Guid(c9e6294c9d11cb8d11006bf944295342) Importer(815301076,1909f56bfc062723c751e8b465ee728b) (PreviewImporter) -> (artifact id: '230760a5c2c723f28af9282d89721a5f') in 0.2517825 seconds
Number of updated asset objects reloaded before import = 0Number of asset objects unloaded after import = 2

========================================================================
Received Import Request.
  Time since last request: 0.177909 seconds.
  path: Assets/Pacotes/NatureStarterKit2/Standard Assets/Effects/ToonShading/Materials/ToonBasicOutline.mat
  artifactKey: Guid(215977489d11178d11005b9844295342) Importer(815301076,1909f56bfc062723c751e8b465ee728b)
Start importing Assets/Pacotes/NatureStarterKit2/Standard Assets/Effects/ToonShading/Materials/ToonBasicOutline.mat using Guid(215977489d11178d11005b9844295342) Importer(815301076,1909f56bfc062723c751e8b465ee728b) (PreviewImporter) -> (artifact id: '76f95b0851c168319bccb3524f5130ff') in 0.081135 seconds
Number of updated asset objects reloaded before import = 0Number of asset objects unloaded after import = 3

========================================================================
Received Import Request.
  Time since last request: 0.000037 seconds.
  path: Assets/Pacotes/NatureStarterKit2/Standard Assets/Effects/TessellationShaders/Materials/TesselatedBumpSpecularSmooth.mat
  artifactKey: Guid(06893cec523208643a91b7a393737700) Importer(815301076,1909f56bfc062723c751e8b465ee728b)
Start importing Assets/Pacotes/NatureStarterKit2/Standard Assets/Effects/TessellationShaders/Materials/TesselatedBumpSpecularSmooth.mat using Guid(06893cec523208643a91b7a393737700) Importer(815301076,1909f56bfc062723c751e8b465ee728b) (PreviewImporter) -> (artifact id: '9def42f3fcc8da556c9c9788281258a8') in 0.7390772 seconds
Number of updated asset objects reloaded before import = 0Number of asset objects unloaded after import = 1

========================================================================
Received Import Request.
  Time since last request: 0.000058 seconds.
  path: Assets/Pacotes/_Creepy_Cat/_3D Scifi Kit Starter Kit_HD/_Textures/_Skybox/Skybox.mat
  artifactKey: Guid(359b2cc48aa7c4f23a749d883a644ec9) Importer(815301076,1909f56bfc062723c751e8b465ee728b)
Start importing Assets/Pacotes/_Creepy_Cat/_3D Scifi Kit Starter Kit_HD/_Textures/_Skybox/Skybox.mat using Guid(359b2cc48aa7c4f23a749d883a644ec9) Importer(815301076,1909f56bfc062723c751e8b465ee728b) (PreviewImporter) -> (artifact id: '995bc542b8de1d55eef85c7f5410297b') in 0.0484213 seconds
Number of updated asset objects reloaded before import = 0Number of asset objects unloaded after import = 7

========================================================================
Received Import Request.
  Time since last request: 0.000035 seconds.
  path: Assets/Pacotes/_Creepy_Cat/_3D Scifi Kit Starter Kit_HD/Materials/_Others/Smoke.mat
  artifactKey: Guid(dbccf7877db7842e289b393d8dc3609f) Importer(815301076,1909f56bfc062723c751e8b465ee728b)
Start importing Assets/Pacotes/_Creepy_Cat/_3D Scifi Kit Starter Kit_HD/Materials/_Others/Smoke.mat using Guid(dbccf7877db7842e289b393d8dc3609f) Importer(815301076,1909f56bfc062723c751e8b465ee728b) (PreviewImporter) -> (artifact id: '7199070ac82854c1d7384c3ace60899c') in 0.0161636 seconds
Number of updated asset objects reloaded before import = 0Number of asset objects unloaded after import = 2

========================================================================
Received Import Request.
  Time since last request: 0.000027 seconds.
  path: Assets/Pacotes/_Creepy_Cat/_3D Scifi Kit Starter Kit_HD/Materials/_Others/Sun.mat
  artifactKey: Guid(69397bc9abdad44bbb7525596211e285) Importer(815301076,1909f56bfc062723c751e8b465ee728b)
Start importing Assets/Pacotes/_Creepy_Cat/_3D Scifi Kit Starter Kit_HD/Materials/_Others/Sun.mat using Guid(69397bc9abdad44bbb7525596211e285) Importer(815301076,1909f56bfc062723c751e8b465ee728b) (PreviewImporter) -> (artifact id: '0de4e9cd270d98418b655d7f82f292e7') in 0.022622 seconds
Number of updated asset objects reloaded before import = 0Number of asset objects unloaded after import = 2

========================================================================
Received Import Request.
  Time since last request: 0.000046 seconds.
  path: Assets/Pacotes/NatureStarterKit2/Standard Assets/Effects/TessellationShaders/Materials/TesselatedBumpSpecular.mat
  artifactKey: Guid(a3384ef3e2313034f9016ad8a1f3999f) Importer(815301076,1909f56bfc062723c751e8b465ee728b)
Start importing Assets/Pacotes/NatureStarterKit2/Standard Assets/Effects/TessellationShaders/Materials/TesselatedBumpSpecular.mat using Guid(a3384ef3e2313034f9016ad8a1f3999f) Importer(815301076,1909f56bfc062723c751e8b465ee728b) (PreviewImporter) -> (artifact id: 'adf59db947aa5e8b420331a616d3ff92') in 0.3110072 seconds
Number of updated asset objects reloaded before import = 0Number of asset objects unloaded after import = 2

========================================================================
Received Import Request.
  Time since last request: 0.000036 seconds.
  path: Assets/Pacotes/Sci Fi Modular Pack/Materials/SideFloor2.mat
  artifactKey: Guid(11a230e37283f4701bd9dd18afd11c9c) Importer(815301076,1909f56bfc062723c751e8b465ee728b)
Start importing Assets/Pacotes/Sci Fi Modular Pack/Materials/SideFloor2.mat using Guid(11a230e37283f4701bd9dd18afd11c9c) Importer(815301076,1909f56bfc062723c751e8b465ee728b) (PreviewImporter) -> (artifact id: 'd6e8d31243d9e69ed03b5125a2ed3876') in 0.0497816 seconds
Number of updated asset objects reloaded before import = 0Number of asset objects unloaded after import = 6

========================================================================
Received Import Request.
  Time since last request: 0.000061 seconds.
  path: Assets/Pacotes/NatureStarterKit2/Standard Assets/Effects/Projectors/Materials/ShadowProjector.mat
  artifactKey: Guid(e30ff3588e719f34bbf0c66f22d97487) Importer(815301076,1909f56bfc062723c751e8b465ee728b)
Start importing Assets/Pacotes/NatureStarterKit2/Standard Assets/Effects/Projectors/Materials/ShadowProjector.mat using Guid(e30ff3588e719f34bbf0c66f22d97487) Importer(815301076,1909f56bfc062723c751e8b465ee728b) (PreviewImporter) -> (artifact id: '53ef4d845001753c826301a5aceeb466') in 0.0308724 seconds
Number of updated asset objects reloaded before import = 0Number of asset objects unloaded after import = 3

========================================================================
Received Import Request.
  Time since last request: 0.759664 seconds.
  path: Assets/Pacotes/Sci-Fi Styled Modular Pack/Materials/screen.mat
  artifactKey: Guid(bf1464b84bb76b44abb088d5a41acfee) Importer(815301076,1909f56bfc062723c751e8b465ee728b)
Start importing Assets/Pacotes/Sci-Fi Styled Modular Pack/Materials/screen.mat using Guid(bf1464b84bb76b44abb088d5a41acfee) Importer(815301076,1909f56bfc062723c751e8b465ee728b) (PreviewImporter) -> (artifact id: 'e5e4ec514c03d43fcb46ccb7e6aa5d0c') in 0.0205663 seconds
Number of updated asset objects reloaded before import = 0Number of asset objects unloaded after import = 1

========================================================================
Received Import Request.
  Time since last request: 0.986134 seconds.
  path: Assets/Pacotes/Sci Fi Modular Pack/Materials/ProfileWindowVent.mat
  artifactKey: Guid(670ddabfd4373424a923eaa134fcc394) Importer(815301076,1909f56bfc062723c751e8b465ee728b)
Start importing Assets/Pacotes/Sci Fi Modular Pack/Materials/ProfileWindowVent.mat using Guid(670ddabfd4373424a923eaa134fcc394) Importer(815301076,1909f56bfc062723c751e8b465ee728b) (PreviewImporter) -> (artifact id: 'c50562ca35e21dbe23f6c06fa4db5b32') in 0.0571934 seconds
Number of updated asset objects reloaded before import = 0Number of asset objects unloaded after import = 5

========================================================================
Received Import Request.
  Time since last request: 0.365254 seconds.
  path: Assets/Pacotes/Sci Fi Modular Pack/Materials/ProfileWindowBar.mat
  artifactKey: Guid(7b04b14f49f7a406d9ec52c118163a73) Importer(815301076,1909f56bfc062723c751e8b465ee728b)
Start importing Assets/Pacotes/Sci Fi Modular Pack/Materials/ProfileWindowBar.mat using Guid(7b04b14f49f7a406d9ec52c118163a73) Importer(815301076,1909f56bfc062723c751e8b465ee728b) (PreviewImporter) -> (artifact id: '27957345f6c090ba61a65b141afe870d') in 0.0534595 seconds
Number of updated asset objects reloaded before import = 0Number of asset objects unloaded after import = 5

========================================================================
Received Import Request.
  Time since last request: 0.908008 seconds.
  path: Assets/Pacotes/Sci Fi Modular Pack/Materials/ProfileWindow.mat
  artifactKey: Guid(019a85c9b859f45188db6085216aafed) Importer(815301076,1909f56bfc062723c751e8b465ee728b)
Start importing Assets/Pacotes/Sci Fi Modular Pack/Materials/ProfileWindow.mat using Guid(019a85c9b859f45188db6085216aafed) Importer(815301076,1909f56bfc062723c751e8b465ee728b) (PreviewImporter) -> (artifact id: '527a401cbaab643a1dbac4eb9a215713') in 0.0655133 seconds
Number of updated asset objects reloaded before import = 0Number of asset objects unloaded after import = 6

========================================================================
Received Import Request.
  Time since last request: 0.013430 seconds.
  path: Assets/Pacotes/Sci Fi Modular Pack/Materials/ProfileEnd.mat
  artifactKey: Guid(2a75396521bdb4051a0eac381d767954) Importer(815301076,1909f56bfc062723c751e8b465ee728b)
Start importing Assets/Pacotes/Sci Fi Modular Pack/Materials/ProfileEnd.mat using Guid(2a75396521bdb4051a0eac381d767954) Importer(815301076,1909f56bfc062723c751e8b465ee728b) (PreviewImporter) -> (artifact id: '1c0efce1400f7b427cf6c23ce7267b1f') in 0.0462985 seconds
Number of updated asset objects reloaded before import = 0Number of asset objects unloaded after import = 5

========================================================================
Received Import Request.
  Time since last request: 0.015258 seconds.
  path: Assets/Pacotes/Sci Fi Modular Pack/Materials/Profile1.mat
  artifactKey: Guid(9cb2930c9a4414150b9f11ac98bac990) Importer(815301076,1909f56bfc062723c751e8b465ee728b)
Start importing Assets/Pacotes/Sci Fi Modular Pack/Materials/Profile1.mat using Guid(9cb2930c9a4414150b9f11ac98bac990) Importer(815301076,1909f56bfc062723c751e8b465ee728b) (PreviewImporter) -> (artifact id: '002d5fa943cac28de341c1ebdf875812') in 0.0436135 seconds
Number of updated asset objects reloaded before import = 0Number of asset objects unloaded after import = 5

========================================================================
Received Import Request.
  Time since last request: 2.879882 seconds.
  path: Assets/Pacotes/Sci-Fi Styled Modular Pack/Materials/nature_leaves.mat
  artifactKey: Guid(5d84bcb5cc458944085f3169d277536d) Importer(815301076,1909f56bfc062723c751e8b465ee728b)
Start importing Assets/Pacotes/Sci-Fi Styled Modular Pack/Materials/nature_leaves.mat using Guid(5d84bcb5cc458944085f3169d277536d) Importer(815301076,1909f56bfc062723c751e8b465ee728b) (PreviewImporter) -> (artifact id: '2e92fe6c6e2324540b62e3b8905f3598') in 0.2027931 seconds
Number of updated asset objects reloaded before import = 0Number of asset objects unloaded after import = 2

========================================================================
Received Import Request.
  Time since last request: 1.097049 seconds.
  path: Assets/Pacotes/SciFi_Space_Soldier/Resources/Weapons/Rifle/Materials/M_Weapon_Rifle_C.mat
  artifactKey: Guid(3d2595c56f4971940887d32a5abace2f) Importer(815301076,1909f56bfc062723c751e8b465ee728b)
Start importing Assets/Pacotes/SciFi_Space_Soldier/Resources/Weapons/Rifle/Materials/M_Weapon_Rifle_C.mat using Guid(3d2595c56f4971940887d32a5abace2f) Importer(815301076,1909f56bfc062723c751e8b465ee728b) (PreviewImporter) -> (artifact id: '1ffd24466e012a70fb5fb337a6b158cd') in 0.0412558 seconds
Number of updated asset objects reloaded before import = 0Number of asset objects unloaded after import = 6

========================================================================
Received Import Request.
  Time since last request: 0.000031 seconds.
  path: Assets/Pacotes/SciFi_Space_Soldier/Resources/Weapons/Rifle/Materials/M_Weapon_Rifle_A.mat
  artifactKey: Guid(5bd349b194141c243b60e9e5918d3fd6) Importer(815301076,1909f56bfc062723c751e8b465ee728b)
Start importing Assets/Pacotes/SciFi_Space_Soldier/Resources/Weapons/Rifle/Materials/M_Weapon_Rifle_A.mat using Guid(5bd349b194141c243b60e9e5918d3fd6) Importer(815301076,1909f56bfc062723c751e8b465ee728b) (PreviewImporter) -> (artifact id: 'a7dcb64c0e3b5831d38802028c3938a8') in 0.0265045 seconds
Number of updated asset objects reloaded before import = 0Number of asset objects unloaded after import = 5

========================================================================
Received Import Request.
  Time since last request: 1.577700 seconds.
  path: Assets/Pacotes/Sci Fi Modular Pack/Materials/Light2.mat
  artifactKey: Guid(08cdeb4852bec441bb600fa711ff2a98) Importer(815301076,1909f56bfc062723c751e8b465ee728b)
Start importing Assets/Pacotes/Sci Fi Modular Pack/Materials/Light2.mat using Guid(08cdeb4852bec441bb600fa711ff2a98) Importer(815301076,1909f56bfc062723c751e8b465ee728b) (PreviewImporter) -> (artifact id: '463679bc3644c8fbd0b0bb6d336c0098') in 0.049213 seconds
Number of updated asset objects reloaded before import = 0Number of asset objects unloaded after import = 5

========================================================================
Received Import Request.
  Time since last request: 0.000031 seconds.
  path: Assets/Pacotes/_Creepy_Cat/_3D Scifi Kit Starter Kit_HD/Materials/HD_Wall_05_Norm.mat
  artifactKey: Guid(0f5ba5c401d5a4b5e936cae816d8953b) Importer(815301076,1909f56bfc062723c751e8b465ee728b)
Start importing Assets/Pacotes/_Creepy_Cat/_3D Scifi Kit Starter Kit_HD/Materials/HD_Wall_05_Norm.mat using Guid(0f5ba5c401d5a4b5e936cae816d8953b) Importer(815301076,1909f56bfc062723c751e8b465ee728b) (PreviewImporter) -> (artifact id: 'a6d3bfc7e1e93edec56615fb0c5c8f1c') in 0.040671 seconds
Number of updated asset objects reloaded before import = 0Number of asset objects unloaded after import = 5

========================================================================
Received Import Request.
  Time since last request: 0.000033 seconds.
  path: Assets/Pacotes/_Creepy_Cat/_3D Scifi Kit Starter Kit_HD/Materials/HD_Wall_10_Norm.mat
  artifactKey: Guid(6c9fbaf90b5cb4d59a7da862394e23b3) Importer(815301076,1909f56bfc062723c751e8b465ee728b)
Start importing Assets/Pacotes/_Creepy_Cat/_3D Scifi Kit Starter Kit_HD/Materials/HD_Wall_10_Norm.mat using Guid(6c9fbaf90b5cb4d59a7da862394e23b3) Importer(815301076,1909f56bfc062723c751e8b465ee728b) (PreviewImporter) -> (artifact id: '5bb40917fe99ad2d914e3197d6a06b34') in 0.1392717 seconds
Number of updated asset objects reloaded before import = 0Number of asset objects unloaded after import = 6

========================================================================
Received Import Request.
  Time since last request: 0.000044 seconds.
  path: Assets/Pacotes/_Creepy_Cat/_3D Scifi Kit Starter Kit_HD/Materials/HD_Wall_08_Norm.mat
  artifactKey: Guid(5ad07c5b622a146b7849af51853d43f9) Importer(815301076,1909f56bfc062723c751e8b465ee728b)
Start importing Assets/Pacotes/_Creepy_Cat/_3D Scifi Kit Starter Kit_HD/Materials/HD_Wall_08_Norm.mat using Guid(5ad07c5b622a146b7849af51853d43f9) Importer(815301076,1909f56bfc062723c751e8b465ee728b) (PreviewImporter) -> (artifact id: 'b1be5275f87189257192cdbfa4fa6d86') in 0.1365573 seconds
Number of updated asset objects reloaded before import = 0Number of asset objects unloaded after import = 6

========================================================================
Received Import Request.
  Time since last request: 0.000049 seconds.
  path: Assets/Pacotes/_Creepy_Cat/_3D Scifi Kit Starter Kit_HD/Materials/HD_Wall_11_Norm.mat
  artifactKey: Guid(404deb87e2d654fbeb620af9c9138179) Importer(815301076,1909f56bfc062723c751e8b465ee728b)
Start importing Assets/Pacotes/_Creepy_Cat/_3D Scifi Kit Starter Kit_HD/Materials/HD_Wall_11_Norm.mat using Guid(404deb87e2d654fbeb620af9c9138179) Importer(815301076,1909f56bfc062723c751e8b465ee728b) (PreviewImporter) -> (artifact id: '01cf398fd115f611d44bc08ebc64bc32') in 0.0442355 seconds
Number of updated asset objects reloaded before import = 0Number of asset objects unloaded after import = 6

========================================================================
Received Import Request.
  Time since last request: 0.000034 seconds.
  path: Assets/Pacotes/_Creepy_Cat/_3D Scifi Kit Starter Kit_HD/Materials/HD_Wall_06_Norm.mat
  artifactKey: Guid(e10aeb3d86cb2484c985acc43f2dc369) Importer(815301076,1909f56bfc062723c751e8b465ee728b)
Start importing Assets/Pacotes/_Creepy_Cat/_3D Scifi Kit Starter Kit_HD/Materials/HD_Wall_06_Norm.mat using Guid(e10aeb3d86cb2484c985acc43f2dc369) Importer(815301076,1909f56bfc062723c751e8b465ee728b) (PreviewImporter) -> (artifact id: 'e9d8d0868f6abe9287a54031660c2db9') in 0.1455485 seconds
Number of updated asset objects reloaded before import = 0Number of asset objects unloaded after import = 6

========================================================================
Received Import Request.
  Time since last request: 0.000033 seconds.
  path: Assets/Aligned Games/Polygonal Post Apocalyptic Urban Ruins Asset Package/Materials/atlass_1.mat
  artifactKey: Guid(85e89f3b829c70a4a85a798f89bd18ed) Importer(815301076,1909f56bfc062723c751e8b465ee728b)
Start importing Assets/Aligned Games/Polygonal Post Apocalyptic Urban Ruins Asset Package/Materials/atlass_1.mat using Guid(85e89f3b829c70a4a85a798f89bd18ed) Importer(815301076,1909f56bfc062723c751e8b465ee728b) (PreviewImporter) -> (artifact id: 'a7fc1df6b2979e530b0dfa934ada962d') in 0.3747874 seconds
Number of updated asset objects reloaded before import = 0Number of asset objects unloaded after import = 2

========================================================================
Received Import Request.
  Time since last request: 0.610886 seconds.
  path: Assets/Pacotes/Forst/Conifers [BOTD]/Render Pipeline Support/BIRP/Sources/Billboards/Conifer Tall_BillboardMaterial.mat
  artifactKey: Guid(cb64c4536ee5b445783c428f4a53af1c) Importer(815301076,1909f56bfc062723c751e8b465ee728b)
Start importing Assets/Pacotes/Forst/Conifers [BOTD]/Render Pipeline Support/BIRP/Sources/Billboards/Conifer Tall_BillboardMaterial.mat using Guid(cb64c4536ee5b445783c428f4a53af1c) Importer(815301076,1909f56bfc062723c751e8b465ee728b) (PreviewImporter) -> (artifact id: '9ef53b0a50e02aa0973ef883af5ba4d8') in 0.2898964 seconds
Number of updated asset objects reloaded before import = 0Number of asset objects unloaded after import = 3

========================================================================
Received Import Request.
  Time since last request: 687.416506 seconds.
  path: Assets/Pacotes/DBK/Textures/Rebar/DBK_Rebar_NM.tga
  artifactKey: Guid(025f906ac54c33c41aa39ba2f05df651) Importer(815301076,1909f56bfc062723c751e8b465ee728b)
Start importing Assets/Pacotes/DBK/Textures/Rebar/DBK_Rebar_NM.tga using Guid(025f906ac54c33c41aa39ba2f05df651) Importer(815301076,1909f56bfc062723c751e8b465ee728b) (PreviewImporter) -> (artifact id: '52fade2727c5abde183415580064e207') in 0.0318304 seconds
Number of updated asset objects reloaded before import = 0Number of asset objects unloaded after import = 2

========================================================================
Received Import Request.
  Time since last request: 19.001672 seconds.
  path: Assets/Pacotes/DBK/CombinedMesh/DBK_Demo_Building/Mesh_DBK_Concrete_-40524.asset
  artifactKey: Guid(47f886deeb9300b42860fbddc0d1aae0) Importer(815301076,1909f56bfc062723c751e8b465ee728b)
Start importing Assets/Pacotes/DBK/CombinedMesh/DBK_Demo_Building/Mesh_DBK_Concrete_-40524.asset using Guid(47f886deeb9300b42860fbddc0d1aae0) Importer(815301076,1909f56bfc062723c751e8b465ee728b) (PreviewImporter) -> (artifact id: '642b39b97e0570e3f26e59049f81caa3') in 0.0599076 seconds
Number of updated asset objects reloaded before import = 0Number of asset objects unloaded after import = 2

========================================================================
Received Import Request.
  Time since last request: 0.019596 seconds.
  path: Assets/Pacotes/DBK/CombinedMesh/DBK_Demo_Building/Mesh_DBK_Rebar_-40254.asset
  artifactKey: Guid(0ca20d7464818d5449598927240a3d9e) Importer(815301076,1909f56bfc062723c751e8b465ee728b)
Start importing Assets/Pacotes/DBK/CombinedMesh/DBK_Demo_Building/Mesh_DBK_Rebar_-40254.asset using Guid(0ca20d7464818d5449598927240a3d9e) Importer(815301076,1909f56bfc062723c751e8b465ee728b) (PreviewImporter) -> (artifact id: '5100952ece558369c4ba9d144f2cea94') in 0.0221386 seconds
Number of updated asset objects reloaded before import = 0Number of asset objects unloaded after import = 2

========================================================================
Received Import Request.
  Time since last request: 0.000034 seconds.
  path: Assets/Pacotes/DBK/CombinedMesh/DBK_Demo_Building/Mesh_DBK_Concrete_-40662.asset
  artifactKey: Guid(8986ae0c028178e48bc3f7190d398b3a) Importer(815301076,1909f56bfc062723c751e8b465ee728b)
Start importing Assets/Pacotes/DBK/CombinedMesh/DBK_Demo_Building/Mesh_DBK_Concrete_-40662.asset using Guid(8986ae0c028178e48bc3f7190d398b3a) Importer(815301076,1909f56bfc062723c751e8b465ee728b) (PreviewImporter) -> (artifact id: '46194f13657b1a3069faa0fe5e34f8be') in 0.02461 seconds
Number of updated asset objects reloaded before import = 0Number of asset objects unloaded after import = 2

========================================================================
Received Import Request.
  Time since last request: 0.000031 seconds.
  path: Assets/Pacotes/DBK/CombinedMesh/DBK_Demo_Building/Mesh_DBK_Rebar_-41036.asset
  artifactKey: Guid(4baadd2c39bf5944a8251420b01086e5) Importer(815301076,1909f56bfc062723c751e8b465ee728b)
Start importing Assets/Pacotes/DBK/CombinedMesh/DBK_Demo_Building/Mesh_DBK_Rebar_-41036.asset using Guid(4baadd2c39bf5944a8251420b01086e5) Importer(815301076,1909f56bfc062723c751e8b465ee728b) (PreviewImporter) -> (artifact id: '7bb9114a27084b4ebde68d29010c8d19') in 0.0257237 seconds
Number of updated asset objects reloaded before import = 0Number of asset objects unloaded after import = 2

========================================================================
Received Import Request.
  Time since last request: 0.000036 seconds.
  path: Assets/Pacotes/DBK/CombinedMesh/DBK_Demo_Building/Mesh_DBK_Concrete_-40984.asset
  artifactKey: Guid(96a73e0e0f207a94e8dcdf9dad8d22e0) Importer(815301076,1909f56bfc062723c751e8b465ee728b)
Start importing Assets/Pacotes/DBK/CombinedMesh/DBK_Demo_Building/Mesh_DBK_Concrete_-40984.asset using Guid(96a73e0e0f207a94e8dcdf9dad8d22e0) Importer(815301076,1909f56bfc062723c751e8b465ee728b) (PreviewImporter) -> (artifact id: '0084a7c95639ac31875a6cfb9b26d054') in 0.0273184 seconds
Number of updated asset objects reloaded before import = 0Number of asset objects unloaded after import = 2

========================================================================
Received Import Request.
  Time since last request: 39.529015 seconds.
  path: Assets/Pacotes/Wolf_Animated/Textures/Wolf_normal.tga
  artifactKey: Guid(c5c5c0786c6122d4fb5ba726d1429e0f) Importer(815301076,1909f56bfc062723c751e8b465ee728b)
Start importing Assets/Pacotes/Wolf_Animated/Textures/Wolf_normal.tga using Guid(c5c5c0786c6122d4fb5ba726d1429e0f) Importer(815301076,1909f56bfc062723c751e8b465ee728b) (PreviewImporter) -> (artifact id: 'e5c1a613cd1aed1d0a01baaf7aac1c02') in 0.0198501 seconds
Number of updated asset objects reloaded before import = 0Number of asset objects unloaded after import = 2

========================================================================
Received Import Request.
  Time since last request: 33.299490 seconds.
  path: Assets/Pacotes/Decrepit Dungeon LITE/Meshes/Decals.fbx
  artifactKey: Guid(31e01063660b8bb42bc039ae91e2e6d4) Importer(815301076,1909f56bfc062723c751e8b465ee728b)
Start importing Assets/Pacotes/Decrepit Dungeon LITE/Meshes/Decals.fbx using Guid(31e01063660b8bb42bc039ae91e2e6d4) Importer(815301076,1909f56bfc062723c751e8b465ee728b) (PreviewImporter) -> (artifact id: 'fdb05a80fbc5c89fd578e1714fd71d4d') in 0.4217137 seconds
Number of updated asset objects reloaded before import = 0Number of asset objects unloaded after import = 96

========================================================================
Received Import Request.
  Time since last request: 0.000042 seconds.
  path: Assets/Pacotes/Decrepit Dungeon LITE/Meshes/Doors.fbx
  artifactKey: Guid(c2155ffe2a264a143a77825d2c95977d) Importer(815301076,1909f56bfc062723c751e8b465ee728b)
Start importing Assets/Pacotes/Decrepit Dungeon LITE/Meshes/Doors.fbx using Guid(c2155ffe2a264a143a77825d2c95977d) Importer(815301076,1909f56bfc062723c751e8b465ee728b) (PreviewImporter) -> (artifact id: '5c15e79cce06b22a8a82a22745011e86') in 0.1317785 seconds
Number of updated asset objects reloaded before import = 0Number of asset objects unloaded after import = 70

========================================================================
Received Import Request.
  Time since last request: 0.000048 seconds.
  path: Assets/Pacotes/Decrepit Dungeon LITE/Meshes/Pillars.fbx
  artifactKey: Guid(8e32c35cdca5d9f4b95e36a496a3b596) Importer(815301076,1909f56bfc062723c751e8b465ee728b)
Start importing Assets/Pacotes/Decrepit Dungeon LITE/Meshes/Pillars.fbx using Guid(8e32c35cdca5d9f4b95e36a496a3b596) Importer(815301076,1909f56bfc062723c751e8b465ee728b) (PreviewImporter) -> (artifact id: 'be2b122772ea25346e29c330b1b6914e') in 0.1207751 seconds
Number of updated asset objects reloaded before import = 0Number of asset objects unloaded after import = 56

========================================================================
Received Import Request.
  Time since last request: 0.000035 seconds.
  path: Assets/Pacotes/Decrepit Dungeon LITE/Meshes/Props.fbx
  artifactKey: Guid(fd75e63c14c4540438372a6844af68b6) Importer(815301076,1909f56bfc062723c751e8b465ee728b)
Start importing Assets/Pacotes/Decrepit Dungeon LITE/Meshes/Props.fbx using Guid(fd75e63c14c4540438372a6844af68b6) Importer(815301076,1909f56bfc062723c751e8b465ee728b) (PreviewImporter) -> (artifact id: '217c5728c0b2c7bdad06c212c65e75cb') in 1.3712361 seconds
Number of updated asset objects reloaded before import = 0Number of asset objects unloaded after import = 948

Editor requested this worker to shutdown with reason: Scaling down because of idle timeout
AssetImportWorker is now disconnected from the server
Process exiting
Exiting without the bug reporter. Application will terminate with return code 0